#
# There is insufficient memory for the Java Runtime Environment to continue.
# Native memory allocation (malloc) failed to allocate 964256 bytes. Error detail: Chunk::new
# Possible reasons:
#   The system is out of physical RAM or swap space
#   This process is running with CompressedOops enabled, and the Java Heap may be blocking the growth of the native heap
# Possible solutions:
#   Reduce memory load on the system
#   Increase physical memory or swap space
#   Check if swap backing store is full
#   Decrease Java heap size (-Xmx/-Xms)
#   Decrease number of Java threads
#   Decrease Java thread stack sizes (-Xss)
#   Set larger code cache with -XX:ReservedCodeCacheSize=
#   JVM is running with Unscaled Compressed Oops mode in which the Java heap is
#     placed in the first 4GB address space. The Java Heap base address is the
#     maximum limit for the native heap growth. Please use -XX:HeapBaseMinAddress
#     to set the Java Heap base and to place the Java Heap above 4GB virtual address.
# This output file may be truncated or incomplete.
#
#  Out of Memory Error (arena.cpp:168), pid=13704, tid=8952
#
# JRE version: OpenJDK Runtime Environment (21.0.8) (build 21.0.8+-14196175-b1038.72)
# Java VM: OpenJDK 64-Bit Server VM (21.0.8+-14196175-b1038.72, mixed mode, tiered, compressed oops, compressed class ptrs, g1 gc, windows-amd64)
# No core dump will be written. Minidumps are not enabled by default on client versions of Windows
#

---------------  S U M M A R Y ------------

Command Line: --add-opens=java.base/java.lang=ALL-UNNAMED --add-opens=java.base/java.lang.invoke=ALL-UNNAMED --add-opens=java.base/java.util=ALL-UNNAMED --add-opens=java.prefs/java.util.prefs=ALL-UNNAMED --add-exports=jdk.compiler/com.sun.tools.javac.api=ALL-UNNAMED --add-exports=jdk.compiler/com.sun.tools.javac.util=ALL-UNNAMED --add-opens=java.base/java.util=ALL-UNNAMED --add-opens=java.prefs/java.util.prefs=ALL-UNNAMED --add-opens=java.base/java.nio.charset=ALL-UNNAMED --add-opens=java.base/java.net=ALL-UNNAMED --add-opens=java.base/java.util.concurrent.atomic=ALL-UNNAMED --add-opens=java.xml/javax.xml.namespace=ALL-UNNAMED -Xmx2048m -Dfile.encoding=UTF-8 -Duser.country=BR -Duser.language=pt -Duser.variant -javaagent:C:\Users\produ\.gradle\wrapper\dists\gradle-8.13-bin\5xuhj0ry160q40clulazy9h7d\gradle-8.13\lib\agents\gradle-instrumentation-agent-8.13.jar org.gradle.launcher.daemon.bootstrap.GradleDaemon 8.13

Host: 12th Gen Intel(R) Core(TM) i3-1215U, 8 cores, 3G,  Windows 11 , 64 bit Build 26100 (10.0.26100.6725)
Time: Thu Oct 30 23:28:07 2025 Hora Padrão de Caracas elapsed time: 13.753684 seconds (0d 0h 0m 13s)

---------------  T H R E A D  ---------------

Current thread (0x000001eafc846970):  JavaThread "C2 CompilerThread0" daemon [_thread_in_native, id=8952, stack(0x000000c4e9300000,0x000000c4e9400000) (1024K)]


Current CompileTask:
C2:13755 6510   !   4       sun.reflect.annotation.AnnotationParser::parseAnnotations (37 bytes)

Stack: [0x000000c4e9300000,0x000000c4e9400000]
Native frames: (J=compiled Java code, j=interpreted, Vv=VM code, C=native code)
V  [jvm.dll+0x6d68d9]
V  [jvm.dll+0x866693]
V  [jvm.dll+0x868c4e]
V  [jvm.dll+0x869333]
V  [jvm.dll+0x280566]
V  [jvm.dll+0xc07cd]
V  [jvm.dll+0xc0d03]
V  [jvm.dll+0x2f5970]
V  [jvm.dll+0x5ff719]
V  [jvm.dll+0x252362]
V  [jvm.dll+0x25271f]
V  [jvm.dll+0x24aec5]
V  [jvm.dll+0x24871e]
V  [jvm.dll+0x1c73a4]
V  [jvm.dll+0x257f9e]
V  [jvm.dll+0x2564e6]
V  [jvm.dll+0x3f4696]
V  [jvm.dll+0x80eac8]
V  [jvm.dll+0x6d512d]
C  [ucrtbase.dll+0x37b0]
C  [KERNEL32.DLL+0x2e8d7]
C  [ntdll.dll+0x8c53c]


---------------  P R O C E S S  ---------------

Threads class SMR info:
_java_thread_list=0x000001ea94c6db90, length=58, elements={
0x000001eaf1a252c0, 0x000001eafc80cef0, 0x000001eafc811f20, 0x000001eafc823f20,
0x000001eafc838110, 0x000001eafc838b70, 0x000001eafc8395d0, 0x000001eafc8429a0,
0x000001eafc846970, 0x000001eafc84b560, 0x000001eafcb53680, 0x000001eafdbf9060,
0x000001eafe426750, 0x000001eafdb6f6c0, 0x000001eafe522410, 0x000001eafd6091f0,
0x000001eafcc22410, 0x000001eafe60c1f0, 0x000001eafe605500, 0x000001eafe602080,
0x000001eafe604150, 0x000001eafe603ac0, 0x000001eafe603430, 0x000001eafe6047e0,
0x000001eafe602da0, 0x000001eafe602710, 0x000001ea939b1100, 0x000001ea939b1e20,
0x000001ea939afd50, 0x000001ea939b0a70, 0x000001ea939b03e0, 0x000001ea939b1790,
0x000001ea939b24b0, 0x000001ea939af6c0, 0x000001ea939af030, 0x000001ea939b3ef0,
0x000001ea939b52a0, 0x000001ea939b5fc0, 0x000001ea939b5930, 0x000001ea939b2b40,
0x000001ea93d4bb30, 0x000001ea93d49a60, 0x000001ea93d4a0f0, 0x000001ea93d48d40,
0x000001ea93d4ae10, 0x000001ea93d4c1c0, 0x000001ea93d493d0, 0x000001ea93d4b4a0,
0x000001eaff2a7d10, 0x000001eaff2a62d0, 0x000001eaff2a8a30, 0x000001eaff2a7680,
0x000001eaff2a9750, 0x000001eaff2a6960, 0x000001eaff2a6ff0, 0x000001eaff2a83a0,
0x000001eaff2a90c0, 0x000001ea94f55da0
}

Java Threads: ( => current thread )
  0x000001eaf1a252c0 JavaThread "main"                              [_thread_blocked, id=16912, stack(0x000000c4e8400000,0x000000c4e8500000) (1024K)]
  0x000001eafc80cef0 JavaThread "Common-Cleaner"             daemon [_thread_blocked, id=4976, stack(0x000000c4e8c00000,0x000000c4e8d00000) (1024K)]
  0x000001eafc811f20 JavaThread "Reference Handler"          daemon [_thread_blocked, id=5564, stack(0x000000c4e8d00000,0x000000c4e8e00000) (1024K)]
  0x000001eafc823f20 JavaThread "Finalizer"                  daemon [_thread_blocked, id=4716, stack(0x000000c4e8e00000,0x000000c4e8f00000) (1024K)]
  0x000001eafc838110 JavaThread "Signal Dispatcher"          daemon [_thread_blocked, id=15520, stack(0x000000c4e8f00000,0x000000c4e9000000) (1024K)]
  0x000001eafc838b70 JavaThread "Attach Listener"            daemon [_thread_blocked, id=15184, stack(0x000000c4e9000000,0x000000c4e9100000) (1024K)]
  0x000001eafc8395d0 JavaThread "Service Thread"             daemon [_thread_blocked, id=10756, stack(0x000000c4e9100000,0x000000c4e9200000) (1024K)]
  0x000001eafc8429a0 JavaThread "Monitor Deflation Thread"   daemon [_thread_blocked, id=18564, stack(0x000000c4e9200000,0x000000c4e9300000) (1024K)]
=>0x000001eafc846970 JavaThread "C2 CompilerThread0"         daemon [_thread_in_native, id=8952, stack(0x000000c4e9300000,0x000000c4e9400000) (1024K)]
  0x000001eafc84b560 JavaThread "C1 CompilerThread0"         daemon [_thread_blocked, id=19144, stack(0x000000c4e9400000,0x000000c4e9500000) (1024K)]
  0x000001eafcb53680 JavaThread "Notification Thread"        daemon [_thread_blocked, id=10596, stack(0x000000c4e9500000,0x000000c4e9600000) (1024K)]
  0x000001eafdbf9060 JavaThread "Daemon health stats"               [_thread_blocked, id=14936, stack(0x000000c4e9a00000,0x000000c4e9b00000) (1024K)]
  0x000001eafe426750 JavaThread "Incoming local TCP Connector on port 51648"        [_thread_in_native, id=4892, stack(0x000000c4e9e00000,0x000000c4e9f00000) (1024K)]
  0x000001eafdb6f6c0 JavaThread "Daemon periodic checks"            [_thread_blocked, id=7548, stack(0x000000c4e9f00000,0x000000c4ea000000) (1024K)]
  0x000001eafe522410 JavaThread "Daemon"                            [_thread_blocked, id=14316, stack(0x000000c4ea000000,0x000000c4ea100000) (1024K)]
  0x000001eafd6091f0 JavaThread "Handler for socket connection from /127.0.0.1:51648 to /127.0.0.1:51649"        [_thread_in_native, id=3836, stack(0x000000c4ea100000,0x000000c4ea200000) (1024K)]
  0x000001eafcc22410 JavaThread "Cancel handler"                    [_thread_blocked, id=12164, stack(0x000000c4ea200000,0x000000c4ea300000) (1024K)]
  0x000001eafe60c1f0 JavaThread "Daemon worker"                     [_thread_in_vm, id=752, stack(0x000000c4ea300000,0x000000c4ea400000) (1024K)]
  0x000001eafe605500 JavaThread "Asynchronous log dispatcher for DefaultDaemonConnection: socket connection from /127.0.0.1:51648 to /127.0.0.1:51649"        [_thread_blocked, id=16948, stack(0x000000c4ea400000,0x000000c4ea500000) (1024K)]
  0x000001eafe602080 JavaThread "Stdin handler"                     [_thread_blocked, id=13456, stack(0x000000c4ea600000,0x000000c4ea700000) (1024K)]
  0x000001eafe604150 JavaThread "Daemon client event forwarder"        [_thread_blocked, id=5536, stack(0x000000c4ea700000,0x000000c4ea800000) (1024K)]
  0x000001eafe603ac0 JavaThread "Cache worker for journal cache (C:\Users\produ\.gradle\caches\journal-1)"        [_thread_blocked, id=12504, stack(0x000000c4ea800000,0x000000c4ea900000) (1024K)]
  0x000001eafe603430 JavaThread "File lock request listener"        [_thread_in_native, id=13164, stack(0x000000c4ea900000,0x000000c4eaa00000) (1024K)]
  0x000001eafe6047e0 JavaThread "Cache worker for file hash cache (C:\Users\produ\.gradle\caches\8.13\fileHashes)"        [_thread_blocked, id=15528, stack(0x000000c4eaa00000,0x000000c4eab00000) (1024K)]
  0x000001eafe602da0 JavaThread "Cache worker for file hash cache (C:\Users\produ\AndroidStudioProjects\EndorPlayer\.gradle\8.13\fileHashes)"        [_thread_blocked, id=11084, stack(0x000000c4eab00000,0x000000c4eac00000) (1024K)]
  0x000001eafe602710 JavaThread "Cache worker for Build Output Cleanup Cache (C:\Users\produ\AndroidStudioProjects\EndorPlayer\.gradle\buildOutputCleanup)"        [_thread_blocked, id=16004, stack(0x000000c4eac00000,0x000000c4ead00000) (1024K)]
  0x000001ea939b1100 JavaThread "File watcher server"        daemon [_thread_in_native, id=1428, stack(0x000000c4ead00000,0x000000c4eae00000) (1024K)]
  0x000001ea939b1e20 JavaThread "File watcher consumer"      daemon [_thread_blocked, id=16892, stack(0x000000c4eae00000,0x000000c4eaf00000) (1024K)]
  0x000001ea939afd50 JavaThread "jar transforms"                    [_thread_blocked, id=11340, stack(0x000000c4eaf00000,0x000000c4eb000000) (1024K)]
  0x000001ea939b0a70 JavaThread "jar transforms Thread 2"           [_thread_blocked, id=5328, stack(0x000000c4eb000000,0x000000c4eb100000) (1024K)]
  0x000001ea939b03e0 JavaThread "jar transforms Thread 3"           [_thread_blocked, id=16172, stack(0x000000c4eb100000,0x000000c4eb200000) (1024K)]
  0x000001ea939b1790 JavaThread "jar transforms Thread 4"           [_thread_blocked, id=3156, stack(0x000000c4eb200000,0x000000c4eb300000) (1024K)]
  0x000001ea939b24b0 JavaThread "jar transforms Thread 5"           [_thread_blocked, id=11028, stack(0x000000c4eb300000,0x000000c4eb400000) (1024K)]
  0x000001ea939af6c0 JavaThread "jar transforms Thread 6"           [_thread_blocked, id=15932, stack(0x000000c4eb400000,0x000000c4eb500000) (1024K)]
  0x000001ea939af030 JavaThread "jar transforms Thread 7"           [_thread_blocked, id=2952, stack(0x000000c4eb500000,0x000000c4eb600000) (1024K)]
  0x000001ea939b3ef0 JavaThread "jar transforms Thread 8"           [_thread_blocked, id=11780, stack(0x000000c4eb600000,0x000000c4eb700000) (1024K)]
  0x000001ea939b52a0 JavaThread "Cache worker for checksums cache (C:\Users\produ\AndroidStudioProjects\EndorPlayer\.gradle\8.13\checksums)"        [_thread_blocked, id=7956, stack(0x000000c4eb700000,0x000000c4eb800000) (1024K)]
  0x000001ea939b5fc0 JavaThread "Cache worker for file content cache (C:\Users\produ\.gradle\caches\8.13\fileContent)"        [_thread_blocked, id=12408, stack(0x000000c4eb800000,0x000000c4eb900000) (1024K)]
  0x000001ea939b5930 JavaThread "Cache worker for cache directory md-supplier (C:\Users\produ\.gradle\caches\8.13\md-supplier)"        [_thread_blocked, id=2644, stack(0x000000c4eba00000,0x000000c4ebb00000) (1024K)]
  0x000001ea939b2b40 JavaThread "Cache worker for cache directory md-rule (C:\Users\produ\.gradle\caches\8.13\md-rule)"        [_thread_blocked, id=17012, stack(0x000000c4ebb00000,0x000000c4ebc00000) (1024K)]
  0x000001ea93d4bb30 JavaThread "Unconstrained build operations"        [_thread_blocked, id=1596, stack(0x000000c4ebc00000,0x000000c4ebd00000) (1024K)]
  0x000001ea93d49a60 JavaThread "Unconstrained build operations Thread 2"        [_thread_blocked, id=16212, stack(0x000000c4ebd00000,0x000000c4ebe00000) (1024K)]
  0x000001ea93d4a0f0 JavaThread "Unconstrained build operations Thread 3"        [_thread_blocked, id=16672, stack(0x000000c4ebe00000,0x000000c4ebf00000) (1024K)]
  0x000001ea93d48d40 JavaThread "Unconstrained build operations Thread 4"        [_thread_blocked, id=6308, stack(0x000000c4ebf00000,0x000000c4ec000000) (1024K)]
  0x000001ea93d4ae10 JavaThread "Unconstrained build operations Thread 5"        [_thread_blocked, id=18040, stack(0x000000c4ec000000,0x000000c4ec100000) (1024K)]
  0x000001ea93d4c1c0 JavaThread "Unconstrained build operations Thread 6"        [_thread_blocked, id=13652, stack(0x000000c4ec100000,0x000000c4ec200000) (1024K)]
  0x000001ea93d493d0 JavaThread "Unconstrained build operations Thread 7"        [_thread_blocked, id=14020, stack(0x000000c4ec200000,0x000000c4ec300000) (1024K)]
  0x000001ea93d4b4a0 JavaThread "Unconstrained build operations Thread 8"        [_thread_blocked, id=1212, stack(0x000000c4ec300000,0x000000c4ec400000) (1024K)]
  0x000001eaff2a7d10 JavaThread "Unconstrained build operations Thread 9"        [_thread_blocked, id=16096, stack(0x000000c4ec400000,0x000000c4ec500000) (1024K)]
  0x000001eaff2a62d0 JavaThread "Unconstrained build operations Thread 10"        [_thread_blocked, id=9944, stack(0x000000c4ec500000,0x000000c4ec600000) (1024K)]
  0x000001eaff2a8a30 JavaThread "Unconstrained build operations Thread 11"        [_thread_blocked, id=17240, stack(0x000000c4ec600000,0x000000c4ec700000) (1024K)]
  0x000001eaff2a7680 JavaThread "Unconstrained build operations Thread 12"        [_thread_blocked, id=14148, stack(0x000000c4ec700000,0x000000c4ec800000) (1024K)]
  0x000001eaff2a9750 JavaThread "Unconstrained build operations Thread 13"        [_thread_blocked, id=6284, stack(0x000000c4ec800000,0x000000c4ec900000) (1024K)]
  0x000001eaff2a6960 JavaThread "Unconstrained build operations Thread 14"        [_thread_blocked, id=9308, stack(0x000000c4ec900000,0x000000c4eca00000) (1024K)]
  0x000001eaff2a6ff0 JavaThread "Unconstrained build operations Thread 15"        [_thread_blocked, id=2540, stack(0x000000c4eca00000,0x000000c4ecb00000) (1024K)]
  0x000001eaff2a83a0 JavaThread "Unconstrained build operations Thread 16"        [_thread_blocked, id=14808, stack(0x000000c4ecb00000,0x000000c4ecc00000) (1024K)]
  0x000001eaff2a90c0 JavaThread "Unconstrained build operations Thread 17"        [_thread_blocked, id=1400, stack(0x000000c4ecc00000,0x000000c4ecd00000) (1024K)]
  0x000001ea94f55da0 JavaThread "Unconstrained build operations Thread 18"        [_thread_blocked, id=8836, stack(0x000000c4ecd00000,0x000000c4ece00000) (1024K)]
Total: 58

Other Threads:
  0x000001eafc55dd80 VMThread "VM Thread"                           [id=16984, stack(0x000000c4e8b00000,0x000000c4e8c00000) (1024K)]
  0x000001eafc4ded10 WatcherThread "VM Periodic Task Thread"        [id=8960, stack(0x000000c4e8a00000,0x000000c4e8b00000) (1024K)]
  0x000001eaf1aed050 WorkerThread "GC Thread#0"                     [id=5484, stack(0x000000c4e8500000,0x000000c4e8600000) (1024K)]
  0x000001eafcc1a230 WorkerThread "GC Thread#1"                     [id=8660, stack(0x000000c4e9600000,0x000000c4e9700000) (1024K)]
  0x000001eafce244f0 WorkerThread "GC Thread#2"                     [id=668, stack(0x000000c4e9700000,0x000000c4e9800000) (1024K)]
  0x000001eafda1eac0 WorkerThread "GC Thread#3"                     [id=9760, stack(0x000000c4e9800000,0x000000c4e9900000) (1024K)]
  0x000001eafd913af0 WorkerThread "GC Thread#4"                     [id=13604, stack(0x000000c4e9900000,0x000000c4e9a00000) (1024K)]
  0x000001eafe393530 WorkerThread "GC Thread#5"                     [id=18472, stack(0x000000c4e9b00000,0x000000c4e9c00000) (1024K)]
  0x000001eafe3a8560 WorkerThread "GC Thread#6"                     [id=12232, stack(0x000000c4e9c00000,0x000000c4e9d00000) (1024K)]
  0x000001eafd762770 WorkerThread "GC Thread#7"                     [id=12648, stack(0x000000c4e9d00000,0x000000c4e9e00000) (1024K)]
  0x000001eaf1aedf10 ConcurrentGCThread "G1 Main Marker"            [id=9356, stack(0x000000c4e8600000,0x000000c4e8700000) (1024K)]
  0x000001eaf1aeebf0 WorkerThread "G1 Conc#0"                       [id=13220, stack(0x000000c4e8700000,0x000000c4e8800000) (1024K)]
  0x000001eafe5c09a0 WorkerThread "G1 Conc#1"                       [id=9652, stack(0x000000c4ea500000,0x000000c4ea600000) (1024K)]
  0x000001eaf4025000 ConcurrentGCThread "G1 Refine#0"               [id=6312, stack(0x000000c4e8800000,0x000000c4e8900000) (1024K)]
  0x000001eaf4026930 ConcurrentGCThread "G1 Service"                [id=18536, stack(0x000000c4e8900000,0x000000c4e8a00000) (1024K)]
Total: 15

Threads with active compile tasks:
C2 CompilerThread0  13815 6510   !   4       sun.reflect.annotation.AnnotationParser::parseAnnotations (37 bytes)
Total: 1

VM state: not at safepoint (normal execution)

VM Mutex/Monitor currently owned by a thread: None

Heap address: 0x0000000080000000, size: 2048 MB, Compressed Oops mode: 32-bit

CDS archive(s) not mapped
Compressed class space mapped at: 0x0000000100000000-0x0000000140000000, reserved size: 1073741824
Narrow klass base: 0x0000000000000000, Narrow klass shift: 3, Narrow klass range: 0x140000000

GC Precious Log:
 CardTable entry size: 512
 Card Set container configuration: InlinePtr #cards 5 size 8 Array Of Cards #cards 12 size 40 Howl #buckets 4 coarsen threshold 1843 Howl Bitmap #cards 512 size 80 coarsen threshold 460 Card regions per heap region 1 cards per card region 2048
 CPUs: 8 total, 8 available
 Memory: 3820M
 Large Page Support: Disabled
 NUMA Support: Disabled
 Compressed Oops: Enabled (32-bit)
 Heap Region Size: 1M
 Heap Min Capacity: 8M
 Heap Initial Capacity: 60M
 Heap Max Capacity: 2G
 Pre-touch: Disabled
 Parallel Workers: 8
 Concurrent Workers: 2
 Concurrent Refinement Workers: 8
 Periodic GC: Disabled

Heap:
 garbage-first heap   total 162816K, used 102994K [0x0000000080000000, 0x0000000100000000)
  region size 1024K, 9 young (9216K), 4 survivors (4096K)
 Metaspace       used 69804K, committed 71488K, reserved 1114112K
  class space    used 9835K, committed 10624K, reserved 1048576K

Heap Regions: E=young(eden), S=young(survivor), O=old, HS=humongous(starts), HC=humongous(continues), CS=collection set, F=free, TAMS=top-at-mark-start, PB=parsable bottom
|   0|0x0000000080000000, 0x0000000080100000, 0x0000000080100000|100%|HS|  |TAMS 0x0000000080000000| PB 0x0000000080000000| Complete 
|   1|0x0000000080100000, 0x0000000080200000, 0x0000000080200000|100%|HC|  |TAMS 0x0000000080100000| PB 0x0000000080100000| Complete 
|   2|0x0000000080200000, 0x0000000080300000, 0x0000000080300000|100%|HC|  |TAMS 0x0000000080200000| PB 0x0000000080200000| Complete 
|   3|0x0000000080300000, 0x0000000080400000, 0x0000000080400000|100%| O|  |TAMS 0x0000000080300000| PB 0x0000000080300000| Untracked 
|   4|0x0000000080400000, 0x0000000080500000, 0x0000000080500000|100%| O|  |TAMS 0x0000000080400000| PB 0x0000000080400000| Untracked 
|   5|0x0000000080500000, 0x0000000080600000, 0x0000000080600000|100%| O|  |TAMS 0x0000000080500000| PB 0x0000000080500000| Untracked 
|   6|0x0000000080600000, 0x0000000080700000, 0x0000000080700000|100%| O|  |TAMS 0x0000000080600000| PB 0x0000000080600000| Untracked 
|   7|0x0000000080700000, 0x0000000080800000, 0x0000000080800000|100%| O|  |TAMS 0x0000000080700000| PB 0x0000000080700000| Untracked 
|   8|0x0000000080800000, 0x0000000080900000, 0x0000000080900000|100%| O|  |TAMS 0x0000000080800000| PB 0x0000000080800000| Untracked 
|   9|0x0000000080900000, 0x0000000080a00000, 0x0000000080a00000|100%| O|  |TAMS 0x0000000080900000| PB 0x0000000080900000| Untracked 
|  10|0x0000000080a00000, 0x0000000080b00000, 0x0000000080b00000|100%| O|  |TAMS 0x0000000080a00000| PB 0x0000000080a00000| Untracked 
|  11|0x0000000080b00000, 0x0000000080c00000, 0x0000000080c00000|100%|HS|  |TAMS 0x0000000080b00000| PB 0x0000000080b00000| Complete 
|  12|0x0000000080c00000, 0x0000000080d00000, 0x0000000080d00000|100%| O|  |TAMS 0x0000000080c00000| PB 0x0000000080c00000| Untracked 
|  13|0x0000000080d00000, 0x0000000080e00000, 0x0000000080e00000|100%| O|  |TAMS 0x0000000080d00000| PB 0x0000000080d00000| Untracked 
|  14|0x0000000080e00000, 0x0000000080f00000, 0x0000000080f00000|100%| O|  |TAMS 0x0000000080e00000| PB 0x0000000080e00000| Untracked 
|  15|0x0000000080f00000, 0x0000000081000000, 0x0000000081000000|100%| O|  |TAMS 0x0000000080f00000| PB 0x0000000080f00000| Untracked 
|  16|0x0000000081000000, 0x0000000081100000, 0x0000000081100000|100%| O|  |TAMS 0x0000000081000000| PB 0x0000000081000000| Untracked 
|  17|0x0000000081100000, 0x0000000081200000, 0x0000000081200000|100%| O|  |TAMS 0x0000000081100000| PB 0x0000000081100000| Untracked 
|  18|0x0000000081200000, 0x0000000081300000, 0x0000000081300000|100%| O|  |TAMS 0x0000000081200000| PB 0x0000000081200000| Untracked 
|  19|0x0000000081300000, 0x0000000081400000, 0x0000000081400000|100%| O|  |TAMS 0x0000000081300000| PB 0x0000000081300000| Untracked 
|  20|0x0000000081400000, 0x0000000081500000, 0x0000000081500000|100%| O|  |TAMS 0x0000000081400000| PB 0x0000000081400000| Untracked 
|  21|0x0000000081500000, 0x0000000081600000, 0x0000000081600000|100%| O|  |TAMS 0x0000000081500000| PB 0x0000000081500000| Untracked 
|  22|0x0000000081600000, 0x0000000081700000, 0x0000000081700000|100%| O|  |TAMS 0x0000000081600000| PB 0x0000000081600000| Untracked 
|  23|0x0000000081700000, 0x0000000081800000, 0x0000000081800000|100%|HS|  |TAMS 0x0000000081700000| PB 0x0000000081700000| Complete 
|  24|0x0000000081800000, 0x0000000081900000, 0x0000000081900000|100%|HC|  |TAMS 0x0000000081800000| PB 0x0000000081800000| Complete 
|  25|0x0000000081900000, 0x0000000081a00000, 0x0000000081a00000|100%|HC|  |TAMS 0x0000000081900000| PB 0x0000000081900000| Complete 
|  26|0x0000000081a00000, 0x0000000081b00000, 0x0000000081b00000|100%|HC|  |TAMS 0x0000000081a00000| PB 0x0000000081a00000| Complete 
|  27|0x0000000081b00000, 0x0000000081c00000, 0x0000000081c00000|100%|HC|  |TAMS 0x0000000081b00000| PB 0x0000000081b00000| Complete 
|  28|0x0000000081c00000, 0x0000000081d00000, 0x0000000081d00000|100%|HC|  |TAMS 0x0000000081c00000| PB 0x0000000081c00000| Complete 
|  29|0x0000000081d00000, 0x0000000081e00000, 0x0000000081e00000|100%|HS|  |TAMS 0x0000000081d00000| PB 0x0000000081d00000| Complete 
|  30|0x0000000081e00000, 0x0000000081f00000, 0x0000000081f00000|100%|HS|  |TAMS 0x0000000081e00000| PB 0x0000000081e00000| Complete 
|  31|0x0000000081f00000, 0x0000000082000000, 0x0000000082000000|100%|HC|  |TAMS 0x0000000081f00000| PB 0x0000000081f00000| Complete 
|  32|0x0000000082000000, 0x0000000082100000, 0x0000000082100000|100%|HS|  |TAMS 0x0000000082000000| PB 0x0000000082000000| Complete 
|  33|0x0000000082100000, 0x0000000082200000, 0x0000000082200000|100%|HC|  |TAMS 0x0000000082100000| PB 0x0000000082100000| Complete 
|  34|0x0000000082200000, 0x0000000082300000, 0x0000000082300000|100%|HC|  |TAMS 0x0000000082200000| PB 0x0000000082200000| Complete 
|  35|0x0000000082300000, 0x0000000082400000, 0x0000000082400000|100%|HC|  |TAMS 0x0000000082300000| PB 0x0000000082300000| Complete 
|  36|0x0000000082400000, 0x0000000082500000, 0x0000000082500000|100%|HS|  |TAMS 0x0000000082400000| PB 0x0000000082400000| Complete 
|  37|0x0000000082500000, 0x0000000082600000, 0x0000000082600000|100%|HS|  |TAMS 0x0000000082500000| PB 0x0000000082500000| Complete 
|  38|0x0000000082600000, 0x0000000082700000, 0x0000000082700000|100%|HS|  |TAMS 0x0000000082600000| PB 0x0000000082600000| Complete 
|  39|0x0000000082700000, 0x0000000082800000, 0x0000000082800000|100%|HC|  |TAMS 0x0000000082700000| PB 0x0000000082700000| Complete 
|  40|0x0000000082800000, 0x0000000082900000, 0x0000000082900000|100%|HS|  |TAMS 0x0000000082800000| PB 0x0000000082800000| Complete 
|  41|0x0000000082900000, 0x0000000082a00000, 0x0000000082a00000|100%| O|  |TAMS 0x0000000082900000| PB 0x0000000082900000| Untracked 
|  42|0x0000000082a00000, 0x0000000082b00000, 0x0000000082b00000|100%| O|  |TAMS 0x0000000082a00000| PB 0x0000000082a00000| Untracked 
|  43|0x0000000082b00000, 0x0000000082c00000, 0x0000000082c00000|100%| O|  |TAMS 0x0000000082b00000| PB 0x0000000082b00000| Untracked 
|  44|0x0000000082c00000, 0x0000000082d00000, 0x0000000082d00000|100%| O|  |TAMS 0x0000000082c00000| PB 0x0000000082c00000| Untracked 
|  45|0x0000000082d00000, 0x0000000082e00000, 0x0000000082e00000|100%| O|  |TAMS 0x0000000082d00000| PB 0x0000000082d00000| Untracked 
|  46|0x0000000082e00000, 0x0000000082f00000, 0x0000000082f00000|100%| O|  |TAMS 0x0000000082e00000| PB 0x0000000082e00000| Untracked 
|  47|0x0000000082f00000, 0x0000000083000000, 0x0000000083000000|100%| O|  |TAMS 0x0000000082f00000| PB 0x0000000082f00000| Untracked 
|  48|0x0000000083000000, 0x0000000083100000, 0x0000000083100000|100%| O|  |TAMS 0x0000000083000000| PB 0x0000000083000000| Untracked 
|  49|0x0000000083100000, 0x0000000083200000, 0x0000000083200000|100%| O|  |TAMS 0x0000000083100000| PB 0x0000000083100000| Untracked 
|  50|0x0000000083200000, 0x0000000083300000, 0x0000000083300000|100%| O|  |TAMS 0x0000000083200000| PB 0x0000000083200000| Untracked 
|  51|0x0000000083300000, 0x0000000083400000, 0x0000000083400000|100%| O|  |TAMS 0x0000000083300000| PB 0x0000000083300000| Untracked 
|  52|0x0000000083400000, 0x0000000083500000, 0x0000000083500000|100%| O|Cm|TAMS 0x0000000083400000| PB 0x0000000083400000| Complete 
|  53|0x0000000083500000, 0x0000000083600000, 0x0000000083600000|100%| O|  |TAMS 0x0000000083500000| PB 0x0000000083500000| Untracked 
|  54|0x0000000083600000, 0x0000000083700000, 0x0000000083700000|100%|HS|  |TAMS 0x0000000083600000| PB 0x0000000083600000| Complete 
|  55|0x0000000083700000, 0x0000000083800000, 0x0000000083800000|100%|HC|  |TAMS 0x0000000083700000| PB 0x0000000083700000| Complete 
|  56|0x0000000083800000, 0x0000000083900000, 0x0000000083900000|100%|HS|  |TAMS 0x0000000083800000| PB 0x0000000083800000| Complete 
|  57|0x0000000083900000, 0x0000000083a00000, 0x0000000083a00000|100%|HS|  |TAMS 0x0000000083900000| PB 0x0000000083900000| Complete 
|  58|0x0000000083a00000, 0x0000000083b00000, 0x0000000083b00000|100%| O|  |TAMS 0x0000000083a00000| PB 0x0000000083a00000| Untracked 
|  59|0x0000000083b00000, 0x0000000083c00000, 0x0000000083c00000|100%| O|  |TAMS 0x0000000083b00000| PB 0x0000000083b00000| Untracked 
|  60|0x0000000083c00000, 0x0000000083d00000, 0x0000000083d00000|100%|HS|  |TAMS 0x0000000083c00000| PB 0x0000000083c00000| Complete 
|  61|0x0000000083d00000, 0x0000000083e00000, 0x0000000083e00000|100%|HC|  |TAMS 0x0000000083d00000| PB 0x0000000083d00000| Complete 
|  62|0x0000000083e00000, 0x0000000083f00000, 0x0000000083f00000|100%|HC|  |TAMS 0x0000000083e00000| PB 0x0000000083e00000| Complete 
|  63|0x0000000083f00000, 0x0000000084000000, 0x0000000084000000|100%|HC|  |TAMS 0x0000000083f00000| PB 0x0000000083f00000| Complete 
|  64|0x0000000084000000, 0x0000000084100000, 0x0000000084100000|100%|HC|  |TAMS 0x0000000084000000| PB 0x0000000084000000| Complete 
|  65|0x0000000084100000, 0x0000000084200000, 0x0000000084200000|100%|HC|  |TAMS 0x0000000084100000| PB 0x0000000084100000| Complete 
|  66|0x0000000084200000, 0x0000000084300000, 0x0000000084300000|100%|HS|  |TAMS 0x0000000084200000| PB 0x0000000084200000| Complete 
|  67|0x0000000084300000, 0x0000000084400000, 0x0000000084400000|100%|HC|  |TAMS 0x0000000084300000| PB 0x0000000084300000| Complete 
|  68|0x0000000084400000, 0x0000000084500000, 0x0000000084500000|100%|HC|  |TAMS 0x0000000084400000| PB 0x0000000084400000| Complete 
|  69|0x0000000084500000, 0x0000000084600000, 0x0000000084600000|100%|HC|  |TAMS 0x0000000084500000| PB 0x0000000084500000| Complete 
|  70|0x0000000084600000, 0x0000000084700000, 0x0000000084700000|100%|HS|  |TAMS 0x0000000084600000| PB 0x0000000084600000| Complete 
|  71|0x0000000084700000, 0x0000000084800000, 0x0000000084800000|100%|HC|  |TAMS 0x0000000084700000| PB 0x0000000084700000| Complete 
|  72|0x0000000084800000, 0x0000000084900000, 0x0000000084900000|100%|HC|  |TAMS 0x0000000084800000| PB 0x0000000084800000| Complete 
|  73|0x0000000084900000, 0x0000000084a00000, 0x0000000084a00000|100%|HC|  |TAMS 0x0000000084900000| PB 0x0000000084900000| Complete 
|  74|0x0000000084a00000, 0x0000000084b00000, 0x0000000084b00000|100%|HC|  |TAMS 0x0000000084a00000| PB 0x0000000084a00000| Complete 
|  75|0x0000000084b00000, 0x0000000084c00000, 0x0000000084c00000|100%|HC|  |TAMS 0x0000000084b00000| PB 0x0000000084b00000| Complete 
|  76|0x0000000084c00000, 0x0000000084d00000, 0x0000000084d00000|100%|HS|  |TAMS 0x0000000084c00000| PB 0x0000000084c00000| Complete 
|  77|0x0000000084d00000, 0x0000000084e00000, 0x0000000084e00000|100%|HC|  |TAMS 0x0000000084d00000| PB 0x0000000084d00000| Complete 
|  78|0x0000000084e00000, 0x0000000084f00000, 0x0000000084f00000|100%|HC|  |TAMS 0x0000000084e00000| PB 0x0000000084e00000| Complete 
|  79|0x0000000084f00000, 0x0000000085000000, 0x0000000085000000|100%|HC|  |TAMS 0x0000000084f00000| PB 0x0000000084f00000| Complete 
|  80|0x0000000085000000, 0x0000000085100000, 0x0000000085100000|100%|HC|  |TAMS 0x0000000085000000| PB 0x0000000085000000| Complete 
|  81|0x0000000085100000, 0x0000000085200000, 0x0000000085200000|100%|HC|  |TAMS 0x0000000085100000| PB 0x0000000085100000| Complete 
|  82|0x0000000085200000, 0x0000000085300000, 0x0000000085300000|100%| O|  |TAMS 0x0000000085200000| PB 0x0000000085200000| Untracked 
|  83|0x0000000085300000, 0x0000000085400000, 0x0000000085400000|100%| O|  |TAMS 0x0000000085300000| PB 0x0000000085300000| Untracked 
|  84|0x0000000085400000, 0x0000000085500000, 0x0000000085500000|100%| O|  |TAMS 0x0000000085400000| PB 0x0000000085400000| Untracked 
|  85|0x0000000085500000, 0x0000000085600000, 0x0000000085600000|100%| O|  |TAMS 0x0000000085500000| PB 0x0000000085500000| Untracked 
|  86|0x0000000085600000, 0x00000000856b0e80, 0x0000000085700000| 69%| O|  |TAMS 0x0000000085600000| PB 0x0000000085600000| Untracked 
|  87|0x0000000085700000, 0x0000000085700000, 0x0000000085800000|  0%| F|  |TAMS 0x0000000085700000| PB 0x0000000085700000| Untracked 
|  88|0x0000000085800000, 0x0000000085800000, 0x0000000085900000|  0%| F|  |TAMS 0x0000000085800000| PB 0x0000000085800000| Untracked 
|  89|0x0000000085900000, 0x0000000085900000, 0x0000000085a00000|  0%| F|  |TAMS 0x0000000085900000| PB 0x0000000085900000| Untracked 
|  90|0x0000000085a00000, 0x0000000085a00000, 0x0000000085b00000|  0%| F|  |TAMS 0x0000000085a00000| PB 0x0000000085a00000| Untracked 
|  91|0x0000000085b00000, 0x0000000085b00000, 0x0000000085c00000|  0%| F|  |TAMS 0x0000000085b00000| PB 0x0000000085b00000| Untracked 
|  92|0x0000000085c00000, 0x0000000085c00000, 0x0000000085d00000|  0%| F|  |TAMS 0x0000000085c00000| PB 0x0000000085c00000| Untracked 
|  93|0x0000000085d00000, 0x0000000085d00000, 0x0000000085e00000|  0%| F|  |TAMS 0x0000000085d00000| PB 0x0000000085d00000| Untracked 
|  94|0x0000000085e00000, 0x0000000085e00000, 0x0000000085f00000|  0%| F|  |TAMS 0x0000000085e00000| PB 0x0000000085e00000| Untracked 
|  95|0x0000000085f00000, 0x0000000085f00000, 0x0000000086000000|  0%| F|  |TAMS 0x0000000085f00000| PB 0x0000000085f00000| Untracked 
|  96|0x0000000086000000, 0x0000000086000000, 0x0000000086100000|  0%| F|  |TAMS 0x0000000086000000| PB 0x0000000086000000| Untracked 
|  97|0x0000000086100000, 0x0000000086100000, 0x0000000086200000|  0%| F|  |TAMS 0x0000000086100000| PB 0x0000000086100000| Untracked 
|  98|0x0000000086200000, 0x0000000086200000, 0x0000000086300000|  0%| F|  |TAMS 0x0000000086200000| PB 0x0000000086200000| Untracked 
|  99|0x0000000086300000, 0x0000000086300000, 0x0000000086400000|  0%| F|  |TAMS 0x0000000086300000| PB 0x0000000086300000| Untracked 
| 100|0x0000000086400000, 0x0000000086400000, 0x0000000086500000|  0%| F|  |TAMS 0x0000000086400000| PB 0x0000000086400000| Untracked 
| 101|0x0000000086500000, 0x0000000086500000, 0x0000000086600000|  0%| F|  |TAMS 0x0000000086500000| PB 0x0000000086500000| Untracked 
| 102|0x0000000086600000, 0x0000000086600000, 0x0000000086700000|  0%| F|  |TAMS 0x0000000086600000| PB 0x0000000086600000| Untracked 
| 103|0x0000000086700000, 0x0000000086700000, 0x0000000086800000|  0%| F|  |TAMS 0x0000000086700000| PB 0x0000000086700000| Untracked 
| 104|0x0000000086800000, 0x0000000086800000, 0x0000000086900000|  0%| F|  |TAMS 0x0000000086800000| PB 0x0000000086800000| Untracked 
| 105|0x0000000086900000, 0x0000000086900000, 0x0000000086a00000|  0%| F|  |TAMS 0x0000000086900000| PB 0x0000000086900000| Untracked 
| 106|0x0000000086a00000, 0x0000000086a00000, 0x0000000086b00000|  0%| F|  |TAMS 0x0000000086a00000| PB 0x0000000086a00000| Untracked 
| 107|0x0000000086b00000, 0x0000000086b00000, 0x0000000086c00000|  0%| F|  |TAMS 0x0000000086b00000| PB 0x0000000086b00000| Untracked 
| 108|0x0000000086c00000, 0x0000000086ce3d48, 0x0000000086d00000| 88%| S|CS|TAMS 0x0000000086c00000| PB 0x0000000086c00000| Complete 
| 109|0x0000000086d00000, 0x0000000086e00000, 0x0000000086e00000|100%| S|CS|TAMS 0x0000000086d00000| PB 0x0000000086d00000| Complete 
| 110|0x0000000086e00000, 0x0000000086f00000, 0x0000000086f00000|100%| S|CS|TAMS 0x0000000086e00000| PB 0x0000000086e00000| Complete 
| 111|0x0000000086f00000, 0x0000000087000000, 0x0000000087000000|100%| S|CS|TAMS 0x0000000086f00000| PB 0x0000000086f00000| Complete 
| 112|0x0000000087000000, 0x0000000087000000, 0x0000000087100000|  0%| F|  |TAMS 0x0000000087000000| PB 0x0000000087000000| Untracked 
| 113|0x0000000087100000, 0x0000000087100000, 0x0000000087200000|  0%| F|  |TAMS 0x0000000087100000| PB 0x0000000087100000| Untracked 
| 114|0x0000000087200000, 0x0000000087200000, 0x0000000087300000|  0%| F|  |TAMS 0x0000000087200000| PB 0x0000000087200000| Untracked 
| 115|0x0000000087300000, 0x0000000087300000, 0x0000000087400000|  0%| F|  |TAMS 0x0000000087300000| PB 0x0000000087300000| Untracked 
| 116|0x0000000087400000, 0x0000000087400000, 0x0000000087500000|  0%| F|  |TAMS 0x0000000087400000| PB 0x0000000087400000| Untracked 
| 117|0x0000000087500000, 0x0000000087500000, 0x0000000087600000|  0%| F|  |TAMS 0x0000000087500000| PB 0x0000000087500000| Untracked 
| 118|0x0000000087600000, 0x0000000087600000, 0x0000000087700000|  0%| F|  |TAMS 0x0000000087600000| PB 0x0000000087600000| Untracked 
| 119|0x0000000087700000, 0x0000000087700000, 0x0000000087800000|  0%| F|  |TAMS 0x0000000087700000| PB 0x0000000087700000| Untracked 
| 120|0x0000000087800000, 0x0000000087800000, 0x0000000087900000|  0%| F|  |TAMS 0x0000000087800000| PB 0x0000000087800000| Untracked 
| 121|0x0000000087900000, 0x0000000087900000, 0x0000000087a00000|  0%| F|  |TAMS 0x0000000087900000| PB 0x0000000087900000| Untracked 
| 122|0x0000000087a00000, 0x0000000087a00000, 0x0000000087b00000|  0%| F|  |TAMS 0x0000000087a00000| PB 0x0000000087a00000| Untracked 
| 123|0x0000000087b00000, 0x0000000087b00000, 0x0000000087c00000|  0%| F|  |TAMS 0x0000000087b00000| PB 0x0000000087b00000| Untracked 
| 124|0x0000000087c00000, 0x0000000087c00000, 0x0000000087d00000|  0%| F|  |TAMS 0x0000000087c00000| PB 0x0000000087c00000| Untracked 
| 125|0x0000000087d00000, 0x0000000087d00000, 0x0000000087e00000|  0%| F|  |TAMS 0x0000000087d00000| PB 0x0000000087d00000| Untracked 
| 126|0x0000000087e00000, 0x0000000087e00000, 0x0000000087f00000|  0%| F|  |TAMS 0x0000000087e00000| PB 0x0000000087e00000| Untracked 
| 127|0x0000000087f00000, 0x0000000087f00000, 0x0000000088000000|  0%| F|  |TAMS 0x0000000087f00000| PB 0x0000000087f00000| Untracked 
| 128|0x0000000088000000, 0x0000000088000000, 0x0000000088100000|  0%| F|  |TAMS 0x0000000088000000| PB 0x0000000088000000| Untracked 
| 129|0x0000000088100000, 0x0000000088100000, 0x0000000088200000|  0%| F|  |TAMS 0x0000000088100000| PB 0x0000000088100000| Untracked 
| 130|0x0000000088200000, 0x0000000088200000, 0x0000000088300000|  0%| F|  |TAMS 0x0000000088200000| PB 0x0000000088200000| Untracked 
| 131|0x0000000088300000, 0x0000000088300000, 0x0000000088400000|  0%| F|  |TAMS 0x0000000088300000| PB 0x0000000088300000| Untracked 
| 132|0x0000000088400000, 0x0000000088400000, 0x0000000088500000|  0%| F|  |TAMS 0x0000000088400000| PB 0x0000000088400000| Untracked 
| 133|0x0000000088500000, 0x0000000088500000, 0x0000000088600000|  0%| F|  |TAMS 0x0000000088500000| PB 0x0000000088500000| Untracked 
| 134|0x0000000088600000, 0x0000000088600000, 0x0000000088700000|  0%| F|  |TAMS 0x0000000088600000| PB 0x0000000088600000| Untracked 
| 135|0x0000000088700000, 0x0000000088700000, 0x0000000088800000|  0%| F|  |TAMS 0x0000000088700000| PB 0x0000000088700000| Untracked 
| 136|0x0000000088800000, 0x0000000088800000, 0x0000000088900000|  0%| F|  |TAMS 0x0000000088800000| PB 0x0000000088800000| Untracked 
| 137|0x0000000088900000, 0x0000000088900000, 0x0000000088a00000|  0%| F|  |TAMS 0x0000000088900000| PB 0x0000000088900000| Untracked 
| 138|0x0000000088a00000, 0x0000000088a00000, 0x0000000088b00000|  0%| F|  |TAMS 0x0000000088a00000| PB 0x0000000088a00000| Untracked 
| 139|0x0000000088b00000, 0x0000000088b00000, 0x0000000088c00000|  0%| F|  |TAMS 0x0000000088b00000| PB 0x0000000088b00000| Untracked 
| 140|0x0000000088c00000, 0x0000000088c00000, 0x0000000088d00000|  0%| F|  |TAMS 0x0000000088c00000| PB 0x0000000088c00000| Untracked 
| 141|0x0000000088d00000, 0x0000000088d00000, 0x0000000088e00000|  0%| F|  |TAMS 0x0000000088d00000| PB 0x0000000088d00000| Untracked 
| 142|0x0000000088e00000, 0x0000000088e00000, 0x0000000088f00000|  0%| F|  |TAMS 0x0000000088e00000| PB 0x0000000088e00000| Untracked 
| 143|0x0000000088f00000, 0x0000000088f00000, 0x0000000089000000|  0%| F|  |TAMS 0x0000000088f00000| PB 0x0000000088f00000| Untracked 
| 144|0x0000000089000000, 0x0000000089000000, 0x0000000089100000|  0%| F|  |TAMS 0x0000000089000000| PB 0x0000000089000000| Untracked 
| 145|0x0000000089100000, 0x0000000089100000, 0x0000000089200000|  0%| F|  |TAMS 0x0000000089100000| PB 0x0000000089100000| Untracked 
| 146|0x0000000089200000, 0x0000000089200000, 0x0000000089300000|  0%| F|  |TAMS 0x0000000089200000| PB 0x0000000089200000| Untracked 
| 147|0x0000000089300000, 0x0000000089300000, 0x0000000089400000|  0%| F|  |TAMS 0x0000000089300000| PB 0x0000000089300000| Untracked 
| 148|0x0000000089400000, 0x0000000089500000, 0x0000000089500000|100%| E|  |TAMS 0x0000000089400000| PB 0x0000000089400000| Complete 
| 149|0x0000000089500000, 0x0000000089600000, 0x0000000089600000|100%| E|CS|TAMS 0x0000000089500000| PB 0x0000000089500000| Complete 
| 150|0x0000000089600000, 0x0000000089700000, 0x0000000089700000|100%| E|CS|TAMS 0x0000000089600000| PB 0x0000000089600000| Complete 
| 151|0x0000000089700000, 0x0000000089800000, 0x0000000089800000|100%| E|CS|TAMS 0x0000000089700000| PB 0x0000000089700000| Complete 
|2041|0x00000000ff900000, 0x00000000ffa00000, 0x00000000ffa00000|100%| O|  |TAMS 0x00000000ff900000| PB 0x00000000ff900000| Untracked 
|2042|0x00000000ffa00000, 0x00000000ffb00000, 0x00000000ffb00000|100%| O|  |TAMS 0x00000000ffa00000| PB 0x00000000ffa00000| Untracked 
|2043|0x00000000ffb00000, 0x00000000ffc00000, 0x00000000ffc00000|100%| O|  |TAMS 0x00000000ffb00000| PB 0x00000000ffb00000| Untracked 
|2044|0x00000000ffc00000, 0x00000000ffd00000, 0x00000000ffd00000|100%| O|Cm|TAMS 0x00000000ffc00000| PB 0x00000000ffc00000| Complete 
|2045|0x00000000ffd00000, 0x00000000ffe00000, 0x00000000ffe00000|100%| O|  |TAMS 0x00000000ffd00000| PB 0x00000000ffd00000| Untracked 
|2046|0x00000000ffe00000, 0x00000000fff00000, 0x00000000fff00000|100%| E|CS|TAMS 0x00000000ffe00000| PB 0x00000000ffe00000| Complete 
|2047|0x00000000fff00000, 0x0000000100000000, 0x0000000100000000|100%| O|  |TAMS 0x00000000fff00000| PB 0x00000000fff00000| Untracked 

Card table byte_map: [0x000001eaf77f0000,0x000001eaf7bf0000] _byte_map_base: 0x000001eaf73f0000

Marking Bits: (CMBitMap*) 0x000001eaf1aed660
 Bits: [0x000001eaf7bf0000, 0x000001eaf9bf0000)

Polling page: 0x000001eaf1d00000

Metaspace:

Usage:
  Non-class:     58.58 MB used.
      Class:      9.61 MB used.
       Both:     68.19 MB used.

Virtual space:
  Non-class space:       64.00 MB reserved,      59.50 MB ( 93%) committed,  1 nodes.
      Class space:        1.00 GB reserved,      10.38 MB (  1%) committed,  1 nodes.
             Both:        1.06 GB reserved,      69.88 MB (  6%) committed. 

Chunk freelists:
   Non-Class:  4.11 MB
       Class:  5.45 MB
        Both:  9.56 MB

MaxMetaspaceSize: unlimited
CompressedClassSpaceSize: 1.00 GB
Initial GC threshold: 21.00 MB
Current GC threshold: 106.69 MB
CDS: off
 - commit_granule_bytes: 65536.
 - commit_granule_words: 8192.
 - virtual_space_node_default_size: 8388608.
 - enlarge_chunks_in_place: 1.
 - use_allocation_guard: 0.


Internal statistics:

num_allocs_failed_limit: 6.
num_arena_births: 3192.
num_arena_deaths: 0.
num_vsnodes_births: 2.
num_vsnodes_deaths: 0.
num_space_committed: 1118.
num_space_uncommitted: 0.
num_chunks_returned_to_freelist: 6.
num_chunks_taken_from_freelist: 6089.
num_chunk_merges: 3.
num_chunk_splits: 3930.
num_chunks_enlarged: 2383.
num_inconsistent_stats: 0.

CodeHeap 'non-profiled nmethods': size=120000Kb used=3098Kb max_used=3098Kb free=116901Kb
 bounds [0x000001ea87ad0000, 0x000001ea87de0000, 0x000001ea8f000000]
CodeHeap 'profiled nmethods': size=120000Kb used=10687Kb max_used=10687Kb free=109313Kb
 bounds [0x000001ea80000000, 0x000001ea80a80000, 0x000001ea87530000]
CodeHeap 'non-nmethods': size=5760Kb used=2741Kb max_used=2761Kb free=3018Kb
 bounds [0x000001ea87530000, 0x000001ea877f0000, 0x000001ea87ad0000]
CodeCache: size=245760Kb, used=16526Kb, max_used=16546Kb, free=229232Kb
 total_blobs=6493, nmethods=5607, adapters=790, full_count=0
Compilation: enabled, stopped_count=0, restarted_count=0

Compilation events (20 events):
Event: 11.641 Thread 0x000001eafc84b560 6521       3       jdk.internal.org.objectweb.asm.ClassReader::readUtf (44 bytes)
Event: 11.641 Thread 0x000001eafc84b560 nmethod 6521 0x000001ea8070b910 code [0x000001ea8070bb00, 0x000001ea8070bee8]
Event: 11.646 Thread 0x000001eafc84b560 6522       3       java.lang.Class::getSimpleName (36 bytes)
Event: 11.646 Thread 0x000001eafc84b560 nmethod 6522 0x000001ea8070b390 code [0x000001ea8070b560, 0x000001ea8070b818]
Event: 11.648 Thread 0x000001eafc84b560 6523  s    3       java.io.FileDescriptor::close (9 bytes)
Event: 11.649 Thread 0x000001eafc84b560 nmethod 6523 0x000001ea801d6b10 code [0x000001ea801d6ce0, 0x000001ea801d7150]
Event: 11.649 Thread 0x000001eafc84b560 6524  s    3       java.io.FileDescriptor::unregisterCleanup (20 bytes)
Event: 11.649 Thread 0x000001eafc84b560 nmethod 6524 0x000001ea801d6590 code [0x000001ea801d6740, 0x000001ea801d6a38]
Event: 11.711 Thread 0x000001eafc84b560 6525       3       org.gradle.internal.serialize.graph.codecs.Binding::encodingForType (17 bytes)
Event: 11.711 Thread 0x000001eafc84b560 nmethod 6525 0x000001ea801d5890 code [0x000001ea801d5ae0, 0x000001ea801d6258]
Event: 11.711 Thread 0x000001eafc84b560 6526       3       org.gradle.internal.serialize.graph.codecs.BindingsBuilder$producerForSubtypesOf$1::encodingForType (9 bytes)
Event: 11.711 Thread 0x000001eafc84b560 nmethod 6526 0x000001ea801d5410 code [0x000001ea801d55c0, 0x000001ea801d57f0]
Event: 11.713 Thread 0x000001eafc84b560 6527       3       org.gradle.internal.serialize.graph.codecs.BindingsBuilder$producerForSubtypesOf$1::encodingForType (36 bytes)
Event: 11.714 Thread 0x000001eafc84b560 nmethod 6527 0x000001ea80415e10 code [0x000001ea80416040, 0x000001ea80416678]
Event: 12.567 Thread 0x000001eafc84b560 6528       3       java.util.ComparableTimSort::countRunAndMakeAscending (123 bytes)
Event: 12.568 Thread 0x000001eafc84b560 nmethod 6528 0x000001ea80414f10 code [0x000001ea80415160, 0x000001ea80415b40]
Event: 13.572 Thread 0x000001eafc84b560 6529       3       java.util.stream.ReferencePipeline$Head::forEach (26 bytes)
Event: 13.573 Thread 0x000001eafc84b560 nmethod 6529 0x000001ea806fb310 code [0x000001ea806fb540, 0x000001ea806fbc50]
Event: 13.573 Thread 0x000001eafc84b560 6530       3       java.util.stream.AbstractPipeline::sourceStageSpliterator (112 bytes)
Event: 13.573 Thread 0x000001eafc84b560 nmethod 6530 0x000001ea806fa790 code [0x000001ea806fa9c0, 0x000001ea806fb080]

GC Heap History (20 events):
Event: 5.110 GC heap before
{Heap before GC invocations=11 (full 0):
 garbage-first heap   total 71680K, used 70110K [0x0000000080000000, 0x0000000100000000)
  region size 1024K, 19 young (19456K), 3 survivors (3072K)
 Metaspace       used 36524K, committed 37440K, reserved 1114112K
  class space    used 5136K, committed 5568K, reserved 1048576K
}
Event: 5.115 GC heap after
{Heap after GC invocations=12 (full 0):
 garbage-first heap   total 97280K, used 60561K [0x0000000080000000, 0x0000000100000000)
  region size 1024K, 4 young (4096K), 4 survivors (4096K)
 Metaspace       used 36524K, committed 37440K, reserved 1114112K
  class space    used 5136K, committed 5568K, reserved 1048576K
}
Event: 5.573 GC heap before
{Heap before GC invocations=12 (full 0):
 garbage-first heap   total 97280K, used 85137K [0x0000000080000000, 0x0000000100000000)
  region size 1024K, 28 young (28672K), 4 survivors (4096K)
 Metaspace       used 40003K, committed 40960K, reserved 1114112K
  class space    used 5676K, committed 6144K, reserved 1048576K
}
Event: 5.577 GC heap after
{Heap after GC invocations=13 (full 0):
 garbage-first heap   total 97280K, used 61930K [0x0000000080000000, 0x0000000100000000)
  region size 1024K, 2 young (2048K), 2 survivors (2048K)
 Metaspace       used 40003K, committed 40960K, reserved 1114112K
  class space    used 5676K, committed 6144K, reserved 1048576K
}
Event: 6.079 GC heap before
{Heap before GC invocations=13 (full 0):
 garbage-first heap   total 97280K, used 85482K [0x0000000080000000, 0x0000000100000000)
  region size 1024K, 26 young (26624K), 2 survivors (2048K)
 Metaspace       used 45425K, committed 46336K, reserved 1114112K
  class space    used 6312K, committed 6720K, reserved 1048576K
}
Event: 6.083 GC heap after
{Heap after GC invocations=14 (full 0):
 garbage-first heap   total 97280K, used 64784K [0x0000000080000000, 0x0000000100000000)
  region size 1024K, 4 young (4096K), 4 survivors (4096K)
 Metaspace       used 45425K, committed 46336K, reserved 1114112K
  class space    used 6312K, committed 6720K, reserved 1048576K
}
Event: 6.398 GC heap before
{Heap before GC invocations=15 (full 0):
 garbage-first heap   total 109568K, used 85264K [0x0000000080000000, 0x0000000100000000)
  region size 1024K, 25 young (25600K), 4 survivors (4096K)
 Metaspace       used 46315K, committed 47296K, reserved 1114112K
  class space    used 6382K, committed 6848K, reserved 1048576K
}
Event: 6.404 GC heap after
{Heap after GC invocations=16 (full 0):
 garbage-first heap   total 109568K, used 67251K [0x0000000080000000, 0x0000000100000000)
  region size 1024K, 3 young (3072K), 3 survivors (3072K)
 Metaspace       used 46315K, committed 47296K, reserved 1114112K
  class space    used 6382K, committed 6848K, reserved 1048576K
}
Event: 6.993 GC heap before
{Heap before GC invocations=16 (full 0):
 garbage-first heap   total 109568K, used 102067K [0x0000000080000000, 0x0000000100000000)
  region size 1024K, 33 young (33792K), 3 survivors (3072K)
 Metaspace       used 50001K, committed 51008K, reserved 1114112K
  class space    used 6819K, committed 7296K, reserved 1048576K
}
Event: 6.997 GC heap after
{Heap after GC invocations=17 (full 0):
 garbage-first heap   total 109568K, used 69401K [0x0000000080000000, 0x0000000100000000)
  region size 1024K, 5 young (5120K), 5 survivors (5120K)
 Metaspace       used 50001K, committed 51008K, reserved 1114112K
  class space    used 6819K, committed 7296K, reserved 1048576K
}
Event: 7.366 GC heap before
{Heap before GC invocations=17 (full 0):
 garbage-first heap   total 109568K, used 98073K [0x0000000080000000, 0x0000000100000000)
  region size 1024K, 33 young (33792K), 5 survivors (5120K)
 Metaspace       used 53282K, committed 54592K, reserved 1114112K
  class space    used 7397K, committed 8000K, reserved 1048576K
}
Event: 7.370 GC heap after
{Heap after GC invocations=18 (full 0):
 garbage-first heap   total 109568K, used 70983K [0x0000000080000000, 0x0000000100000000)
  region size 1024K, 2 young (2048K), 2 survivors (2048K)
 Metaspace       used 53282K, committed 54592K, reserved 1114112K
  class space    used 7397K, committed 8000K, reserved 1048576K
}
Event: 7.791 GC heap before
{Heap before GC invocations=19 (full 0):
 garbage-first heap   total 119808K, used 99655K [0x0000000080000000, 0x0000000100000000)
  region size 1024K, 30 young (30720K), 2 survivors (2048K)
 Metaspace       used 56733K, committed 58240K, reserved 1114112K
  class space    used 7987K, committed 8704K, reserved 1048576K
}
Event: 7.795 GC heap after
{Heap after GC invocations=20 (full 0):
 garbage-first heap   total 144384K, used 72147K [0x0000000080000000, 0x0000000100000000)
  region size 1024K, 3 young (3072K), 3 survivors (3072K)
 Metaspace       used 56733K, committed 58240K, reserved 1114112K
  class space    used 7987K, committed 8704K, reserved 1048576K
}
Event: 8.573 GC heap before
{Heap before GC invocations=20 (full 0):
 garbage-first heap   total 144384K, used 142803K [0x0000000080000000, 0x0000000100000000)
  region size 1024K, 55 young (56320K), 3 survivors (3072K)
 Metaspace       used 60489K, committed 62016K, reserved 1114112K
  class space    used 8410K, committed 9152K, reserved 1048576K
}
Event: 8.586 GC heap after
{Heap after GC invocations=21 (full 0):
 garbage-first heap   total 154624K, used 95009K [0x0000000080000000, 0x0000000100000000)
  region size 1024K, 8 young (8192K), 8 survivors (8192K)
 Metaspace       used 60489K, committed 62016K, reserved 1114112K
  class space    used 8410K, committed 9152K, reserved 1048576K
}
Event: 8.978 GC heap before
{Heap before GC invocations=21 (full 0):
 garbage-first heap   total 154624K, used 135969K [0x0000000080000000, 0x0000000100000000)
  region size 1024K, 48 young (49152K), 8 survivors (8192K)
 Metaspace       used 63676K, committed 65280K, reserved 1114112K
  class space    used 8883K, committed 9664K, reserved 1048576K
}
Event: 8.984 GC heap after
{Heap after GC invocations=22 (full 0):
 garbage-first heap   total 154624K, used 96776K [0x0000000080000000, 0x0000000100000000)
  region size 1024K, 2 young (2048K), 2 survivors (2048K)
 Metaspace       used 63676K, committed 65280K, reserved 1114112K
  class space    used 8883K, committed 9664K, reserved 1048576K
}
Event: 11.719 GC heap before
{Heap before GC invocations=23 (full 0):
 garbage-first heap   total 162816K, used 138760K [0x0000000080000000, 0x0000000100000000)
  region size 1024K, 43 young (44032K), 2 survivors (2048K)
 Metaspace       used 69289K, committed 70976K, reserved 1114112K
  class space    used 9753K, committed 10560K, reserved 1048576K
}
Event: 11.724 GC heap after
{Heap after GC invocations=24 (full 0):
 garbage-first heap   total 162816K, used 98898K [0x0000000080000000, 0x0000000100000000)
  region size 1024K, 4 young (4096K), 4 survivors (4096K)
 Metaspace       used 69289K, committed 70976K, reserved 1114112K
  class space    used 9753K, committed 10560K, reserved 1048576K
}

Dll operation events (3 events):
Event: 0.025 Loaded shared library C:\Program Files\Android\Android Studio\jbr\bin\java.dll
Event: 0.033 Loaded shared library C:\Program Files\Android\Android Studio\jbr\bin\zip.dll
Event: 0.947 Loaded shared library C:\Program Files\Android\Android Studio\jbr\bin\verify.dll

Deoptimization events (20 events):
Event: 9.484 Thread 0x000001eafe60c1f0 Uncommon trap: trap_request=0xffffff45 fr.pc=0x000001ea87ca4f58 relative=0x00000000000006f8
Event: 9.484 Thread 0x000001eafe60c1f0 Uncommon trap: reason=unstable_if action=reinterpret pc=0x000001ea87ca4f58 method=java.io.BufferedInputStream.implRead([BII)I @ 55 c2
Event: 9.484 Thread 0x000001eafe60c1f0 DEOPT PACKING pc=0x000001ea87ca4f58 sp=0x000000c4ea3f9920
Event: 9.484 Thread 0x000001eafe60c1f0 DEOPT UNPACKING pc=0x000001ea875846a2 sp=0x000000c4ea3f98d8 mode 2
Event: 11.531 Thread 0x000001eafe60c1f0 Uncommon trap: trap_request=0xffffff45 fr.pc=0x000001ea87c1bca0 relative=0x00000000000051a0
Event: 11.531 Thread 0x000001eafe60c1f0 Uncommon trap: reason=unstable_if action=reinterpret pc=0x000001ea87c1bca0 method=java.lang.invoke.InvokerBytecodeGenerator.addMethod()V @ 81 c2
Event: 11.531 Thread 0x000001eafe60c1f0 DEOPT PACKING pc=0x000001ea87c1bca0 sp=0x000000c4ea3f86f0
Event: 11.531 Thread 0x000001eafe60c1f0 DEOPT UNPACKING pc=0x000001ea875846a2 sp=0x000000c4ea3f86e0 mode 2
Event: 11.622 Thread 0x000001eafe60c1f0 Uncommon trap: trap_request=0xffffff45 fr.pc=0x000001ea87dd3644 relative=0x0000000000001a24
Event: 11.622 Thread 0x000001eafe60c1f0 Uncommon trap: reason=unstable_if action=reinterpret pc=0x000001ea87dd3644 method=java.util.HashMap.getNode(Ljava/lang/Object;)Ljava/util/HashMap$Node; @ 85 c2
Event: 11.622 Thread 0x000001eafe60c1f0 DEOPT PACKING pc=0x000001ea87dd3644 sp=0x000000c4ea3f7db0
Event: 11.622 Thread 0x000001eafe60c1f0 DEOPT UNPACKING pc=0x000001ea875846a2 sp=0x000000c4ea3f7c98 mode 2
Event: 11.622 Thread 0x000001eafe60c1f0 Uncommon trap: trap_request=0xffffff45 fr.pc=0x000001ea87b7f774 relative=0x00000000000006d4
Event: 11.622 Thread 0x000001eafe60c1f0 Uncommon trap: reason=unstable_if action=reinterpret pc=0x000001ea87b7f774 method=java.util.HashMap.putVal(ILjava/lang/Object;Ljava/lang/Object;ZZ)Ljava/lang/Object; @ 109 c2
Event: 11.622 Thread 0x000001eafe60c1f0 DEOPT PACKING pc=0x000001ea87b7f774 sp=0x000000c4ea3f7cb0
Event: 11.622 Thread 0x000001eafe60c1f0 DEOPT UNPACKING pc=0x000001ea875846a2 sp=0x000000c4ea3f7c38 mode 2
Event: 11.623 Thread 0x000001eafe60c1f0 Uncommon trap: trap_request=0xffffff45 fr.pc=0x000001ea87c4d54c relative=0x00000000000002ec
Event: 11.623 Thread 0x000001eafe60c1f0 Uncommon trap: reason=unstable_if action=reinterpret pc=0x000001ea87c4d54c method=java.util.HashMap.getNode(Ljava/lang/Object;)Ljava/util/HashMap$Node; @ 85 c2
Event: 11.623 Thread 0x000001eafe60c1f0 DEOPT PACKING pc=0x000001ea87c4d54c sp=0x000000c4ea3f7d80
Event: 11.623 Thread 0x000001eafe60c1f0 DEOPT UNPACKING pc=0x000001ea875846a2 sp=0x000000c4ea3f7c90 mode 2

Classes loaded (20 events):
Event: 9.426 Loading class java/security/cert/CertificateParsingException
Event: 9.426 Loading class java/security/cert/CertificateException
Event: 9.426 Loading class java/security/cert/CertificateException done
Event: 9.426 Loading class java/security/cert/CertificateParsingException done
Event: 9.426 Loading class javax/naming/NamingException
Event: 9.426 Loading class javax/naming/NamingException done
Event: 9.426 Loading class javax/naming/InvalidNameException
Event: 9.427 Loading class javax/naming/InvalidNameException done
Event: 9.480 Loading class java/nio/channels/Channels$ReadableByteChannelImpl
Event: 9.480 Loading class java/nio/channels/Channels$ReadableByteChannelImpl done
Event: 9.496 Loading class java/util/EmptyStackException
Event: 9.497 Loading class java/util/EmptyStackException done
Event: 9.515 Loading class java/io/InvalidClassException
Event: 9.515 Loading class java/io/InvalidClassException done
Event: 11.479 Loading class java/util/Comparators$NaturalOrderComparator
Event: 11.480 Loading class java/util/Comparators$NaturalOrderComparator done
Event: 11.602 Loading class java/io/FileWriter
Event: 11.604 Loading class java/io/FileWriter done
Event: 12.887 Loading class java/util/concurrent/LinkedBlockingDeque$Itr
Event: 12.887 Loading class java/util/concurrent/LinkedBlockingDeque$AbstractItr

Classes unloaded (0 events):
No events

Classes redefined (0 events):
No events

Internal exceptions (20 events):
Event: 8.483 Thread 0x000001eafe60c1f0 Exception <a 'sun/nio/fs/WindowsException'{0x0000000086197290}> (0x0000000086197290) 
thrown [s\src\hotspot\share\prims\jni.cpp, line 537]
Event: 8.485 Thread 0x000001eafe60c1f0 Exception <a 'sun/nio/fs/WindowsException'{0x0000000086198a78}> (0x0000000086198a78) 
thrown [s\src\hotspot\share\prims\jni.cpp, line 537]
Event: 8.489 Thread 0x000001eafe60c1f0 Exception <a 'java/lang/NoSuchMethodError'{0x00000000861ad5d8}: 'java.lang.Object java.lang.invoke.Invokers$Holder.invoker(java.lang.Object, java.lang.Object, java.lang.Object, java.lang.Object, java.lang.Object, java.lang.Object)'> (0x00000000861ad5d8) 
thrown [s\src\hotspot\share\interpreter\linkResolver.cpp, line 784]
Event: 8.507 Thread 0x000001eafe60c1f0 Exception <a 'java/lang/NoSuchMethodError'{0x00000000860bcb30}: 'java.lang.Object java.lang.invoke.DirectMethodHandle$Holder.invokeSpecial(java.lang.Object, java.lang.Object, java.lang.Object, java.lang.Object, java.lang.Object, java.lang.Object, java.lang.Object, java.lang.Object, java.lang.Object, java.lang.Object, java.lang.Object, java.lang.Object, java.lang.Object, java.lang.Object, java.lang.Object, java.lang.Object, java.lang.Object, java.lang.Object, java.lang.Object, java.lang.Object, java.lang.Ob
Event: 8.507 Thread 0x000001eafe60c1f0 Exception <a 'java/lang/NoSuchMethodError'{0x00000000860c2e80}: 'java.lang.Object java.lang.invoke.DelegatingMethodHandle$Holder.reinvoke_L(java.lang.Object, java.lang.Object, java.lang.Object, java.lang.Object, java.lang.Object, java.lang.Object, java.lang.Object, java.lang.Object, java.lang.Object, java.lang.Object, java.lang.Object, java.lang.Object, java.lang.Object, java.lang.Object, java.lang.Object, java.lang.Object, java.lang.Object, java.lang.Object, java.lang.Object, java.lang.Object, java.lang.O
Event: 8.507 Thread 0x000001eafe60c1f0 Exception <a 'java/lang/NoSuchMethodError'{0x00000000860ce2a8}: 'java.lang.Object java.lang.invoke.Invokers$Holder.invoker(java.lang.Object, java.lang.Object, java.lang.Object, java.lang.Object, java.lang.Object, java.lang.Object, java.lang.Object, java.lang.Object, java.lang.Object, java.lang.Object, java.lang.Object, java.lang.Object, java.lang.Object, java.lang.Object, java.lang.Object, java.lang.Object, java.lang.Object, java.lang.Object, java.lang.Object, java.lang.Object, java.lang.Object, java.lang.
Event: 8.507 Thread 0x000001eafe60c1f0 Exception <a 'java/lang/NoSuchMethodError'{0x00000000860d4ea8}: 'java.lang.Object java.lang.invoke.DelegatingMethodHandle$Holder.delegate(java.lang.Object, java.lang.Object, java.lang.Object, java.lang.Object, java.lang.Object, java.lang.Object, java.lang.Object, java.lang.Object, java.lang.Object, java.lang.Object, java.lang.Object, java.lang.Object, java.lang.Object, java.lang.Object, java.lang.Object, java.lang.Object, java.lang.Object, java.lang.Object, java.lang.Object, java.lang.Object, java.lang.Obj
Event: 8.740 Thread 0x000001eafe60c1f0 Exception <a 'java/lang/NoSuchMethodError'{0x00000000872c1660}: 'java.lang.Object java.lang.invoke.DirectMethodHandle$Holder.newInvokeSpecial(java.lang.Object, java.lang.Object, java.lang.Object, java.lang.Object, java.lang.Object, java.lang.Object, java.lang.Object, java.lang.Object, java.lang.Object, java.lang.Object, java.lang.Object, java.lang.Object, java.lang.Object, java.lang.Object, java.lang.Object, java.lang.Object, java.lang.Object, java.lang.Object, java.lang.Object)'> (0x00000000872c1660) 
thr
Event: 8.741 Thread 0x000001eafe60c1f0 Exception <a 'java/lang/NoSuchMethodError'{0x00000000872c8580}: 'java.lang.Object java.lang.invoke.DirectMethodHandle$Holder.invokeSpecial(java.lang.Object, java.lang.Object, java.lang.Object, java.lang.Object, java.lang.Object, java.lang.Object, java.lang.Object, java.lang.Object, java.lang.Object, java.lang.Object, java.lang.Object, java.lang.Object, java.lang.Object, java.lang.Object, java.lang.Object, java.lang.Object, java.lang.Object, java.lang.Object, java.lang.Object, java.lang.Object)'> (0x0000000
Event: 8.741 Thread 0x000001eafe60c1f0 Exception <a 'java/lang/NoSuchMethodError'{0x00000000872ce0b8}: 'java.lang.Object java.lang.invoke.DelegatingMethodHandle$Holder.reinvoke_L(java.lang.Object, java.lang.Object, java.lang.Object, java.lang.Object, java.lang.Object, java.lang.Object, java.lang.Object, java.lang.Object, java.lang.Object, java.lang.Object, java.lang.Object, java.lang.Object, java.lang.Object, java.lang.Object, java.lang.Object, java.lang.Object, java.lang.Object, java.lang.Object, java.lang.Object)'> (0x00000000872ce0b8) 
throw
Event: 8.752 Thread 0x000001eafe60c1f0 Exception <a 'java/lang/IncompatibleClassChangeError'{0x000000008719c0f0}: Found class java.lang.Object, but interface was expected> (0x000000008719c0f0) 
thrown [s\src\hotspot\share\interpreter\linkResolver.cpp, line 851]
Event: 9.363 Thread 0x000001eafe604150 Exception <a 'java/lang/NoSuchMethodError'{0x0000000088914cf8}: static Lorg/gradle/internal/build/event/types/DefaultOperationStartedProgressEvent;.<clinit>()V> (0x0000000088914cf8) 
thrown [s\src\hotspot\share\prims\jni.cpp, line 1144]
Event: 9.363 Thread 0x000001eafe604150 Exception <a 'java/lang/NoSuchMethodError'{0x00000000889166a0}: static Lorg/gradle/internal/build/event/types/AbstractProgressEvent;.<clinit>()V> (0x00000000889166a0) 
thrown [s\src\hotspot\share\prims\jni.cpp, line 1144]
Event: 9.364 Thread 0x000001eafe604150 Exception <a 'java/lang/NoSuchMethodError'{0x000000008892aaa8}: static Lorg/gradle/internal/build/event/types/DefaultBuildPhaseDescriptor;.<clinit>()V> (0x000000008892aaa8) 
thrown [s\src\hotspot\share\prims\jni.cpp, line 1144]
Event: 9.364 Thread 0x000001eafe604150 Exception <a 'java/lang/NoSuchMethodError'{0x000000008892e068}: static Lorg/gradle/internal/build/event/types/DefaultOperationDescriptor;.<clinit>()V> (0x000000008892e068) 
thrown [s\src\hotspot\share\prims\jni.cpp, line 1144]
Event: 9.366 Thread 0x000001eafe604150 Exception <a 'java/lang/NoSuchMethodError'{0x00000000889490b8}: static Lorg/gradle/internal/operations/OperationIdentifier;.<clinit>()V> (0x00000000889490b8) 
thrown [s\src\hotspot\share\prims\jni.cpp, line 1144]
Event: 9.466 Thread 0x000001eafe60c1f0 Exception <a 'sun/nio/fs/WindowsException'{0x0000000088492140}> (0x0000000088492140) 
thrown [s\src\hotspot\share\prims\jni.cpp, line 537]
Event: 9.467 Thread 0x000001eafe60c1f0 Exception <a 'sun/nio/fs/WindowsException'{0x0000000088493b50}> (0x0000000088493b50) 
thrown [s\src\hotspot\share\prims\jni.cpp, line 537]
Event: 9.468 Thread 0x000001eafe60c1f0 Exception <a 'sun/nio/fs/WindowsException'{0x000000008849cd20}> (0x000000008849cd20) 
thrown [s\src\hotspot\share\prims\jni.cpp, line 537]
Event: 11.475 Thread 0x000001eafe60c1f0 Exception <a 'java/lang/NoSuchMethodError'{0x0000000087c067f0}: 'void java.lang.invoke.DirectMethodHandle$Holder.invokeStatic(java.lang.Object, java.lang.Object, java.lang.Object, java.lang.Object, java.lang.Object, java.lang.Object, java.lang.Object)'> (0x0000000087c067f0) 
thrown [s\src\hotspot\share\interpreter\linkResolver.cpp, line 784]

ZGC Phase Switch (0 events):
No events

VM Operations (20 events):
Event: 8.454 Executing VM operation: ICBufferFull
Event: 8.454 Executing VM operation: ICBufferFull done
Event: 8.573 Executing VM operation: G1CollectForAllocation (G1 Evacuation Pause)
Event: 8.586 Executing VM operation: G1CollectForAllocation (G1 Evacuation Pause) done
Event: 8.978 Executing VM operation: G1CollectForAllocation (G1 Evacuation Pause)
Event: 8.984 Executing VM operation: G1CollectForAllocation (G1 Evacuation Pause) done
Event: 9.014 Executing VM operation: G1PauseRemark
Event: 9.062 Executing VM operation: G1PauseRemark done
Event: 9.080 Executing VM operation: G1PauseCleanup
Event: 9.080 Executing VM operation: G1PauseCleanup done
Event: 11.088 Executing VM operation: Cleanup
Event: 11.376 Executing VM operation: Cleanup done
Event: 11.484 Executing VM operation: HandshakeAllThreads (Deoptimize)
Event: 11.484 Executing VM operation: HandshakeAllThreads (Deoptimize) done
Event: 11.605 Executing VM operation: HandshakeAllThreads (Deoptimize)
Event: 11.605 Executing VM operation: HandshakeAllThreads (Deoptimize) done
Event: 11.718 Executing VM operation: G1CollectForAllocation (G1 Evacuation Pause)
Event: 11.724 Executing VM operation: G1CollectForAllocation (G1 Evacuation Pause) done
Event: 12.724 Executing VM operation: Cleanup
Event: 12.724 Executing VM operation: Cleanup done

Memory protections (0 events):
No events

Nmethod flushes (20 events):
Event: 9.017 Thread 0x000001eafc55dd80 flushing  nmethod 0x000001ea804dda90
Event: 9.017 Thread 0x000001eafc55dd80 flushing  nmethod 0x000001ea805e9310
Event: 9.017 Thread 0x000001eafc55dd80 flushing  nmethod 0x000001ea805ee710
Event: 9.017 Thread 0x000001eafc55dd80 flushing  nmethod 0x000001ea8062ec10
Event: 9.017 Thread 0x000001eafc55dd80 flushing  nmethod 0x000001ea80633590
Event: 9.017 Thread 0x000001eafc55dd80 flushing  nmethod 0x000001ea80653c10
Event: 9.017 Thread 0x000001eafc55dd80 flushing  nmethod 0x000001ea806a3410
Event: 9.017 Thread 0x000001eafc55dd80 flushing  nmethod 0x000001ea806a3f10
Event: 9.017 Thread 0x000001eafc55dd80 flushing  nmethod 0x000001ea806dc890
Event: 9.017 Thread 0x000001eafc55dd80 flushing  nmethod 0x000001ea806dd710
Event: 9.017 Thread 0x000001eafc55dd80 flushing  nmethod 0x000001ea80708210
Event: 9.017 Thread 0x000001eafc55dd80 flushing  nmethod 0x000001ea80708e90
Event: 9.017 Thread 0x000001eafc55dd80 flushing  nmethod 0x000001ea80709610
Event: 9.017 Thread 0x000001eafc55dd80 flushing  nmethod 0x000001ea80709a10
Event: 9.017 Thread 0x000001eafc55dd80 flushing  nmethod 0x000001ea8070a090
Event: 9.017 Thread 0x000001eafc55dd80 flushing  nmethod 0x000001ea8070ab10
Event: 9.017 Thread 0x000001eafc55dd80 flushing  nmethod 0x000001ea8070b390
Event: 9.017 Thread 0x000001eafc55dd80 flushing  nmethod 0x000001ea8070b710
Event: 9.017 Thread 0x000001eafc55dd80 flushing  nmethod 0x000001ea8070c690
Event: 9.017 Thread 0x000001eafc55dd80 flushing  nmethod 0x000001ea8070d490

Events (20 events):
Event: 7.845 Thread 0x000001eafe60c1f0 Thread added: 0x000001ea93d49a60
Event: 7.879 Thread 0x000001eafe60c1f0 Thread added: 0x000001ea93d4a0f0
Event: 7.880 Thread 0x000001eafe60c1f0 Thread added: 0x000001ea93d48d40
Event: 8.055 Thread 0x000001eafe60c1f0 Thread added: 0x000001ea93d4ae10
Event: 8.056 Thread 0x000001eafe60c1f0 Thread added: 0x000001ea93d4c1c0
Event: 8.057 Thread 0x000001eafe60c1f0 Thread added: 0x000001ea93d493d0
Event: 8.057 Thread 0x000001eafe60c1f0 Thread added: 0x000001ea93d4b4a0
Event: 8.058 Thread 0x000001eafe60c1f0 Thread added: 0x000001eaff2a7d10
Event: 8.059 Thread 0x000001eafe60c1f0 Thread added: 0x000001eaff2a62d0
Event: 8.060 Thread 0x000001eafe60c1f0 Thread added: 0x000001eaff2a8a30
Event: 8.082 Thread 0x000001eafe60c1f0 Thread added: 0x000001eaff2a7680
Event: 8.082 Thread 0x000001eafe60c1f0 Thread added: 0x000001eaff2a9750
Event: 8.083 Thread 0x000001eafe60c1f0 Thread added: 0x000001eaff2a6960
Event: 8.084 Thread 0x000001eafe60c1f0 Thread added: 0x000001eaff2a6ff0
Event: 8.087 Thread 0x000001eafe60c1f0 Thread added: 0x000001eaff2a83a0
Event: 8.089 Thread 0x000001eafe60c1f0 Thread added: 0x000001eaff2a90c0
Event: 8.090 Thread 0x000001eafe60c1f0 Thread added: 0x000001ea94f55da0
Event: 9.226 Thread 0x000001ea946b20c0 Thread exited: 0x000001ea946b20c0
Event: 9.272 Thread 0x000001eafc846970 Thread added: 0x000001ea95425850
Event: 9.517 Thread 0x000001ea95425850 Thread exited: 0x000001ea95425850


Dynamic libraries:
0x00007ff644440000 - 0x00007ff64444a000 	C:\Program Files\Android\Android Studio\jbr\bin\java.exe
0x00007ffa8c220000 - 0x00007ffa8c488000 	C:\WINDOWS\SYSTEM32\ntdll.dll
0x00007ffa8a960000 - 0x00007ffa8aa29000 	C:\WINDOWS\System32\KERNEL32.DLL
0x00007ffa89460000 - 0x00007ffa89852000 	C:\WINDOWS\System32\KERNELBASE.dll
0x00007ffa89d20000 - 0x00007ffa89e6b000 	C:\WINDOWS\System32\ucrtbase.dll
0x00007ffa77c20000 - 0x00007ffa77c3b000 	C:\Program Files\Android\Android Studio\jbr\bin\VCRUNTIME140.dll
0x00007ffa5d590000 - 0x00007ffa5d5a8000 	C:\Program Files\Android\Android Studio\jbr\bin\jli.dll
0x00007ffa89ff0000 - 0x00007ffa8a1b5000 	C:\WINDOWS\System32\USER32.dll
0x00007ffa898f0000 - 0x00007ffa89917000 	C:\WINDOWS\System32\win32u.dll
0x00007ffa8aaf0000 - 0x00007ffa8ab1b000 	C:\WINDOWS\System32\GDI32.dll
0x00007ffa89920000 - 0x00007ffa89a4d000 	C:\WINDOWS\System32\gdi32full.dll
0x00007ffa893b0000 - 0x00007ffa89453000 	C:\WINDOWS\System32\msvcp_win.dll
0x00007ffa669f0000 - 0x00007ffa66c83000 	C:\WINDOWS\WinSxS\amd64_microsoft.windows.common-controls_6595b64144ccf1df_6.0.26100.6899_none_3e0efeeae32e88c1\COMCTL32.dll
0x00007ffa8a400000 - 0x00007ffa8a4a9000 	C:\WINDOWS\System32\msvcrt.dll
0x00007ffa8a1c0000 - 0x00007ffa8a1ef000 	C:\WINDOWS\System32\IMM32.DLL
0x00007ffa85f50000 - 0x00007ffa85f5c000 	C:\Program Files\Android\Android Studio\jbr\bin\vcruntime140_1.dll
0x00007ffa38a30000 - 0x00007ffa38abd000 	C:\Program Files\Android\Android Studio\jbr\bin\msvcp140.dll
0x00007ff9feec0000 - 0x00007ff9ffb56000 	C:\Program Files\Android\Android Studio\jbr\bin\server\jvm.dll
0x00007ffa8b4d0000 - 0x00007ffa8b584000 	C:\WINDOWS\System32\ADVAPI32.dll
0x00007ffa8adf0000 - 0x00007ffa8ae96000 	C:\WINDOWS\System32\sechost.dll
0x00007ffa8aea0000 - 0x00007ffa8afb8000 	C:\WINDOWS\System32\RPCRT4.dll
0x00007ffa8ab30000 - 0x00007ffa8aba4000 	C:\WINDOWS\System32\WS2_32.dll
0x00007ffa89210000 - 0x00007ffa8926e000 	C:\WINDOWS\SYSTEM32\POWRPROF.dll
0x00007ffa81540000 - 0x00007ffa81575000 	C:\WINDOWS\SYSTEM32\WINMM.dll
0x00007ffa77140000 - 0x00007ffa7714b000 	C:\WINDOWS\SYSTEM32\VERSION.dll
0x00007ffa891f0000 - 0x00007ffa89204000 	C:\WINDOWS\SYSTEM32\UMPDC.dll
0x00007ffa88180000 - 0x00007ffa8819b000 	C:\WINDOWS\SYSTEM32\kernel.appcore.dll
0x00007ffa78a40000 - 0x00007ffa78a4a000 	C:\Program Files\Android\Android Studio\jbr\bin\jimage.dll
0x00007ffa86aa0000 - 0x00007ffa86ce2000 	C:\WINDOWS\SYSTEM32\DBGHELP.DLL
0x00007ffa8b690000 - 0x00007ffa8ba0b000 	C:\WINDOWS\System32\combase.dll
0x00007ffa8a200000 - 0x00007ffa8a2d7000 	C:\WINDOWS\System32\OLEAUT32.dll
0x00007ffa77fb0000 - 0x00007ffa77fec000 	C:\WINDOWS\SYSTEM32\dbgcore.DLL
0x00007ffa89c80000 - 0x00007ffa89d18000 	C:\WINDOWS\System32\bcryptPrimitives.dll
0x00007ffa5d580000 - 0x00007ffa5d58e000 	C:\Program Files\Android\Android Studio\jbr\bin\instrument.dll
0x00007ffa77470000 - 0x00007ffa77490000 	C:\Program Files\Android\Android Studio\jbr\bin\java.dll
0x00007ffa73210000 - 0x00007ffa73228000 	C:\Program Files\Android\Android Studio\jbr\bin\zip.dll
0x00007ffa8ba10000 - 0x00007ffa8c15d000 	C:\WINDOWS\System32\SHELL32.dll
0x00007ffa89b10000 - 0x00007ffa89c7b000 	C:\WINDOWS\System32\wintypes.dll
0x00007ffa87020000 - 0x00007ffa8787d000 	C:\WINDOWS\SYSTEM32\windows.storage.dll
0x00007ffa8a2e0000 - 0x00007ffa8a3d2000 	C:\WINDOWS\System32\SHCORE.dll
0x00007ffa8a6d0000 - 0x00007ffa8a732000 	C:\WINDOWS\System32\shlwapi.dll
0x00007ffa892d0000 - 0x00007ffa892f9000 	C:\WINDOWS\SYSTEM32\profapi.dll
0x00007ffa647c0000 - 0x00007ffa647d0000 	C:\Program Files\Android\Android Studio\jbr\bin\net.dll
0x00007ffa791d0000 - 0x00007ffa792ef000 	C:\WINDOWS\SYSTEM32\WINHTTP.dll
0x00007ffa886f0000 - 0x00007ffa8875b000 	C:\WINDOWS\system32\mswsock.dll
0x00007ffa62a50000 - 0x00007ffa62a66000 	C:\Program Files\Android\Android Studio\jbr\bin\nio.dll
0x00007ffa5d5d0000 - 0x00007ffa5d5e0000 	C:\Program Files\Android\Android Studio\jbr\bin\verify.dll
0x00007ffa4b760000 - 0x00007ffa4b787000 	C:\Users\produ\.gradle\native\1def1411415f61bf3af743bc5b6707747c0891f09f0c88961ee8f79bc544acac\windows-amd64\native-platform.dll
0x00007ffa2fda0000 - 0x00007ffa2fe18000 	C:\Users\produ\.gradle\native\0.2.7\x86_64-windows-gnu\gradle-fileevents.dll
0x00007ffa62a30000 - 0x00007ffa62a39000 	C:\Program Files\Android\Android Studio\jbr\bin\management.dll
0x00007ffa62910000 - 0x00007ffa6291b000 	C:\Program Files\Android\Android Studio\jbr\bin\management_ext.dll
0x00007ffa8ab20000 - 0x00007ffa8ab28000 	C:\WINDOWS\System32\PSAPI.DLL
0x00007ffa87cf0000 - 0x00007ffa87d24000 	C:\WINDOWS\SYSTEM32\IPHLPAPI.DLL
0x00007ffa8a920000 - 0x00007ffa8a92a000 	C:\WINDOWS\System32\NSI.dll
0x00007ffa62a40000 - 0x00007ffa62a49000 	C:\Program Files\Android\Android Studio\jbr\bin\extnet.dll
0x00007ffa889a0000 - 0x00007ffa889bb000 	C:\WINDOWS\SYSTEM32\CRYPTSP.dll
0x00007ffa880e0000 - 0x00007ffa8811b000 	C:\WINDOWS\system32\rsaenh.dll
0x00007ffa88790000 - 0x00007ffa887bb000 	C:\WINDOWS\SYSTEM32\USERENV.dll
0x00007ffa892a0000 - 0x00007ffa892c6000 	C:\WINDOWS\SYSTEM32\bcrypt.dll
0x00007ffa889c0000 - 0x00007ffa889cc000 	C:\WINDOWS\SYSTEM32\CRYPTBASE.dll
0x00007ffa54c20000 - 0x00007ffa54c28000 	C:\WINDOWS\system32\wshunix.dll

JVMTI agents:
C:\Users\produ\.gradle\wrapper\dists\gradle-8.13-bin\5xuhj0ry160q40clulazy9h7d\gradle-8.13\lib\agents\gradle-instrumentation-agent-8.13.jar path:C:\Program Files\Android\Android Studio\jbr\bin\instrument.dll, loaded, initialized, instrumentlib options:none

dbghelp: loaded successfully - version: 4.0.5 - missing functions: none
symbol engine: initialized successfully - sym options: 0x614 - pdb path: .;C:\Program Files\Android\Android Studio\jbr\bin;C:\WINDOWS\SYSTEM32;C:\WINDOWS\WinSxS\amd64_microsoft.windows.common-controls_6595b64144ccf1df_6.0.26100.6899_none_3e0efeeae32e88c1;C:\Program Files\Android\Android Studio\jbr\bin\server;C:\Users\produ\.gradle\native\1def1411415f61bf3af743bc5b6707747c0891f09f0c88961ee8f79bc544acac\windows-amd64;C:\Users\produ\.gradle\native\0.2.7\x86_64-windows-gnu

VM Arguments:
jvm_args: --add-opens=java.base/java.lang=ALL-UNNAMED --add-opens=java.base/java.lang.invoke=ALL-UNNAMED --add-opens=java.base/java.util=ALL-UNNAMED --add-opens=java.prefs/java.util.prefs=ALL-UNNAMED --add-exports=jdk.compiler/com.sun.tools.javac.api=ALL-UNNAMED --add-exports=jdk.compiler/com.sun.tools.javac.util=ALL-UNNAMED --add-opens=java.base/java.util=ALL-UNNAMED --add-opens=java.prefs/java.util.prefs=ALL-UNNAMED --add-opens=java.base/java.nio.charset=ALL-UNNAMED --add-opens=java.base/java.net=ALL-UNNAMED --add-opens=java.base/java.util.concurrent.atomic=ALL-UNNAMED --add-opens=java.xml/javax.xml.namespace=ALL-UNNAMED -Xmx2048m -Dfile.encoding=UTF-8 -Duser.country=BR -Duser.language=pt -Duser.variant -javaagent:C:\Users\produ\.gradle\wrapper\dists\gradle-8.13-bin\5xuhj0ry160q40clulazy9h7d\gradle-8.13\lib\agents\gradle-instrumentation-agent-8.13.jar 
java_command: org.gradle.launcher.daemon.bootstrap.GradleDaemon 8.13
java_class_path (initial): C:\Users\produ\.gradle\wrapper\dists\gradle-8.13-bin\5xuhj0ry160q40clulazy9h7d\gradle-8.13\lib\gradle-daemon-main-8.13.jar
Launcher Type: SUN_STANDARD

[Global flags]
     intx CICompilerCount                          = 4                                         {product} {ergonomic}
     uint ConcGCThreads                            = 2                                         {product} {ergonomic}
     uint G1ConcRefinementThreads                  = 8                                         {product} {ergonomic}
   size_t G1HeapRegionSize                         = 1048576                                   {product} {ergonomic}
    uintx GCDrainStackTargetSize                   = 64                                        {product} {ergonomic}
   size_t InitialHeapSize                          = 62914560                                  {product} {ergonomic}
   size_t MarkStackSize                            = 4194304                                   {product} {ergonomic}
   size_t MaxHeapSize                              = 2147483648                                {product} {command line}
   size_t MaxNewSize                               = 1287651328                                {product} {ergonomic}
   size_t MinHeapDeltaBytes                        = 1048576                                   {product} {ergonomic}
   size_t MinHeapSize                              = 8388608                                   {product} {ergonomic}
    uintx NonNMethodCodeHeapSize                   = 5839372                                {pd product} {ergonomic}
    uintx NonProfiledCodeHeapSize                  = 122909434                              {pd product} {ergonomic}
    uintx ProfiledCodeHeapSize                     = 122909434                              {pd product} {ergonomic}
    uintx ReservedCodeCacheSize                    = 251658240                              {pd product} {ergonomic}
     bool SegmentedCodeCache                       = true                                      {product} {ergonomic}
   size_t SoftMaxHeapSize                          = 2147483648                             {manageable} {ergonomic}
     bool UseCompressedOops                        = true                           {product lp64_product} {ergonomic}
     bool UseG1GC                                  = true                                      {product} {ergonomic}
     bool UseLargePagesIndividualAllocation        = false                                  {pd product} {ergonomic}

Logging:
Log output configuration:
 #0: stdout all=warning uptime,level,tags foldmultilines=false
 #1: stderr all=off uptime,level,tags foldmultilines=false

Environment Variables:
PATH=C:\WINDOWS\system32;C:\WINDOWS;C:\WINDOWS\System32\Wbem;C:\WINDOWS\System32\WindowsPowerShell\v1.0\;C:\WINDOWS\System32\OpenSSH\;C:\Program Files\cursor\resources\app\bin;C:\Program Files\Git\cmd;C:\Users\produ\AppData\Local\Microsoft\WindowsApps;
USERNAME=produ
OS=Windows_NT
PROCESSOR_IDENTIFIER=Intel64 Family 6 Model 154 Stepping 4, GenuineIntel
TMP=C:\Users\produ\AppData\Local\Temp
TEMP=C:\Users\produ\AppData\Local\Temp




Periodic native trim disabled

JNI global refs:
JNI global refs: 26, weak refs: 2

JNI global refs memory usage: 835, weak refs: 833

Process memory usage:
Resident Set Size: 331900K (8% of 3912184K total physical memory with 357644K free physical memory)

OOME stack traces (most recent first):
Classloader memory used:
Loader org.gradle.internal.classloader.VisitableURLClassLoader                         : 35484K
Loader bootstrap                                                                       : 23147K
Loader org.gradle.initialization.MixInLegacyTypesClassLoader                           : 8600K
Loader org.gradle.internal.classloader.VisitableURLClassLoader                         : 961K
Loader org.gradle.internal.classloader.VisitableURLClassLoader$InstrumentingVisitableURLClassLoader: 586K
Loader jdk.internal.loader.ClassLoaders$PlatformClassLoader                            : 528K
Loader jdk.internal.loader.ClassLoaders$AppClassLoader                                 : 235K
Loader jdk.internal.reflect.DelegatingClassLoader                                      : 209K
Loader org.gradle.groovy.scripts.internal.DefaultScriptCompilationHandler$ScriptClassLoader: 90560B
Loader org.codehaus.groovy.runtime.callsite.CallSiteClassLoader                        : 49912B

Classes loaded by more than one classloader:
Class org.gradle.internal.IoActions                                                   : loaded 3 times (x 71B)
Class org.gradle.api.Action                                                           : loaded 3 times (x 70B)
Class org.gradle.internal.Cast                                                        : loaded 3 times (x 71B)
Class org.gradle.api.GradleException                                                  : loaded 3 times (x 82B)
Class org.gradle.api.UncheckedIOException                                             : loaded 3 times (x 82B)
Class org.gradle.internal.classloader.DefaultClassLoaderFactory                       : loaded 2 times (x 82B)
Class kotlin.collections.AbstractList$Companion                                       : loaded 2 times (x 71B)
Class org.gradle.internal.classloader.ClassLoaderVisitor                              : loaded 2 times (x 76B)
Class org.gradle.api.internal.classpath.EffectiveClassPath                            : loaded 2 times (x 90B)
Class org.gradle.tooling.internal.gradle.DefaultProjectIdentifier                     : loaded 2 times (x 86B)
Class org.gradle.api.internal.DefaultClassPathProvider                                : loaded 2 times (x 76B)
Class [Lorg.gradle.api.internal.ClassPathProvider;                                    : loaded 2 times (x 69B)
Class org.gradle.api.internal.ClassPathProvider                                       : loaded 2 times (x 70B)
Class org.gradle.internal.service.UnknownServiceException                             : loaded 2 times (x 83B)
Class org.gradle.internal.classpath.TransformedClassPath                              : loaded 2 times (x 96B)
Class org.gradle.internal.classloader.InstrumentingClassLoader                        : loaded 2 times (x 70B)
Class kotlin.enums.EnumEntriesList                                                    : loaded 2 times (x 223B)
Class org.gradle.internal.service.ServiceLocator                                      : loaded 2 times (x 70B)
Class com.intellij.gradle.toolingExtension.util.GradleVersionUtil                     : loaded 2 times (x 71B)
Class org.gradle.tooling.model.UnsupportedMethodException                             : loaded 2 times (x 82B)
Class sync_studio_tooling6176_2ul26pgzfu6gckss8abmfvzc1                               : loaded 2 times (x 179B)
Class org.gradle.internal.InternalTransformer                                         : loaded 2 times (x 70B)
Class org.gradle.internal.time.DefaultTimer                                           : loaded 2 times (x 80B)
Class org.gradle.internal.classloader.ClasspathUtil$1                                 : loaded 2 times (x 76B)
Class org.gradle.api.internal.classpath.DefaultModuleRegistry$DefaultModule           : loaded 2 times (x 86B)
Class ijInit7_4tjszpdt9gsvzm21mjafmrntl                                               : loaded 2 times (x 179B)
Class org.gradle.internal.time.DefaultCountdownTimer                                  : loaded 2 times (x 88B)
Class org.gradle.tooling.internal.gradle.DefaultBuildIdentifier                       : loaded 2 times (x 79B)
Class kotlin.Function                                                                 : loaded 2 times (x 70B)
Class org.gradle.api.internal.classpath.Module                                        : loaded 2 times (x 70B)
Class org.gradle.api.internal.classpath.UnknownModuleException                        : loaded 2 times (x 82B)
Class org.gradle.tooling.internal.gradle.GradleProjectIdentity                        : loaded 2 times (x 70B)
Class org.gradle.api.internal.DefaultClassPathRegistry                                : loaded 2 times (x 76B)
Class org.gradle.api.internal.ClassPathRegistry                                       : loaded 2 times (x 70B)
Class org.gradle.internal.classpath.DefaultClassPath$ImmutableUniqueList              : loaded 2 times (x 199B)
Class Settings_gradle$1                                                               : loaded 2 times (x 74B)
Class Program                                                                         : loaded 2 times (x 72B)
Class org.gradle.internal.operations.MultipleBuildOperationFailures                   : loaded 2 times (x 95B)
Class org.gradle.api.internal.classpath.ManifestUtil                                  : loaded 2 times (x 71B)
Class org.gradle.tooling.model.Model                                                  : loaded 2 times (x 70B)
Class kotlin.UninitializedPropertyAccessException                                     : loaded 2 times (x 82B)
Class org.gradle.internal.installation.GradleInstallation$1                           : loaded 2 times (x 75B)
Class org.gradle.api.internal.classpath.ModuleRegistry                                : loaded 2 times (x 70B)
Class org.gradle.api.internal.classpath.DefaultModuleRegistry                         : loaded 2 times (x 86B)
Class org.gradle.util.internal.DefaultGradleVersion$Stage                             : loaded 2 times (x 75B)
Class org.gradle.internal.time.MonotonicClock                                         : loaded 2 times (x 77B)
Class org.gradle.internal.service.ServiceLookupException                              : loaded 2 times (x 82B)
Class org.gradle.internal.classloader.ClassLoaderFactory                              : loaded 2 times (x 70B)
Class org.gradle.internal.service.CachingServiceLocator                               : loaded 2 times (x 82B)
Class org.gradle.internal.time.TimeSource                                             : loaded 2 times (x 70B)
Class org.gradle.tooling.internal.gradle.GradleBuildIdentity                          : loaded 2 times (x 70B)
Class kotlin.enums.EnumEntries                                                        : loaded 2 times (x 70B)
Class org.gradle.internal.exceptions.ResolutionProvider                               : loaded 2 times (x 70B)
Class org.gradle.tooling.model.ProjectIdentifier                                      : loaded 2 times (x 70B)
Class org.gradle.internal.classloader.ClasspathUtil                                   : loaded 2 times (x 71B)
Class org.gradle.internal.time.TimeSource$1                                           : loaded 2 times (x 77B)
Class kotlin.jvm.internal.DefaultConstructorMarker                                    : loaded 2 times (x 71B)
Class org.gradle.api.specs.Spec                                                       : loaded 2 times (x 70B)
Class com.intellij.gradle.toolingExtension.impl.model.utilDummyModel.DummyModel       : loaded 2 times (x 70B)
Class org.gradle.internal.time.Clock                                                  : loaded 2 times (x 70B)
Class kotlin.collections.AbstractList                                                 : loaded 2 times (x 197B)
Class kotlin.collections.AbstractCollection                                           : loaded 2 times (x 117B)
Class org.gradle.internal.impldep.com.google.common.base.Preconditions                : loaded 2 times (x 71B)
Class org.gradle.internal.classloader.VisitableURLClassLoader$InstrumentingVisitableURLClassLoader: loaded 2 times (x 123B)
Class org.gradle.internal.classloader.VisitableURLClassLoader$Spec                    : loaded 2 times (x 74B)
Class org.gradle.internal.classpath.DefaultClassPath                                  : loaded 2 times (x 90B)
Class org.gradle.util.internal.DefaultGradleVersion                                   : loaded 2 times (x 80B)
Class org.gradle.internal.classloader.ClassLoaderSpec                                 : loaded 2 times (x 71B)
Class Settings_gradle$1$1                                                             : loaded 2 times (x 74B)
Class kotlin.Unit                                                                     : loaded 2 times (x 71B)
Class org.gradle.internal.classloader.VisitableURLClassLoader                         : loaded 2 times (x 117B)
Class Settings_gradle                                                                 : loaded 2 times (x 128B)
Class org.gradle.internal.classloader.ClassLoaderHierarchy                            : loaded 2 times (x 70B)
Class org.gradle.internal.classloader.FilteringClassLoader                            : loaded 2 times (x 105B)
Class kotlin.jvm.functions.Function1                                                  : loaded 2 times (x 70B)
Class org.gradle.internal.classpath.DefaultClassPath$ImmutableUniqueList$Builder      : loaded 2 times (x 75B)
Class org.gradle.internal.classpath.ClassPath                                         : loaded 2 times (x 70B)
Class org.gradle.internal.exceptions.NonGradleCauseExceptionsHolder                   : loaded 2 times (x 70B)
Class org.jetbrains.plugins.gradle.tooling.ModelBuilderService$Parameter              : loaded 2 times (x 70B)
Class kotlin.NotImplementedError                                                      : loaded 2 times (x 82B)
Class kotlin.enums.EnumEntriesKt                                                      : loaded 2 times (x 71B)
Class org.gradle.internal.classloader.SystemClassLoaderSpec                           : loaded 2 times (x 71B)
Class org.gradle.internal.exceptions.MultiCauseException                              : loaded 2 times (x 70B)
Class org.gradle.internal.time.CountdownTimer                                         : loaded 2 times (x 70B)
Class kotlin.jvm.internal.Intrinsics                                                  : loaded 2 times (x 71B)
Class org.gradle.tooling.model.ProjectModel                                           : loaded 2 times (x 70B)
Class kotlin.KotlinNullPointerException                                               : loaded 2 times (x 83B)
Class org.gradle.internal.exceptions.DefaultMultiCauseException                       : loaded 2 times (x 95B)
Class org.gradle.internal.time.Time                                                   : loaded 2 times (x 71B)
Class org.gradle.api.internal.classpath.GlobalCacheRootsProvider                      : loaded 2 times (x 70B)
Class org.gradle.tooling.model.BuildIdentifier                                        : loaded 2 times (x 70B)
Class org.gradle.internal.time.Timer                                                  : loaded 2 times (x 70B)
Class kotlin.jvm.internal.markers.KMappedMarker                                       : loaded 2 times (x 70B)
Class org.gradle.internal.installation.CurrentGradleInstallationLocator               : loaded 2 times (x 71B)
Class org.gradle.internal.service.DefaultServiceLocator                               : loaded 2 times (x 83B)
Class org.gradle.util.GradleVersion                                                   : loaded 2 times (x 79B)
Class org.gradle.internal.installation.CurrentGradleInstallation                      : loaded 2 times (x 73B)
Class org.gradle.util.internal.GUtil                                                  : loaded 2 times (x 71B)
Class org.gradle.internal.installation.GradleInstallation                             : loaded 2 times (x 75B)

---------------  S Y S T E M  ---------------

OS:
 Windows 11 , 64 bit Build 26100 (10.0.26100.6725)
OS uptime: 0 days 5:13 hours

CPU: total 8 (initial active 8) (8 cores per cpu, 1 threads per core) family 6 model 154 stepping 4 microcode 0x435, cx8, cmov, fxsr, mmx, 3dnowpref, sse, sse2, sse3, ssse3, sse4.1, sse4.2, popcnt, lzcnt, tsc, tscinvbit, avx, avx2, aes, erms, clmul, bmi1, bmi2, adx, sha, fma, vzeroupper, clflush, clflushopt, clwb, serialize, rdtscp, rdpid, fsrm, f16c, pku, cet_ibt, cet_ss
Processor Information for processor 0
  Max Mhz: 1200, Current Mhz: 1200, Mhz Limit: 1200
Processor Information for processor 1
  Max Mhz: 1200, Current Mhz: 1200, Mhz Limit: 1200
Processor Information for processor 2
  Max Mhz: 1200, Current Mhz: 1200, Mhz Limit: 1200
Processor Information for processor 3
  Max Mhz: 1200, Current Mhz: 1200, Mhz Limit: 1200
Processor Information for processor 4
  Max Mhz: 900, Current Mhz: 900, Mhz Limit: 900
Processor Information for processor 5
  Max Mhz: 900, Current Mhz: 900, Mhz Limit: 900
Processor Information for processor 6
  Max Mhz: 900, Current Mhz: 900, Mhz Limit: 900
Processor Information for processor 7
  Max Mhz: 900, Current Mhz: 900, Mhz Limit: 900

Memory: 4k page, system-wide physical 3820M (324M free)
TotalPageFile size 14060M (AvailPageFile size 5M)
current process WorkingSet (physical memory assigned to process): 325M, peak: 326M
current process commit charge ("private bytes"): 387M, peak: 389M

vm_info: OpenJDK 64-Bit Server VM (21.0.8+-14196175-b1038.72) for windows-amd64 JRE (21.0.8+-14196175-b1038.72), built on 2025-10-01T10:24:33Z by "builder" with MS VC++ 16.10 / 16.11 (VS2019)

END.
