#
# There is insufficient memory for the Java Runtime Environment to continue.
# Native memory allocation (malloc) failed to allocate 1426144 bytes. Error detail: Chunk::new
# Possible reasons:
#   The system is out of physical RAM or swap space
#   This process is running with CompressedOops enabled, and the Java Heap may be blocking the growth of the native heap
# Possible solutions:
#   Reduce memory load on the system
#   Increase physical memory or swap space
#   Check if swap backing store is full
#   Decrease Java heap size (-Xmx/-Xms)
#   Decrease number of Java threads
#   Decrease Java thread stack sizes (-Xss)
#   Set larger code cache with -XX:ReservedCodeCacheSize=
#   JVM is running with Unscaled Compressed Oops mode in which the Java heap is
#     placed in the first 4GB address space. The Java Heap base address is the
#     maximum limit for the native heap growth. Please use -XX:HeapBaseMinAddress
#     to set the Java Heap base and to place the Java Heap above 4GB virtual address.
# This output file may be truncated or incomplete.
#
#  Out of Memory Error (arena.cpp:191), pid=6640, tid=11744
#
# JRE version: OpenJDK Runtime Environment Temurin-17.0.16+8 (17.0.16+8) (build 17.0.16+8)
# Java VM: OpenJDK 64-Bit Server VM Temurin-17.0.16+8 (17.0.16+8, mixed mode, sharing, tiered, compressed oops, compressed class ptrs, g1 gc, windows-amd64)
# No core dump will be written. Minidumps are not enabled by default on client versions of Windows
#

---------------  S U M M A R Y ------------

Command Line: --add-opens=java.base/java.lang=ALL-UNNAMED --add-opens=java.base/java.lang.invoke=ALL-UNNAMED --add-opens=java.base/java.util=ALL-UNNAMED --add-opens=java.prefs/java.util.prefs=ALL-UNNAMED --add-exports=jdk.compiler/com.sun.tools.javac.api=ALL-UNNAMED --add-exports=jdk.compiler/com.sun.tools.javac.util=ALL-UNNAMED --add-opens=java.base/java.util=ALL-UNNAMED --add-opens=java.prefs/java.util.prefs=ALL-UNNAMED --add-opens=java.base/java.nio.charset=ALL-UNNAMED --add-opens=java.base/java.net=ALL-UNNAMED --add-opens=java.base/java.util.concurrent.atomic=ALL-UNNAMED --add-opens=java.xml/javax.xml.namespace=ALL-UNNAMED -Xmx2048m -Dfile.encoding=UTF-8 -Duser.country=BR -Duser.language=pt -Duser.variant -javaagent:C:\Users\produ\.gradle\wrapper\dists\gradle-8.13-bin\5xuhj0ry160q40clulazy9h7d\gradle-8.13\lib\agents\gradle-instrumentation-agent-8.13.jar org.gradle.launcher.daemon.bootstrap.GradleDaemon 8.13

Host: 12th Gen Intel(R) Core(TM) i3-1215U, 8 cores, 3G,  Windows 11 , 64 bit Build 26100 (10.0.26100.6725)
Time: Sat Nov  8 02:49:13 2025 Hora Padrão de Caracas elapsed time: 8.952737 seconds (0d 0h 0m 8s)

---------------  T H R E A D  ---------------

Current thread (0x000001427d1133c0):  JavaThread "C2 CompilerThread0" daemon [_thread_in_native, id=11744, stack(0x00000002d1c00000,0x00000002d1d00000)]


Current CompileTask:
C2:   8952 3363  s    4       jdk.internal.loader.Resource::cachedInputStream (20 bytes)

Stack: [0x00000002d1c00000,0x00000002d1d00000]
Native frames: (J=compiled Java code, j=interpreted, Vv=VM code, C=native code)
V  [jvm.dll+0x683169]
V  [jvm.dll+0x839ac8]
V  [jvm.dll+0x83b573]
V  [jvm.dll+0x83bbe3]
V  [jvm.dll+0x2473ff]
V  [jvm.dll+0xace94]
V  [jvm.dll+0xad52c]
V  [jvm.dll+0x365e0e]
V  [jvm.dll+0x1babb9]
V  [jvm.dll+0x218477]
V  [jvm.dll+0x21775f]
V  [jvm.dll+0x1a32a0]
V  [jvm.dll+0x227b3c]
V  [jvm.dll+0x225ccb]
V  [jvm.dll+0x7ef2d8]
V  [jvm.dll+0x7e979c]
V  [jvm.dll+0x682047]
C  [ucrtbase.dll+0x37b0]
C  [KERNEL32.DLL+0x2e8d7]
C  [ntdll.dll+0x8c53c]


---------------  P R O C E S S  ---------------

Threads class SMR info:
_java_thread_list=0x00000142551caaa0, length=40, elements={
0x000001426d42c3b0, 0x000001427d0efc90, 0x000001427d0f12e0, 0x000001427d10a290,
0x000001427d10ab60, 0x000001427d10c7c0, 0x000001427d10dc00, 0x000001427d1133c0,
0x000001427d1109e0, 0x000001427d120760, 0x000001427d0dd690, 0x000001427d42cac0,
0x000001427e53b740, 0x000001427ebeeff0, 0x000001427ec5d050, 0x000001427ec9f030,
0x000001427ec9fcf0, 0x000001427ecc0aa0, 0x000001427ecc0fb0, 0x000001427ecc0080,
0x000001427ecbec40, 0x000001427ecbe730, 0x000001427ecbd800, 0x000001427ecbdd10,
0x000001427ecbf660, 0x000001427ecbf150, 0x000001427ecbfb70, 0x000001427ecbe220,
0x00000142551da2f0, 0x00000142551d98d0, 0x00000142551da800, 0x00000142551d93c0,
0x00000142551d89a0, 0x00000142551db730, 0x00000142551d9de0, 0x00000142551d8eb0,
0x00000142551db220, 0x00000142551d8490, 0x00000142551deee0, 0x00000142551dcb70
}

Java Threads: ( => current thread )
  0x000001426d42c3b0 JavaThread "main" [_thread_blocked, id=13368, stack(0x00000002d0f00000,0x00000002d1000000)]
  0x000001427d0efc90 JavaThread "Reference Handler" daemon [_thread_blocked, id=13776, stack(0x00000002d1600000,0x00000002d1700000)]
  0x000001427d0f12e0 JavaThread "Finalizer" daemon [_thread_blocked, id=14656, stack(0x00000002d1700000,0x00000002d1800000)]
  0x000001427d10a290 JavaThread "Signal Dispatcher" daemon [_thread_blocked, id=6764, stack(0x00000002d1800000,0x00000002d1900000)]
  0x000001427d10ab60 JavaThread "Attach Listener" daemon [_thread_blocked, id=19884, stack(0x00000002d1900000,0x00000002d1a00000)]
  0x000001427d10c7c0 JavaThread "Service Thread" daemon [_thread_blocked, id=18544, stack(0x00000002d1a00000,0x00000002d1b00000)]
  0x000001427d10dc00 JavaThread "Monitor Deflation Thread" daemon [_thread_blocked, id=2784, stack(0x00000002d1b00000,0x00000002d1c00000)]
=>0x000001427d1133c0 JavaThread "C2 CompilerThread0" daemon [_thread_in_native, id=11744, stack(0x00000002d1c00000,0x00000002d1d00000)]
  0x000001427d1109e0 JavaThread "C1 CompilerThread0" daemon [_thread_blocked, id=19004, stack(0x00000002d1d00000,0x00000002d1e00000)]
  0x000001427d120760 JavaThread "Sweeper thread" daemon [_thread_blocked, id=6448, stack(0x00000002d1e00000,0x00000002d1f00000)]
  0x000001427d0dd690 JavaThread "Common-Cleaner" daemon [_thread_blocked, id=14768, stack(0x00000002d1f00000,0x00000002d2000000)]
  0x000001427d42cac0 JavaThread "Notification Thread" daemon [_thread_blocked, id=10288, stack(0x00000002d2000000,0x00000002d2100000)]
  0x000001427e53b740 JavaThread "Daemon health stats" [_thread_blocked, id=21492, stack(0x00000002d2600000,0x00000002d2700000)]
  0x000001427ebeeff0 JavaThread "Incoming local TCP Connector on port 58500" [_thread_in_native, id=19340, stack(0x00000002d2700000,0x00000002d2800000)]
  0x000001427ec5d050 JavaThread "Daemon periodic checks" [_thread_blocked, id=20688, stack(0x00000002d2800000,0x00000002d2900000)]
  0x000001427ec9f030 JavaThread "Daemon" [_thread_blocked, id=10164, stack(0x00000002d2900000,0x00000002d2a00000)]
  0x000001427ec9fcf0 JavaThread "Handler for socket connection from /127.0.0.1:58500 to /127.0.0.1:58502" [_thread_in_native, id=20368, stack(0x00000002d2a00000,0x00000002d2b00000)]
  0x000001427ecc0aa0 JavaThread "Cancel handler" [_thread_blocked, id=2828, stack(0x00000002d2b00000,0x00000002d2c00000)]
  0x000001427ecc0fb0 JavaThread "Daemon worker" [_thread_in_native, id=19640, stack(0x00000002d2c00000,0x00000002d2d00000)]
  0x000001427ecc0080 JavaThread "Asynchronous log dispatcher for DefaultDaemonConnection: socket connection from /127.0.0.1:58500 to /127.0.0.1:58502" [_thread_blocked, id=18116, stack(0x00000002d2d00000,0x00000002d2e00000)]
  0x000001427ecbec40 JavaThread "Stdin handler" [_thread_blocked, id=1200, stack(0x00000002d2e00000,0x00000002d2f00000)]
  0x000001427ecbe730 JavaThread "Daemon client event forwarder" [_thread_blocked, id=19496, stack(0x00000002d2f00000,0x00000002d3000000)]
  0x000001427ecbd800 JavaThread "Cache worker for journal cache (C:\Users\produ\.gradle\caches\journal-1)" [_thread_blocked, id=20828, stack(0x00000002d3300000,0x00000002d3400000)]
  0x000001427ecbdd10 JavaThread "File lock request listener" [_thread_in_native, id=16524, stack(0x00000002d3400000,0x00000002d3500000)]
  0x000001427ecbf660 JavaThread "File lock release action executor" [_thread_blocked, id=18892, stack(0x00000002d3500000,0x00000002d3600000)]
  0x000001427ecbf150 JavaThread "Cache worker for file hash cache (C:\Users\produ\.gradle\caches\8.13\fileHashes)" [_thread_blocked, id=18676, stack(0x00000002d3600000,0x00000002d3700000)]
  0x000001427ecbfb70 JavaThread "Cache worker for file hash cache (C:\Users\produ\AndroidStudioProjects\EndorPlayer\.gradle\8.13\fileHashes)" [_thread_blocked, id=4148, stack(0x00000002d3700000,0x00000002d3800000)]
  0x000001427ecbe220 JavaThread "Cache worker for Build Output Cleanup Cache (C:\Users\produ\AndroidStudioProjects\EndorPlayer\.gradle\buildOutputCleanup)" [_thread_blocked, id=20636, stack(0x00000002d3800000,0x00000002d3900000)]
  0x00000142551da2f0 JavaThread "File watcher server" daemon [_thread_in_native, id=8600, stack(0x00000002d3a00000,0x00000002d3b00000)]
  0x00000142551d98d0 JavaThread "File watcher consumer" daemon [_thread_blocked, id=3644, stack(0x00000002d3b00000,0x00000002d3c00000)]
  0x00000142551da800 JavaThread "jar transforms" [_thread_blocked, id=18360, stack(0x00000002d3c00000,0x00000002d3d00000)]
  0x00000142551d93c0 JavaThread "jar transforms Thread 2" [_thread_blocked, id=18220, stack(0x00000002d3d00000,0x00000002d3e00000)]
  0x00000142551d89a0 JavaThread "jar transforms Thread 3" [_thread_blocked, id=14140, stack(0x00000002d3e00000,0x00000002d3f00000)]
  0x00000142551db730 JavaThread "jar transforms Thread 4" [_thread_blocked, id=9520, stack(0x00000002d3f00000,0x00000002d4000000)]
  0x00000142551d9de0 JavaThread "jar transforms Thread 5" [_thread_blocked, id=13588, stack(0x00000002d4000000,0x00000002d4100000)]
  0x00000142551d8eb0 JavaThread "Cache worker for checksums cache (C:\Users\produ\AndroidStudioProjects\EndorPlayer\.gradle\8.13\checksums)" [_thread_blocked, id=17764, stack(0x00000002d4100000,0x00000002d4200000)]
  0x00000142551db220 JavaThread "Cache worker for file content cache (C:\Users\produ\.gradle\caches\8.13\fileContent)" [_thread_blocked, id=15128, stack(0x00000002d4200000,0x00000002d4300000)]
  0x00000142551d8490 JavaThread "jar transforms Thread 6" [_thread_blocked, id=21172, stack(0x00000002d4300000,0x00000002d4400000)]
  0x00000142551deee0 JavaThread "jar transforms Thread 7" [_thread_blocked, id=11432, stack(0x00000002d4400000,0x00000002d4500000)]
  0x00000142551dcb70 JavaThread "jar transforms Thread 8" [_thread_blocked, id=1252, stack(0x00000002d4500000,0x00000002d4600000)]

Other Threads:
  0x000001427d0e9710 VMThread "VM Thread" [stack: 0x00000002d1500000,0x00000002d1600000] [id=8280]
  0x000001426d42d140 WatcherThread [stack: 0x00000002d2100000,0x00000002d2200000] [id=12028]
  0x000001426d48bf40 GCTaskThread "GC Thread#0" [stack: 0x00000002d1000000,0x00000002d1100000] [id=17308]
  0x000001427d88cef0 GCTaskThread "GC Thread#1" [stack: 0x00000002d2200000,0x00000002d2300000] [id=18976]
  0x000001427d9584f0 GCTaskThread "GC Thread#2" [stack: 0x00000002d2300000,0x00000002d2400000] [id=9440]
  0x000001427d62eab0 GCTaskThread "GC Thread#3" [stack: 0x00000002d2400000,0x00000002d2500000] [id=8756]
  0x000001427e2b5af0 GCTaskThread "GC Thread#4" [stack: 0x00000002d2500000,0x00000002d2600000] [id=19076]
  0x000001427eca1100 GCTaskThread "GC Thread#5" [stack: 0x00000002d3000000,0x00000002d3100000] [id=9556]
  0x000001427ea482a0 GCTaskThread "GC Thread#6" [stack: 0x00000002d3100000,0x00000002d3200000] [id=11332]
  0x000001427ec5d530 GCTaskThread "GC Thread#7" [stack: 0x00000002d3200000,0x00000002d3300000] [id=5404]
  0x000001426d49da70 ConcurrentGCThread "G1 Main Marker" [stack: 0x00000002d1100000,0x00000002d1200000] [id=9904]
  0x000001426d49eb40 ConcurrentGCThread "G1 Conc#0" [stack: 0x00000002d1200000,0x00000002d1300000] [id=20612]
  0x000001425446e880 ConcurrentGCThread "G1 Conc#1" [stack: 0x00000002d3900000,0x00000002d3a00000] [id=21000]
  0x000001426d4de1a0 ConcurrentGCThread "G1 Refine#0" [stack: 0x00000002d1300000,0x00000002d1400000] [id=9012]
  0x000001426d4de880 ConcurrentGCThread "G1 Service" [stack: 0x00000002d1400000,0x00000002d1500000] [id=21360]

Threads with active compile tasks:
C2 CompilerThread0     8998 3363  s    4       jdk.internal.loader.Resource::cachedInputStream (20 bytes)

VM state: not at safepoint (normal execution)

VM Mutex/Monitor currently owned by a thread: None

Heap address: 0x0000000080000000, size: 2048 MB, Compressed Oops mode: 32-bit

CDS archive(s) mapped at: [0x000001420f000000-0x000001420fbb0000-0x000001420fbb0000), size 12255232, SharedBaseAddress: 0x000001420f000000, ArchiveRelocationMode: 1.
Compressed class space mapped at: 0x0000014210000000-0x0000014250000000, reserved size: 1073741824
Narrow klass base: 0x000001420f000000, Narrow klass shift: 0, Narrow klass range: 0x100000000

GC Precious Log:
 CPUs: 8 total, 8 available
 Memory: 3820M
 Large Page Support: Disabled
 NUMA Support: Disabled
 Compressed Oops: Enabled (32-bit)
 Heap Region Size: 1M
 Heap Min Capacity: 8M
 Heap Initial Capacity: 60M
 Heap Max Capacity: 2G
 Pre-touch: Disabled
 Parallel Workers: 8
 Concurrent Workers: 2
 Concurrent Refinement Workers: 8
 Periodic GC: Disabled

Heap:
 garbage-first heap   total 70656K, used 38921K [0x0000000080000000, 0x0000000100000000)
  region size 1024K, 6 young (6144K), 3 survivors (3072K)
 Metaspace       used 36767K, committed 37184K, reserved 1114112K
  class space    used 5057K, committed 5248K, reserved 1048576K

Heap Regions: E=young(eden), S=young(survivor), O=old, HS=humongous(starts), HC=humongous(continues), CS=collection set, F=free, OA=open archive, CA=closed archive, TAMS=top-at-mark-start (previous, next)
|   0|0x0000000080000000, 0x0000000080100000, 0x0000000080100000|100%|HS|  |TAMS 0x0000000080100000, 0x0000000080000000| Complete 
|   1|0x0000000080100000, 0x0000000080200000, 0x0000000080200000|100%|HC|  |TAMS 0x0000000080200000, 0x0000000080100000| Complete 
|   2|0x0000000080200000, 0x0000000080300000, 0x0000000080300000|100%|HC|  |TAMS 0x0000000080300000, 0x0000000080200000| Complete 
|   3|0x0000000080300000, 0x0000000080400000, 0x0000000080400000|100%| O|  |TAMS 0x0000000080400000, 0x0000000080300000| Untracked 
|   4|0x0000000080400000, 0x0000000080500000, 0x0000000080500000|100%| O|  |TAMS 0x0000000080500000, 0x0000000080400000| Untracked 
|   5|0x0000000080500000, 0x0000000080600000, 0x0000000080600000|100%| O|  |TAMS 0x0000000080600000, 0x0000000080500000| Untracked 
|   6|0x0000000080600000, 0x0000000080700000, 0x0000000080700000|100%| O|  |TAMS 0x0000000080700000, 0x0000000080600000| Untracked 
|   7|0x0000000080700000, 0x0000000080800000, 0x0000000080800000|100%| O|  |TAMS 0x0000000080800000, 0x0000000080700000| Untracked 
|   8|0x0000000080800000, 0x0000000080900000, 0x0000000080900000|100%| O|  |TAMS 0x0000000080900000, 0x0000000080800000| Untracked 
|   9|0x0000000080900000, 0x0000000080a00000, 0x0000000080a00000|100%| O|  |TAMS 0x0000000080a00000, 0x0000000080900000| Untracked 
|  10|0x0000000080a00000, 0x0000000080b00000, 0x0000000080b00000|100%| O|  |TAMS 0x0000000080b00000, 0x0000000080a00000| Untracked 
|  11|0x0000000080b00000, 0x0000000080c00000, 0x0000000080c00000|100%|HS|  |TAMS 0x0000000080c00000, 0x0000000080b00000| Complete 
|  12|0x0000000080c00000, 0x0000000080d00000, 0x0000000080d00000|100%| O|  |TAMS 0x0000000080d00000, 0x0000000080c00000| Untracked 
|  13|0x0000000080d00000, 0x0000000080e00000, 0x0000000080e00000|100%| O|  |TAMS 0x0000000080e00000, 0x0000000080d00000| Untracked 
|  14|0x0000000080e00000, 0x0000000080f00000, 0x0000000080f00000|100%| O|  |TAMS 0x0000000080f00000, 0x0000000080e00000| Untracked 
|  15|0x0000000080f00000, 0x0000000081000000, 0x0000000081000000|100%| O|  |TAMS 0x0000000081000000, 0x0000000080f00000| Untracked 
|  16|0x0000000081000000, 0x0000000081100000, 0x0000000081100000|100%| O|  |TAMS 0x0000000081100000, 0x0000000081000000| Untracked 
|  17|0x0000000081100000, 0x0000000081200000, 0x0000000081200000|100%| O|  |TAMS 0x0000000081200000, 0x0000000081100000| Untracked 
|  18|0x0000000081200000, 0x0000000081300000, 0x0000000081300000|100%| O|  |TAMS 0x0000000081300000, 0x0000000081200000| Untracked 
|  19|0x0000000081300000, 0x0000000081400000, 0x0000000081400000|100%| O|  |TAMS 0x0000000081400000, 0x0000000081300000| Untracked 
|  20|0x0000000081400000, 0x0000000081500000, 0x0000000081500000|100%| O|  |TAMS 0x0000000081500000, 0x0000000081400000| Untracked 
|  21|0x0000000081500000, 0x0000000081600000, 0x0000000081600000|100%| O|  |TAMS 0x0000000081600000, 0x0000000081500000| Untracked 
|  22|0x0000000081600000, 0x0000000081700000, 0x0000000081700000|100%| O|  |TAMS 0x0000000081700000, 0x0000000081600000| Untracked 
|  23|0x0000000081700000, 0x0000000081800000, 0x0000000081800000|100%| O|  |TAMS 0x0000000081800000, 0x0000000081700000| Untracked 
|  24|0x0000000081800000, 0x0000000081900000, 0x0000000081900000|100%| O|  |TAMS 0x0000000081900000, 0x0000000081800000| Untracked 
|  25|0x0000000081900000, 0x0000000081a00000, 0x0000000081a00000|100%| O|  |TAMS 0x0000000081a00000, 0x0000000081900000| Untracked 
|  26|0x0000000081a00000, 0x0000000081b00000, 0x0000000081b00000|100%| O|  |TAMS 0x0000000081b00000, 0x0000000081a00000| Untracked 
|  27|0x0000000081b00000, 0x0000000081c00000, 0x0000000081c00000|100%| O|  |TAMS 0x0000000081c00000, 0x0000000081b00000| Untracked 
|  28|0x0000000081c00000, 0x0000000081d00000, 0x0000000081d00000|100%| O|  |TAMS 0x0000000081d00000, 0x0000000081c00000| Untracked 
|  29|0x0000000081d00000, 0x0000000081e00000, 0x0000000081e00000|100%| O|  |TAMS 0x0000000081e00000, 0x0000000081d00000| Untracked 
|  30|0x0000000081e00000, 0x0000000081f00000, 0x0000000081f00000|100%| O|  |TAMS 0x0000000081f00000, 0x0000000081e00000| Untracked 
|  31|0x0000000081f00000, 0x0000000082000000, 0x0000000082000000|100%| O|  |TAMS 0x0000000082000000, 0x0000000081f00000| Untracked 
|  32|0x0000000082000000, 0x0000000082100000, 0x0000000082100000|100%| O|  |TAMS 0x000000008204ba00, 0x0000000082000000| Untracked 
|  33|0x0000000082100000, 0x0000000082100000, 0x0000000082200000|  0%| F|  |TAMS 0x0000000082100000, 0x0000000082100000| Untracked 
|  34|0x0000000082200000, 0x0000000082200000, 0x0000000082300000|  0%| F|  |TAMS 0x0000000082200000, 0x0000000082200000| Untracked 
|  35|0x0000000082300000, 0x0000000082300000, 0x0000000082400000|  0%| F|  |TAMS 0x0000000082300000, 0x0000000082300000| Untracked 
|  36|0x0000000082400000, 0x0000000082400000, 0x0000000082500000|  0%| F|  |TAMS 0x0000000082400000, 0x0000000082400000| Untracked 
|  37|0x0000000082500000, 0x0000000082500000, 0x0000000082600000|  0%| F|  |TAMS 0x0000000082500000, 0x0000000082500000| Untracked 
|  38|0x0000000082600000, 0x0000000082684000, 0x0000000082700000| 51%| O|  |TAMS 0x0000000082600000, 0x0000000082600000| Untracked 
|  39|0x0000000082700000, 0x0000000082700000, 0x0000000082800000|  0%| F|  |TAMS 0x0000000082700000, 0x0000000082700000| Untracked 
|  40|0x0000000082800000, 0x0000000082800000, 0x0000000082900000|  0%| F|  |TAMS 0x0000000082800000, 0x0000000082800000| Untracked 
|  41|0x0000000082900000, 0x0000000082900000, 0x0000000082a00000|  0%| F|  |TAMS 0x0000000082900000, 0x0000000082900000| Untracked 
|  42|0x0000000082a00000, 0x0000000082a00000, 0x0000000082b00000|  0%| F|  |TAMS 0x0000000082a00000, 0x0000000082a00000| Untracked 
|  43|0x0000000082b00000, 0x0000000082b00000, 0x0000000082c00000|  0%| F|  |TAMS 0x0000000082b00000, 0x0000000082b00000| Untracked 
|  44|0x0000000082c00000, 0x0000000082c00000, 0x0000000082d00000|  0%| F|  |TAMS 0x0000000082c00000, 0x0000000082c00000| Untracked 
|  45|0x0000000082d00000, 0x0000000082d00000, 0x0000000082e00000|  0%| F|  |TAMS 0x0000000082d00000, 0x0000000082d00000| Untracked 
|  46|0x0000000082e00000, 0x0000000082e00000, 0x0000000082f00000|  0%| F|  |TAMS 0x0000000082e00000, 0x0000000082e00000| Untracked 
|  47|0x0000000082f00000, 0x0000000082f00000, 0x0000000083000000|  0%| F|  |TAMS 0x0000000082f00000, 0x0000000082f00000| Untracked 
|  48|0x0000000083000000, 0x0000000083000000, 0x0000000083100000|  0%| F|  |TAMS 0x0000000083000000, 0x0000000083000000| Untracked 
|  49|0x0000000083100000, 0x000000008317e5b8, 0x0000000083200000| 49%| S|CS|TAMS 0x0000000083100000, 0x0000000083100000| Complete 
|  50|0x0000000083200000, 0x0000000083300000, 0x0000000083300000|100%| S|CS|TAMS 0x0000000083200000, 0x0000000083200000| Complete 
|  51|0x0000000083300000, 0x0000000083400000, 0x0000000083400000|100%| S|CS|TAMS 0x0000000083300000, 0x0000000083300000| Complete 
|  52|0x0000000083400000, 0x0000000083400000, 0x0000000083500000|  0%| F|  |TAMS 0x0000000083400000, 0x0000000083400000| Untracked 
|  53|0x0000000083500000, 0x0000000083500000, 0x0000000083600000|  0%| F|  |TAMS 0x0000000083500000, 0x0000000083500000| Untracked 
|  54|0x0000000083600000, 0x0000000083600000, 0x0000000083700000|  0%| F|  |TAMS 0x0000000083600000, 0x0000000083600000| Untracked 
|  55|0x0000000083700000, 0x0000000083700000, 0x0000000083800000|  0%| F|  |TAMS 0x0000000083700000, 0x0000000083700000| Untracked 
|  56|0x0000000083800000, 0x0000000083800000, 0x0000000083900000|  0%| F|  |TAMS 0x0000000083800000, 0x0000000083800000| Untracked 
|  57|0x0000000083900000, 0x0000000083900000, 0x0000000083a00000|  0%| F|  |TAMS 0x0000000083900000, 0x0000000083900000| Untracked 
|  58|0x0000000083a00000, 0x0000000083a00000, 0x0000000083b00000|  0%| F|  |TAMS 0x0000000083a00000, 0x0000000083a00000| Untracked 
|  59|0x0000000083b00000, 0x0000000083b00000, 0x0000000083c00000|  0%| F|  |TAMS 0x0000000083b00000, 0x0000000083b00000| Untracked 
|  60|0x0000000083c00000, 0x0000000083c00000, 0x0000000083d00000|  0%| F|  |TAMS 0x0000000083c00000, 0x0000000083c00000| Untracked 
|  61|0x0000000083d00000, 0x0000000083d00000, 0x0000000083e00000|  0%| F|  |TAMS 0x0000000083d00000, 0x0000000083d00000| Untracked 
|  62|0x0000000083e00000, 0x0000000083e00000, 0x0000000083f00000|  0%| F|  |TAMS 0x0000000083e00000, 0x0000000083e00000| Untracked 
|  63|0x0000000083f00000, 0x0000000083f00000, 0x0000000084000000|  0%| F|  |TAMS 0x0000000083f00000, 0x0000000083f00000| Untracked 
|  64|0x0000000084000000, 0x0000000084000000, 0x0000000084100000|  0%| F|  |TAMS 0x0000000084000000, 0x0000000084000000| Untracked 
|  65|0x0000000084100000, 0x0000000084100000, 0x0000000084200000|  0%| F|  |TAMS 0x0000000084100000, 0x0000000084100000| Untracked 
|  66|0x0000000084200000, 0x00000000842b39b0, 0x0000000084300000| 70%| E|  |TAMS 0x0000000084200000, 0x0000000084200000| Complete 
|  67|0x0000000084300000, 0x0000000084400000, 0x0000000084400000|100%| E|CS|TAMS 0x0000000084300000, 0x0000000084300000| Complete 
|  68|0x0000000084400000, 0x0000000084500000, 0x0000000084500000|100%| E|CS|TAMS 0x0000000084400000, 0x0000000084400000| Complete 

Card table byte_map: [0x0000014275e60000,0x0000014276260000] _byte_map_base: 0x0000014275a60000

Marking Bits (Prev, Next): (CMBitMap*) 0x000001426d48c470, (CMBitMap*) 0x000001426d48c4b0
 Prev Bits: [0x0000014276660000, 0x0000014278660000)
 Next Bits: [0x0000014278660000, 0x000001427a660000)

Polling page: 0x000001426d4e0000

Metaspace:

Usage:
  Non-class:     30.98 MB used.
      Class:      4.94 MB used.
       Both:     35.92 MB used.

Virtual space:
  Non-class space:       64.00 MB reserved,      31.19 MB ( 49%) committed,  1 nodes.
      Class space:        1.00 GB reserved,       5.12 MB ( <1%) committed,  1 nodes.
             Both:        1.06 GB reserved,      36.31 MB (  3%) committed. 

Chunk freelists:
   Non-Class:  832.00 KB
       Class:  10.75 MB
        Both:  11.56 MB

MaxMetaspaceSize: unlimited
CompressedClassSpaceSize: 1.00 GB
Initial GC threshold: 21.00 MB
Current GC threshold: 57.50 MB
CDS: on
MetaspaceReclaimPolicy: balanced
 - commit_granule_bytes: 65536.
 - commit_granule_words: 8192.
 - virtual_space_node_default_size: 8388608.
 - enlarge_chunks_in_place: 1.
 - new_chunks_are_fully_committed: 0.
 - uncommit_free_chunks: 1.
 - use_allocation_guard: 0.
 - handle_deallocations: 1.


Internal statistics:

num_allocs_failed_limit: 3.
num_arena_births: 512.
num_arena_deaths: 0.
num_vsnodes_births: 2.
num_vsnodes_deaths: 0.
num_space_committed: 581.
num_space_uncommitted: 0.
num_chunks_returned_to_freelist: 3.
num_chunks_taken_from_freelist: 1902.
num_chunk_merges: 3.
num_chunk_splits: 1218.
num_chunks_enlarged: 812.
num_inconsistent_stats: 0.

CodeHeap 'non-profiled nmethods': size=120000Kb used=2197Kb max_used=2197Kb free=117802Kb
 bounds [0x0000014207ad0000, 0x0000014207d40000, 0x000001420f000000]
CodeHeap 'profiled nmethods': size=120000Kb used=8779Kb max_used=8779Kb free=111220Kb
 bounds [0x0000014200000000, 0x00000142008a0000, 0x0000014207530000]
CodeHeap 'non-nmethods': size=5760Kb used=2296Kb max_used=2331Kb free=3463Kb
 bounds [0x0000014207530000, 0x00000142077a0000, 0x0000014207ad0000]
 total_blobs=5190 nmethods=4381 adapters=720
 compilation: enabled
              stopped_count=0, restarted_count=0
 full_count=0

Compilation events (20 events):
Event: 8.901 Thread 0x000001427d1109e0 4400       2       org.objectweb.asm.MethodWriter::visitTypeInsn (116 bytes)
Event: 8.902 Thread 0x000001427d1109e0 nmethod 4400 0x000001420088d190 code [0x000001420088d360, 0x000001420088d5c8]
Event: 8.902 Thread 0x000001427d1109e0 4402       2       org.objectweb.asm.MethodWriter::putFrame (549 bytes)
Event: 8.903 Thread 0x000001427d1109e0 nmethod 4402 0x000001420088d790 code [0x000001420088db00, 0x000001420088e998]
Event: 8.903 Thread 0x000001427d1109e0 4401       2       org.objectweb.asm.MethodWriter::visitLdcInsn (215 bytes)
Event: 8.904 Thread 0x000001427d1109e0 nmethod 4401 0x000001420088f510 code [0x000001420088f720, 0x000001420088fc08]
Event: 8.904 Thread 0x000001427d1109e0 4404       1       com.google.common.collect.LinkedHashMultimap$ValueSet::size (5 bytes)
Event: 8.904 Thread 0x000001427d1109e0 nmethod 4404 0x0000014207cf3790 code [0x0000014207cf3920, 0x0000014207cf39f8]
Event: 8.904 Thread 0x000001427d1109e0 4405       1       com.google.common.collect.LinkedHashMultimap$ValueSet::access$100 (5 bytes)
Event: 8.904 Thread 0x000001427d1109e0 nmethod 4405 0x0000014207cf3a90 code [0x0000014207cf3c20, 0x0000014207cf3cd8]
Event: 8.904 Thread 0x000001427d1109e0 4403       2       org.objectweb.asm.Label::addForwardReference (102 bytes)
Event: 8.905 Thread 0x000001427d1109e0 nmethod 4403 0x000001420088ff90 code [0x0000014200890160, 0x0000014200890608]
Event: 8.921 Thread 0x000001427d1109e0 4407       2       org.gradle.internal.instantiation.generator.AbstractClassGenerator::isNameProperty (46 bytes)
Event: 8.922 Thread 0x000001427d1109e0 nmethod 4407 0x0000014200890810 code [0x0000014200890a00, 0x0000014200890d58]
Event: 8.926 Thread 0x000001427d1109e0 4414  s    2       java.lang.invoke.MethodTypeForm::setCachedLambdaForm (44 bytes)
Event: 8.926 Thread 0x000001427d1109e0 nmethod 4414 0x0000014200891010 code [0x00000142008911e0, 0x0000014200891728]
Event: 8.927 Thread 0x000001427d1109e0 4417       2       jdk.internal.org.objectweb.asm.Type::getType (10 bytes)
Event: 8.927 Thread 0x000001427d1109e0 nmethod 4417 0x0000014200891910 code [0x0000014200891ac0, 0x0000014200891be8]
Event: 8.931 Thread 0x000001427d1109e0 4418       2       com.google.common.collect.ImmutableList$Builder::addAll (70 bytes)
Event: 8.932 Thread 0x000001427d1109e0 nmethod 4418 0x0000014200891d10 code [0x0000014200891f40, 0x0000014200892418]

GC Heap History (20 events):
Event: 5.458 GC heap before
{Heap before GC invocations=7 (full 0):
 garbage-first heap   total 61440K, used 45812K [0x0000000080000000, 0x0000000100000000)
  region size 1024K, 26 young (26624K), 3 survivors (3072K)
 Metaspace       used 20508K, committed 20800K, reserved 1114112K
  class space    used 2995K, committed 3136K, reserved 1048576K
}
Event: 5.462 GC heap after
{Heap after GC invocations=8 (full 0):
 garbage-first heap   total 61440K, used 23683K [0x0000000080000000, 0x0000000100000000)
  region size 1024K, 3 young (3072K), 3 survivors (3072K)
 Metaspace       used 20508K, committed 20800K, reserved 1114112K
  class space    used 2995K, committed 3136K, reserved 1048576K
}
Event: 5.600 GC heap before
{Heap before GC invocations=8 (full 0):
 garbage-first heap   total 61440K, used 29827K [0x0000000080000000, 0x0000000100000000)
  region size 1024K, 10 young (10240K), 3 survivors (3072K)
 Metaspace       used 21170K, committed 21504K, reserved 1114112K
  class space    used 3091K, committed 3264K, reserved 1048576K
}
Event: 5.604 GC heap after
{Heap after GC invocations=9 (full 0):
 garbage-first heap   total 61440K, used 24529K [0x0000000080000000, 0x0000000100000000)
  region size 1024K, 3 young (3072K), 3 survivors (3072K)
 Metaspace       used 21170K, committed 21504K, reserved 1114112K
  class space    used 3091K, committed 3264K, reserved 1048576K
}
Event: 6.208 GC heap before
{Heap before GC invocations=10 (full 0):
 garbage-first heap   total 61440K, used 45009K [0x0000000080000000, 0x0000000100000000)
  region size 1024K, 24 young (24576K), 3 survivors (3072K)
 Metaspace       used 23164K, committed 23616K, reserved 1114112K
  class space    used 3446K, committed 3648K, reserved 1048576K
}
Event: 6.213 GC heap after
{Heap after GC invocations=11 (full 0):
 garbage-first heap   total 61440K, used 28417K [0x0000000080000000, 0x0000000100000000)
  region size 1024K, 3 young (3072K), 3 survivors (3072K)
 Metaspace       used 23164K, committed 23616K, reserved 1114112K
  class space    used 3446K, committed 3648K, reserved 1048576K
}
Event: 6.851 GC heap before
{Heap before GC invocations=11 (full 0):
 garbage-first heap   total 61440K, used 45825K [0x0000000080000000, 0x0000000100000000)
  region size 1024K, 21 young (21504K), 3 survivors (3072K)
 Metaspace       used 26233K, committed 26688K, reserved 1114112K
  class space    used 3821K, committed 4032K, reserved 1048576K
}
Event: 6.854 GC heap after
{Heap after GC invocations=12 (full 0):
 garbage-first heap   total 61440K, used 28949K [0x0000000080000000, 0x0000000100000000)
  region size 1024K, 2 young (2048K), 2 survivors (2048K)
 Metaspace       used 26233K, committed 26688K, reserved 1114112K
  class space    used 3821K, committed 4032K, reserved 1048576K
}
Event: 7.523 GC heap before
{Heap before GC invocations=12 (full 0):
 garbage-first heap   total 61440K, used 46357K [0x0000000080000000, 0x0000000100000000)
  region size 1024K, 19 young (19456K), 2 survivors (2048K)
 Metaspace       used 28358K, committed 28800K, reserved 1114112K
  class space    used 4173K, committed 4352K, reserved 1048576K
}
Event: 7.525 GC heap after
{Heap after GC invocations=13 (full 0):
 garbage-first heap   total 61440K, used 30050K [0x0000000080000000, 0x0000000100000000)
  region size 1024K, 3 young (3072K), 3 survivors (3072K)
 Metaspace       used 28358K, committed 28800K, reserved 1114112K
  class space    used 4173K, committed 4352K, reserved 1048576K
}
Event: 7.913 GC heap before
{Heap before GC invocations=14 (full 0):
 garbage-first heap   total 61440K, used 46434K [0x0000000080000000, 0x0000000100000000)
  region size 1024K, 20 young (20480K), 3 survivors (3072K)
 Metaspace       used 32026K, committed 32448K, reserved 1114112K
  class space    used 4556K, committed 4736K, reserved 1048576K
}
Event: 7.916 GC heap after
{Heap after GC invocations=15 (full 0):
 garbage-first heap   total 61440K, used 32028K [0x0000000080000000, 0x0000000100000000)
  region size 1024K, 3 young (3072K), 3 survivors (3072K)
 Metaspace       used 32026K, committed 32448K, reserved 1114112K
  class space    used 4556K, committed 4736K, reserved 1048576K
}
Event: 8.169 GC heap before
{Heap before GC invocations=15 (full 0):
 garbage-first heap   total 61440K, used 47388K [0x0000000080000000, 0x0000000100000000)
  region size 1024K, 19 young (19456K), 3 survivors (3072K)
 Metaspace       used 33552K, committed 33984K, reserved 1114112K
  class space    used 4712K, committed 4928K, reserved 1048576K
}
Event: 8.174 GC heap after
{Heap after GC invocations=16 (full 0):
 garbage-first heap   total 61440K, used 34090K [0x0000000080000000, 0x0000000100000000)
  region size 1024K, 2 young (2048K), 2 survivors (2048K)
 Metaspace       used 33552K, committed 33984K, reserved 1114112K
  class space    used 4712K, committed 4928K, reserved 1048576K
}
Event: 8.369 GC heap before
{Heap before GC invocations=17 (full 0):
 garbage-first heap   total 63488K, used 48426K [0x0000000080000000, 0x0000000100000000)
  region size 1024K, 16 young (16384K), 2 survivors (2048K)
 Metaspace       used 34028K, committed 34496K, reserved 1114112K
  class space    used 4780K, committed 4992K, reserved 1048576K
}
Event: 8.372 GC heap after
{Heap after GC invocations=18 (full 0):
 garbage-first heap   total 63488K, used 34468K [0x0000000080000000, 0x0000000100000000)
  region size 1024K, 2 young (2048K), 2 survivors (2048K)
 Metaspace       used 34028K, committed 34496K, reserved 1114112K
  class space    used 4780K, committed 4992K, reserved 1048576K
}
Event: 8.410 GC heap before
{Heap before GC invocations=18 (full 0):
 garbage-first heap   total 63488K, used 36516K [0x0000000080000000, 0x0000000100000000)
  region size 1024K, 6 young (6144K), 2 survivors (2048K)
 Metaspace       used 34231K, committed 34688K, reserved 1114112K
  class space    used 4807K, committed 5056K, reserved 1048576K
}
Event: 8.413 GC heap after
{Heap after GC invocations=19 (full 0):
 garbage-first heap   total 63488K, used 35107K [0x0000000080000000, 0x0000000100000000)
  region size 1024K, 2 young (2048K), 2 survivors (2048K)
 Metaspace       used 34231K, committed 34688K, reserved 1114112K
  class space    used 4807K, committed 5056K, reserved 1048576K
}
Event: 8.915 GC heap before
{Heap before GC invocations=20 (full 0):
 garbage-first heap   total 70656K, used 55587K [0x0000000080000000, 0x0000000100000000)
  region size 1024K, 17 young (17408K), 2 survivors (2048K)
 Metaspace       used 36417K, committed 36864K, reserved 1114112K
  class space    used 5003K, committed 5184K, reserved 1048576K
}
Event: 8.919 GC heap after
{Heap after GC invocations=21 (full 0):
 garbage-first heap   total 70656K, used 36873K [0x0000000080000000, 0x0000000100000000)
  region size 1024K, 3 young (3072K), 3 survivors (3072K)
 Metaspace       used 36417K, committed 36864K, reserved 1114112K
  class space    used 5003K, committed 5184K, reserved 1048576K
}

Dll operation events (15 events):
Event: 0.014 Loaded shared library C:\Users\produ\.gradle\jdks\eclipse_adoptium-17-amd64-windows\jdk-17.0.16+8\bin\java.dll
Event: 0.033 Loaded shared library C:\Users\produ\.gradle\jdks\eclipse_adoptium-17-amd64-windows\jdk-17.0.16+8\bin\jsvml.dll
Event: 0.125 Loaded shared library C:\Users\produ\.gradle\jdks\eclipse_adoptium-17-amd64-windows\jdk-17.0.16+8\bin\zip.dll
Event: 0.129 Loaded shared library C:\Users\produ\.gradle\jdks\eclipse_adoptium-17-amd64-windows\jdk-17.0.16+8\bin\instrument.dll
Event: 0.137 Loaded shared library C:\Users\produ\.gradle\jdks\eclipse_adoptium-17-amd64-windows\jdk-17.0.16+8\bin\net.dll
Event: 0.141 Loaded shared library C:\Users\produ\.gradle\jdks\eclipse_adoptium-17-amd64-windows\jdk-17.0.16+8\bin\nio.dll
Event: 0.145 Loaded shared library C:\Users\produ\.gradle\jdks\eclipse_adoptium-17-amd64-windows\jdk-17.0.16+8\bin\zip.dll
Event: 0.586 Loaded shared library C:\Users\produ\.gradle\jdks\eclipse_adoptium-17-amd64-windows\jdk-17.0.16+8\bin\jimage.dll
Event: 0.970 Loaded shared library C:\Users\produ\.gradle\jdks\eclipse_adoptium-17-amd64-windows\jdk-17.0.16+8\bin\verify.dll
Event: 1.129 Loaded shared library C:\Users\produ\.gradle\native\1def1411415f61bf3af743bc5b6707747c0891f09f0c88961ee8f79bc544acac\windows-amd64\native-platform.dll
Event: 1.145 Loaded shared library C:\Users\produ\.gradle\native\0.2.7\x86_64-windows-gnu\gradle-fileevents.dll
Event: 2.907 Loaded shared library C:\Users\produ\.gradle\jdks\eclipse_adoptium-17-amd64-windows\jdk-17.0.16+8\bin\management.dll
Event: 2.914 Loaded shared library C:\Users\produ\.gradle\jdks\eclipse_adoptium-17-amd64-windows\jdk-17.0.16+8\bin\management_ext.dll
Event: 3.180 Loaded shared library C:\Users\produ\.gradle\jdks\eclipse_adoptium-17-amd64-windows\jdk-17.0.16+8\bin\extnet.dll
Event: 3.603 Loaded shared library C:\Users\produ\.gradle\jdks\eclipse_adoptium-17-amd64-windows\jdk-17.0.16+8\bin\sunmscapi.dll

Deoptimization events (20 events):
Event: 8.128 Thread 0x000001427ecc0fb0 DEOPT PACKING pc=0x0000014200798a99 sp=0x00000002d2cf6700
Event: 8.128 Thread 0x000001427ecc0fb0 DEOPT UNPACKING pc=0x0000014207587143 sp=0x00000002d2cf5bc0 mode 0
Event: 8.128 Thread 0x000001427ecc0fb0 DEOPT PACKING pc=0x00000142007982c8 sp=0x00000002d2cf67a0
Event: 8.128 Thread 0x000001427ecc0fb0 DEOPT UNPACKING pc=0x0000014207587143 sp=0x00000002d2cf5c48 mode 0
Event: 8.147 Thread 0x000001427ecc0fb0 DEOPT PACKING pc=0x000001420079e218 sp=0x00000002d2cf6e40
Event: 8.147 Thread 0x000001427ecc0fb0 DEOPT UNPACKING pc=0x0000014207587143 sp=0x00000002d2cf6350 mode 0
Event: 8.263 Thread 0x000001427ecc0fb0 Uncommon trap: trap_request=0xffffff45 fr.pc=0x0000014207bc3334 relative=0x00000000000005d4
Event: 8.263 Thread 0x000001427ecc0fb0 Uncommon trap: reason=unstable_if action=reinterpret pc=0x0000014207bc3334 method=java.lang.String.regionMatches(ZILjava/lang/String;II)Z @ 36 c2
Event: 8.263 Thread 0x000001427ecc0fb0 DEOPT PACKING pc=0x0000014207bc3334 sp=0x00000002d2cf75b0
Event: 8.263 Thread 0x000001427ecc0fb0 DEOPT UNPACKING pc=0x00000142075869a3 sp=0x00000002d2cf7528 mode 2
Event: 8.662 Thread 0x000001427ecc0fb0 DEOPT PACKING pc=0x00000142003d3bb8 sp=0x00000002d2cfa090
Event: 8.662 Thread 0x000001427ecc0fb0 DEOPT UNPACKING pc=0x0000014207587143 sp=0x00000002d2cf9598 mode 0
Event: 8.805 Thread 0x000001427ecc0fb0 Uncommon trap: trap_request=0xffffffde fr.pc=0x0000014207c07644 relative=0x0000000000000b44
Event: 8.805 Thread 0x000001427ecc0fb0 Uncommon trap: reason=class_check action=maybe_recompile pc=0x0000014207c07644 method=java.util.Collections$SetFromMap.remove(Ljava/lang/Object;)Z @ 5 c2
Event: 8.805 Thread 0x000001427ecc0fb0 DEOPT PACKING pc=0x0000014207c07644 sp=0x00000002d2cfa3b0
Event: 8.805 Thread 0x000001427ecc0fb0 DEOPT UNPACKING pc=0x00000142075869a3 sp=0x00000002d2cfa3a8 mode 2
Event: 8.880 Thread 0x000001427ecc0fb0 Uncommon trap: trap_request=0xffffff45 fr.pc=0x0000014207b4abec relative=0x00000000000005ac
Event: 8.880 Thread 0x000001427ecc0fb0 Uncommon trap: reason=unstable_if action=reinterpret pc=0x0000014207b4abec method=java.util.HashMap.hash(Ljava/lang/Object;)I @ 1 c2
Event: 8.880 Thread 0x000001427ecc0fb0 DEOPT PACKING pc=0x0000014207b4abec sp=0x00000002d2cf6760
Event: 8.880 Thread 0x000001427ecc0fb0 DEOPT UNPACKING pc=0x00000142075869a3 sp=0x00000002d2cf6608 mode 2

Classes loaded (20 events):
Event: 8.401 Loading class com/sun/beans/finder/AbstractFinder done
Event: 8.401 Loading class com/sun/beans/finder/MethodFinder done
Event: 8.401 Loading class com/sun/beans/finder/MethodFinder$1
Event: 8.402 Loading class com/sun/beans/finder/MethodFinder$1 done
Event: 8.402 Loading class com/sun/beans/finder/FinderUtils
Event: 8.402 Loading class com/sun/beans/finder/FinderUtils done
Event: 8.564 Loading class java/lang/invoke/SerializedLambda
Event: 8.565 Loading class java/lang/invoke/SerializedLambda done
Event: 8.718 Loading class sun/reflect/MagicAccessorImpl
Event: 8.718 Loading class sun/reflect/MagicAccessorImpl done
Event: 8.764 Loading class java/util/function/IntBinaryOperator
Event: 8.765 Loading class java/util/function/IntBinaryOperator done
Event: 8.780 Loading class jdk/internal/reflect/UnsafeObjectFieldAccessorImpl
Event: 8.781 Loading class jdk/internal/reflect/UnsafeObjectFieldAccessorImpl done
Event: 8.841 Loading class java/util/BitSet$1BitSetSpliterator
Event: 8.841 Loading class java/util/BitSet$1BitSetSpliterator done
Event: 8.896 Loading class java/lang/SafeVarargs
Event: 8.897 Loading class java/lang/SafeVarargs done
Event: 8.930 Loading class jdk/internal/reflect/UnsafeStaticIntegerFieldAccessorImpl
Event: 8.930 Loading class jdk/internal/reflect/UnsafeStaticIntegerFieldAccessorImpl done

Classes unloaded (0 events):
No events

Classes redefined (0 events):
No events

Internal exceptions (20 events):
Event: 8.400 Thread 0x000001427ecc0fb0 Exception <a 'java/lang/ClassNotFoundException'{0x0000000083c7cef8}: groovy/lang/Closure$1Customizer> (0x0000000083c7cef8) 
thrown [s\src\hotspot\share\classfile\systemDictionary.cpp, line 256]
Event: 8.470 Thread 0x000001427ecc0fb0 Exception <a 'java/lang/NoSuchMethodError'{0x0000000083d18af0}: 'void java.lang.invoke.Invokers$Holder.invoke_MT(java.lang.Object, java.lang.Object, java.lang.Object, java.lang.Object)'> (0x0000000083d18af0) 
thrown [s\src\hotspot\share\interpreter\linkResolver.cpp, line 759]
Event: 8.507 Thread 0x000001427ecc0fb0 Exception <a 'java/lang/ClassNotFoundException'{0x00000000844a0ef8}: org/gradle/invocation/DefaultGradle_DecoratedBeanInfo> (0x00000000844a0ef8) 
thrown [s\src\hotspot\share\classfile\systemDictionary.cpp, line 256]
Event: 8.508 Thread 0x000001427ecc0fb0 Exception <a 'java/lang/ClassNotFoundException'{0x00000000844b15a0}: org/gradle/invocation/DefaultGradleBeanInfo> (0x00000000844b15a0) 
thrown [s\src\hotspot\share\classfile\systemDictionary.cpp, line 256]
Event: 8.509 Thread 0x000001427ecc0fb0 Exception <a 'java/lang/ClassNotFoundException'{0x00000000844c2300}: org/gradle/api/internal/project/AbstractPluginAwareBeanInfo> (0x00000000844c2300) 
thrown [s\src\hotspot\share\classfile\systemDictionary.cpp, line 256]
Event: 8.510 Thread 0x000001427ecc0fb0 Exception <a 'java/lang/ClassNotFoundException'{0x00000000844d3100}: org/gradle/api/internal/project/AbstractPluginAwareCustomizer> (0x00000000844d3100) 
thrown [s\src\hotspot\share\classfile\systemDictionary.cpp, line 256]
Event: 8.512 Thread 0x000001427ecc0fb0 Exception <a 'java/lang/ClassNotFoundException'{0x00000000844ea4c0}: org/gradle/invocation/DefaultGradleCustomizer> (0x00000000844ea4c0) 
thrown [s\src\hotspot\share\classfile\systemDictionary.cpp, line 256]
Event: 8.519 Thread 0x000001427ecc0fb0 Exception <a 'java/lang/ClassNotFoundException'{0x0000000084331638}: org/gradle/invocation/DefaultGradle_DecoratedCustomizer> (0x0000000084331638) 
thrown [s\src\hotspot\share\classfile\systemDictionary.cpp, line 256]
Event: 8.650 Thread 0x000001427ecc0fb0 Exception <a 'java/lang/ClassNotFoundException'{0x0000000083f007d0}: init_bbdkcdbsij9n721rktuvdyzbcBeanInfo> (0x0000000083f007d0) 
thrown [s\src\hotspot\share\classfile\systemDictionary.cpp, line 256]
Event: 8.650 Thread 0x000001427ecc0fb0 Exception <a 'java/lang/ClassNotFoundException'{0x0000000083f07c10}: init_bbdkcdbsij9n721rktuvdyzbcCustomizer> (0x0000000083f07c10) 
thrown [s\src\hotspot\share\classfile\systemDictionary.cpp, line 256]
Event: 8.702 Thread 0x000001427ecc0fb0 Exception <a 'java/lang/ClassNotFoundException'{0x0000000083e2be10}: eclipsePlugin_7qd1lvaw32wfvj8np7zchrnnwBeanInfo> (0x0000000083e2be10) 
thrown [s\src\hotspot\share\classfile\systemDictionary.cpp, line 256]
Event: 8.703 Thread 0x000001427ecc0fb0 Exception <a 'java/lang/ClassNotFoundException'{0x0000000083e33358}: eclipsePlugin_7qd1lvaw32wfvj8np7zchrnnwCustomizer> (0x0000000083e33358) 
thrown [s\src\hotspot\share\classfile\systemDictionary.cpp, line 256]
Event: 8.753 Thread 0x000001427ecc0fb0 Exception <a 'java/lang/ClassNotFoundException'{0x0000000083b05988}: org/gradle/internal/metaobject/ConfigureDelegateBeanInfo> (0x0000000083b05988) 
thrown [s\src\hotspot\share\classfile\systemDictionary.cpp, line 256]
Event: 8.755 Thread 0x000001427ecc0fb0 Exception <a 'java/lang/ClassNotFoundException'{0x0000000083b167c0}: org/gradle/internal/metaobject/ConfigureDelegateCustomizer> (0x0000000083b167c0) 
thrown [s\src\hotspot\share\classfile\systemDictionary.cpp, line 256]
Event: 8.775 Thread 0x000001427ecc0fb0 Exception <a 'java/lang/ClassNotFoundException'{0x0000000083a14a50}: org/gradle/api/internal/initialization/DefaultScriptHandler_DecoratedBeanInfo> (0x0000000083a14a50) 
thrown [s\src\hotspot\share\classfile\systemDictionary.cpp, line 256]
Event: 8.776 Thread 0x000001427ecc0fb0 Exception <a 'java/lang/ClassNotFoundException'{0x0000000083a26d50}: org/gradle/api/internal/initialization/DefaultScriptHandlerBeanInfo> (0x0000000083a26d50) 
thrown [s\src\hotspot\share\classfile\systemDictionary.cpp, line 256]
Event: 8.777 Thread 0x000001427ecc0fb0 Exception <a 'java/lang/ClassNotFoundException'{0x0000000083a38d78}: org/gradle/api/internal/initialization/DefaultScriptHandlerCustomizer> (0x0000000083a38d78) 
thrown [s\src\hotspot\share\classfile\systemDictionary.cpp, line 256]
Event: 8.779 Thread 0x000001427ecc0fb0 Exception <a 'java/lang/ClassNotFoundException'{0x0000000083a57428}: org/gradle/api/internal/initialization/DefaultScriptHandler_DecoratedCustomizer> (0x0000000083a57428) 
thrown [s\src\hotspot\share\classfile\systemDictionary.cpp, line 256]
Event: 8.880 Thread 0x000001427ecc0fb0 Implicit null exception at 0x0000014207b4a68f to 0x0000014207b4abcc
Event: 8.924 Thread 0x000001427ecc0fb0 Exception <a 'java/lang/NoSuchMethodError'{0x000000008442d178}: 'java.lang.Object java.lang.invoke.DirectMethodHandle$Holder.newInvokeSpecial(java.lang.Object, java.lang.Object, int, int)'> (0x000000008442d178) 
thrown [s\src\hotspot\share\interpreter\linkResolver.cpp, line 759]

VM Operations (20 events):
Event: 8.107 Executing VM operation: HandshakeAllThreads
Event: 8.107 Executing VM operation: HandshakeAllThreads done
Event: 8.169 Executing VM operation: G1CollectForAllocation
Event: 8.174 Executing VM operation: G1CollectForAllocation done
Event: 8.195 Executing VM operation: G1PauseRemark
Event: 8.198 Executing VM operation: G1PauseRemark done
Event: 8.211 Executing VM operation: G1PauseCleanup
Event: 8.211 Executing VM operation: G1PauseCleanup done
Event: 8.369 Executing VM operation: G1CollectForAllocation
Event: 8.372 Executing VM operation: G1CollectForAllocation done
Event: 8.410 Executing VM operation: G1TryInitiateConcMark
Event: 8.413 Executing VM operation: G1TryInitiateConcMark done
Event: 8.438 Executing VM operation: G1PauseRemark
Event: 8.465 Executing VM operation: G1PauseRemark done
Event: 8.479 Executing VM operation: G1PauseCleanup
Event: 8.479 Executing VM operation: G1PauseCleanup done
Event: 8.885 Executing VM operation: HandshakeAllThreads
Event: 8.885 Executing VM operation: HandshakeAllThreads done
Event: 8.915 Executing VM operation: G1CollectForAllocation
Event: 8.919 Executing VM operation: G1CollectForAllocation done

Memory protections (0 events):
No events

Nmethod flushes (0 events):
No events

Events (20 events):
Event: 3.800 Thread 0x000001427ecc0fb0 Thread added: 0x000001427ecbec40
Event: 3.804 Thread 0x000001427ecc0fb0 Thread added: 0x000001427ecbe730
Event: 4.317 Thread 0x000001427ecc0fb0 Thread added: 0x000001427ecbd800
Event: 4.336 Thread 0x000001427ecc0fb0 Thread added: 0x000001427ecbdd10
Event: 4.342 Thread 0x000001427ecbdd10 Thread added: 0x000001427ecbf660
Event: 4.379 Thread 0x000001427ecc0fb0 Thread added: 0x000001427ecbf150
Event: 5.522 Thread 0x000001427ecc0fb0 Thread added: 0x000001427ecbfb70
Event: 5.534 Thread 0x000001427ecc0fb0 Thread added: 0x000001427ecbe220
Event: 5.978 Thread 0x000001427ecc0fb0 Thread added: 0x00000142551da2f0
Event: 5.988 Thread 0x000001427ecc0fb0 Thread added: 0x00000142551d98d0
Event: 6.145 Thread 0x000001427ecc0fb0 Thread added: 0x00000142551da800
Event: 6.146 Thread 0x000001427ecc0fb0 Thread added: 0x00000142551d93c0
Event: 6.146 Thread 0x000001427ecc0fb0 Thread added: 0x00000142551d89a0
Event: 7.347 Thread 0x000001427ecc0fb0 Thread added: 0x00000142551db730
Event: 7.403 Thread 0x000001427ecc0fb0 Thread added: 0x00000142551d9de0
Event: 8.323 Thread 0x000001427ecc0fb0 Thread added: 0x00000142551d8eb0
Event: 8.352 Thread 0x000001427ecc0fb0 Thread added: 0x00000142551db220
Event: 8.595 Thread 0x000001427ecc0fb0 Thread added: 0x00000142551d8490
Event: 8.634 Thread 0x000001427ecc0fb0 Thread added: 0x00000142551deee0
Event: 8.688 Thread 0x000001427ecc0fb0 Thread added: 0x00000142551dcb70


Dynamic libraries:
0x00007ff7000e0000 - 0x00007ff7000ee000 	C:\Users\produ\.gradle\jdks\eclipse_adoptium-17-amd64-windows\jdk-17.0.16+8\bin\java.exe
0x00007ffa62d20000 - 0x00007ffa62f88000 	C:\WINDOWS\SYSTEM32\ntdll.dll
0x00007ffa619e0000 - 0x00007ffa61aa9000 	C:\WINDOWS\System32\KERNEL32.DLL
0x00007ffa60470000 - 0x00007ffa60862000 	C:\WINDOWS\System32\KERNELBASE.dll
0x00007ffa60320000 - 0x00007ffa6046b000 	C:\WINDOWS\System32\ucrtbase.dll
0x00007ffa5a600000 - 0x00007ffa5a617000 	C:\Users\produ\.gradle\jdks\eclipse_adoptium-17-amd64-windows\jdk-17.0.16+8\bin\jli.dll
0x00007ffa61ed0000 - 0x00007ffa62095000 	C:\WINDOWS\System32\USER32.dll
0x00007ffa5feb0000 - 0x00007ffa5fed7000 	C:\WINDOWS\System32\win32u.dll
0x00007ffa5a5a0000 - 0x00007ffa5a5be000 	C:\Users\produ\.gradle\jdks\eclipse_adoptium-17-amd64-windows\jdk-17.0.16+8\bin\VCRUNTIME140.dll
0x00007ffa61e80000 - 0x00007ffa61eab000 	C:\WINDOWS\System32\GDI32.dll
0x00007ffa609c0000 - 0x00007ffa60aed000 	C:\WINDOWS\System32\gdi32full.dll
0x00007ffa60910000 - 0x00007ffa609b3000 	C:\WINDOWS\System32\msvcp_win.dll
0x00007ffa3e310000 - 0x00007ffa3e5a3000 	C:\WINDOWS\WinSxS\amd64_microsoft.windows.common-controls_6595b64144ccf1df_6.0.26100.6899_none_3e0efeeae32e88c1\COMCTL32.dll
0x00007ffa62700000 - 0x00007ffa627a9000 	C:\WINDOWS\System32\msvcrt.dll
0x00007ffa621b0000 - 0x00007ffa621df000 	C:\WINDOWS\System32\IMM32.DLL
0x00007ffa5ca30000 - 0x00007ffa5ca3c000 	C:\Users\produ\.gradle\jdks\eclipse_adoptium-17-amd64-windows\jdk-17.0.16+8\bin\vcruntime140_1.dll
0x00007ffa34bb0000 - 0x00007ffa34c3d000 	C:\Users\produ\.gradle\jdks\eclipse_adoptium-17-amd64-windows\jdk-17.0.16+8\bin\msvcp140.dll
0x00007ff9af650000 - 0x00007ff9b02bb000 	C:\Users\produ\.gradle\jdks\eclipse_adoptium-17-amd64-windows\jdk-17.0.16+8\bin\server\jvm.dll
0x00007ffa61ab0000 - 0x00007ffa61b64000 	C:\WINDOWS\System32\ADVAPI32.dll
0x00007ffa628b0000 - 0x00007ffa62956000 	C:\WINDOWS\System32\sechost.dll
0x00007ffa625e0000 - 0x00007ffa626f8000 	C:\WINDOWS\System32\RPCRT4.dll
0x00007ffa620a0000 - 0x00007ffa62114000 	C:\WINDOWS\System32\WS2_32.dll
0x00007ffa5fd10000 - 0x00007ffa5fd6e000 	C:\WINDOWS\SYSTEM32\POWRPROF.dll
0x00007ffa57c90000 - 0x00007ffa57cc5000 	C:\WINDOWS\SYSTEM32\WINMM.dll
0x00007ffa4cb20000 - 0x00007ffa4cb2b000 	C:\WINDOWS\SYSTEM32\VERSION.dll
0x00007ffa5fcf0000 - 0x00007ffa5fd04000 	C:\WINDOWS\SYSTEM32\UMPDC.dll
0x00007ffa5ec80000 - 0x00007ffa5ec9b000 	C:\WINDOWS\SYSTEM32\kernel.appcore.dll
0x00007ffa5abf0000 - 0x00007ffa5abfa000 	C:\Users\produ\.gradle\jdks\eclipse_adoptium-17-amd64-windows\jdk-17.0.16+8\bin\jimage.dll
0x00007ffa5d580000 - 0x00007ffa5d7c2000 	C:\WINDOWS\SYSTEM32\DBGHELP.DLL
0x00007ffa62960000 - 0x00007ffa62cdb000 	C:\WINDOWS\System32\combase.dll
0x00007ffa62400000 - 0x00007ffa624d7000 	C:\WINDOWS\System32\OLEAUT32.dll
0x00007ffa3f0e0000 - 0x00007ffa3f11c000 	C:\WINDOWS\SYSTEM32\dbgcore.DLL
0x00007ffa60870000 - 0x00007ffa60908000 	C:\WINDOWS\System32\bcryptPrimitives.dll
0x00007ffa5a590000 - 0x00007ffa5a59e000 	C:\Users\produ\.gradle\jdks\eclipse_adoptium-17-amd64-windows\jdk-17.0.16+8\bin\instrument.dll
0x00007ffa4a1b0000 - 0x00007ffa4a1d5000 	C:\Users\produ\.gradle\jdks\eclipse_adoptium-17-amd64-windows\jdk-17.0.16+8\bin\java.dll
0x00007ffa22bb0000 - 0x00007ffa22c87000 	C:\Users\produ\.gradle\jdks\eclipse_adoptium-17-amd64-windows\jdk-17.0.16+8\bin\jsvml.dll
0x00007ffa60af0000 - 0x00007ffa6123d000 	C:\WINDOWS\System32\SHELL32.dll
0x00007ffa5fee0000 - 0x00007ffa6004b000 	C:\WINDOWS\System32\wintypes.dll
0x00007ffa5db20000 - 0x00007ffa5e37d000 	C:\WINDOWS\SYSTEM32\windows.storage.dll
0x00007ffa61c90000 - 0x00007ffa61d82000 	C:\WINDOWS\System32\SHCORE.dll
0x00007ffa61df0000 - 0x00007ffa61e52000 	C:\WINDOWS\System32\shlwapi.dll
0x00007ffa5fdd0000 - 0x00007ffa5fdf9000 	C:\WINDOWS\SYSTEM32\profapi.dll
0x00007ffa4e090000 - 0x00007ffa4e0a8000 	C:\Users\produ\.gradle\jdks\eclipse_adoptium-17-amd64-windows\jdk-17.0.16+8\bin\zip.dll
0x00007ffa4dfe0000 - 0x00007ffa4dff9000 	C:\Users\produ\.gradle\jdks\eclipse_adoptium-17-amd64-windows\jdk-17.0.16+8\bin\net.dll
0x00007ffa4fc00000 - 0x00007ffa4fd1f000 	C:\WINDOWS\SYSTEM32\WINHTTP.dll
0x00007ffa5f1f0000 - 0x00007ffa5f25b000 	C:\WINDOWS\system32\mswsock.dll
0x00007ffa4de00000 - 0x00007ffa4de16000 	C:\Users\produ\.gradle\jdks\eclipse_adoptium-17-amd64-windows\jdk-17.0.16+8\bin\nio.dll
0x00007ffa4e020000 - 0x00007ffa4e030000 	C:\Users\produ\.gradle\jdks\eclipse_adoptium-17-amd64-windows\jdk-17.0.16+8\bin\verify.dll
0x00007ffa5a6d0000 - 0x00007ffa5a6f7000 	C:\Users\produ\.gradle\native\1def1411415f61bf3af743bc5b6707747c0891f09f0c88961ee8f79bc544acac\windows-amd64\native-platform.dll
0x00007ffa313c0000 - 0x00007ffa31438000 	C:\Users\produ\.gradle\native\0.2.7\x86_64-windows-gnu\gradle-fileevents.dll
0x00007ffa4de70000 - 0x00007ffa4de7a000 	C:\Users\produ\.gradle\jdks\eclipse_adoptium-17-amd64-windows\jdk-17.0.16+8\bin\management.dll
0x00007ffa4de30000 - 0x00007ffa4de3b000 	C:\Users\produ\.gradle\jdks\eclipse_adoptium-17-amd64-windows\jdk-17.0.16+8\bin\management_ext.dll
0x00007ffa61bc0000 - 0x00007ffa61bc8000 	C:\WINDOWS\System32\PSAPI.DLL
0x00007ffa5e7f0000 - 0x00007ffa5e824000 	C:\WINDOWS\SYSTEM32\IPHLPAPI.DLL
0x00007ffa61eb0000 - 0x00007ffa61eba000 	C:\WINDOWS\System32\NSI.dll
0x00007ffa57ab0000 - 0x00007ffa57ace000 	C:\WINDOWS\SYSTEM32\dhcpcsvc6.DLL
0x00007ffa57a80000 - 0x00007ffa57aa3000 	C:\WINDOWS\SYSTEM32\dhcpcsvc.DLL
0x00007ffa5e830000 - 0x00007ffa5e956000 	C:\WINDOWS\SYSTEM32\DNSAPI.dll
0x00007ffa4d9c0000 - 0x00007ffa4d9c9000 	C:\Users\produ\.gradle\jdks\eclipse_adoptium-17-amd64-windows\jdk-17.0.16+8\bin\extnet.dll
0x00007ffa5f4a0000 - 0x00007ffa5f4bb000 	C:\WINDOWS\SYSTEM32\CRYPTSP.dll
0x00007ffa5ebe0000 - 0x00007ffa5ec1b000 	C:\WINDOWS\system32\rsaenh.dll
0x00007ffa5f290000 - 0x00007ffa5f2bb000 	C:\WINDOWS\SYSTEM32\USERENV.dll
0x00007ffa5fda0000 - 0x00007ffa5fdc6000 	C:\WINDOWS\SYSTEM32\bcrypt.dll
0x00007ffa5f4c0000 - 0x00007ffa5f4cc000 	C:\WINDOWS\SYSTEM32\CRYPTBASE.dll
0x00007ffa4d430000 - 0x00007ffa4d43e000 	C:\Users\produ\.gradle\jdks\eclipse_adoptium-17-amd64-windows\jdk-17.0.16+8\bin\sunmscapi.dll
0x00007ffa601a0000 - 0x00007ffa60317000 	C:\WINDOWS\System32\CRYPT32.dll
0x00007ffa5f6c0000 - 0x00007ffa5f6f0000 	C:\WINDOWS\SYSTEM32\ncrypt.dll
0x00007ffa5f670000 - 0x00007ffa5f6af000 	C:\WINDOWS\SYSTEM32\NTASN1.dll
0x00007ff9f5ab0000 - 0x00007ff9f5ab8000 	C:\WINDOWS\system32\wshunix.dll

dbghelp: loaded successfully - version: 4.0.5 - missing functions: none
symbol engine: initialized successfully - sym options: 0x614 - pdb path: .;C:\Users\produ\.gradle\jdks\eclipse_adoptium-17-amd64-windows\jdk-17.0.16+8\bin;C:\WINDOWS\SYSTEM32;C:\WINDOWS\WinSxS\amd64_microsoft.windows.common-controls_6595b64144ccf1df_6.0.26100.6899_none_3e0efeeae32e88c1;C:\Users\produ\.gradle\jdks\eclipse_adoptium-17-amd64-windows\jdk-17.0.16+8\bin\server;C:\Users\produ\.gradle\native\1def1411415f61bf3af743bc5b6707747c0891f09f0c88961ee8f79bc544acac\windows-amd64;C:\Users\produ\.gradle\native\0.2.7\x86_64-windows-gnu

VM Arguments:
jvm_args: --add-opens=java.base/java.lang=ALL-UNNAMED --add-opens=java.base/java.lang.invoke=ALL-UNNAMED --add-opens=java.base/java.util=ALL-UNNAMED --add-opens=java.prefs/java.util.prefs=ALL-UNNAMED --add-exports=jdk.compiler/com.sun.tools.javac.api=ALL-UNNAMED --add-exports=jdk.compiler/com.sun.tools.javac.util=ALL-UNNAMED --add-opens=java.base/java.util=ALL-UNNAMED --add-opens=java.prefs/java.util.prefs=ALL-UNNAMED --add-opens=java.base/java.nio.charset=ALL-UNNAMED --add-opens=java.base/java.net=ALL-UNNAMED --add-opens=java.base/java.util.concurrent.atomic=ALL-UNNAMED --add-opens=java.xml/javax.xml.namespace=ALL-UNNAMED -Xmx2048m -Dfile.encoding=UTF-8 -Duser.country=BR -Duser.language=pt -Duser.variant -javaagent:C:\Users\produ\.gradle\wrapper\dists\gradle-8.13-bin\5xuhj0ry160q40clulazy9h7d\gradle-8.13\lib\agents\gradle-instrumentation-agent-8.13.jar 
java_command: org.gradle.launcher.daemon.bootstrap.GradleDaemon 8.13
java_class_path (initial): C:\Users\produ\.gradle\wrapper\dists\gradle-8.13-bin\5xuhj0ry160q40clulazy9h7d\gradle-8.13\lib\gradle-daemon-main-8.13.jar
Launcher Type: SUN_STANDARD

[Global flags]
     intx CICompilerCount                          = 4                                         {product} {ergonomic}
     uint ConcGCThreads                            = 2                                         {product} {ergonomic}
     uint G1ConcRefinementThreads                  = 8                                         {product} {ergonomic}
   size_t G1HeapRegionSize                         = 1048576                                   {product} {ergonomic}
    uintx GCDrainStackTargetSize                   = 64                                        {product} {ergonomic}
   size_t InitialHeapSize                          = 62914560                                  {product} {ergonomic}
   size_t MarkStackSize                            = 4194304                                   {product} {ergonomic}
   size_t MaxHeapSize                              = 2147483648                                {product} {command line}
   size_t MaxNewSize                               = 1287651328                                {product} {ergonomic}
   size_t MinHeapDeltaBytes                        = 1048576                                   {product} {ergonomic}
   size_t MinHeapSize                              = 8388608                                   {product} {ergonomic}
    uintx NonNMethodCodeHeapSize                   = 5839372                                {pd product} {ergonomic}
    uintx NonProfiledCodeHeapSize                  = 122909434                              {pd product} {ergonomic}
    uintx ProfiledCodeHeapSize                     = 122909434                              {pd product} {ergonomic}
    uintx ReservedCodeCacheSize                    = 251658240                              {pd product} {ergonomic}
     bool SegmentedCodeCache                       = true                                      {product} {ergonomic}
   size_t SoftMaxHeapSize                          = 2147483648                             {manageable} {ergonomic}
     bool UseCompressedClassPointers               = true                           {product lp64_product} {ergonomic}
     bool UseCompressedOops                        = true                           {product lp64_product} {ergonomic}
     bool UseG1GC                                  = true                                      {product} {ergonomic}
     bool UseLargePagesIndividualAllocation        = false                                  {pd product} {ergonomic}

Logging:
Log output configuration:
 #0: stdout all=warning uptime,level,tags
 #1: stderr all=off uptime,level,tags

Environment Variables:
PATH=C:\Python314\Scripts\;C:\Python314\;C:\WINDOWS\system32;C:\WINDOWS;C:\WINDOWS\System32\Wbem;C:\WINDOWS\System32\WindowsPowerShell\v1.0\;C:\WINDOWS\System32\OpenSSH\;C:\Program Files\cursor\resources\app\bin;C:\Program Files\Git\cmd;C:\Program Files\nodejs\;C:\ProgramData\chocolatey\bin;C:\Users\produ\AppData\Local\Microsoft\WindowsApps;C:\Users\produ\AppData\Roaming\npm;c:\Users\produ\AppData\Local\Programs\Trae\resources\app\bin\lib
USERNAME=produ
OS=Windows_NT
PROCESSOR_IDENTIFIER=Intel64 Family 6 Model 154 Stepping 4, GenuineIntel
TMP=C:\Users\produ\AppData\Local\Temp
TEMP=C:\Users\produ\AppData\Local\Temp



Periodic native trim disabled


---------------  S Y S T E M  ---------------

OS:
 Windows 11 , 64 bit Build 26100 (10.0.26100.6725)
OS uptime: 0 days 1:55 hours

CPU: total 8 (initial active 8) (8 cores per cpu, 1 threads per core) family 6 model 154 stepping 4 microcode 0x435, cx8, cmov, fxsr, mmx, 3dnowpref, sse, sse2, sse3, ssse3, sse4.1, sse4.2, popcnt, lzcnt, tsc, tscinvbit, avx, avx2, aes, erms, clmul, bmi1, bmi2, adx, sha, fma, vzeroupper, clflush, clflushopt, clwb
Processor Information for processor 0
  Max Mhz: 1200, Current Mhz: 1200, Mhz Limit: 1200
Processor Information for processor 1
  Max Mhz: 1200, Current Mhz: 1200, Mhz Limit: 1200
Processor Information for processor 2
  Max Mhz: 1200, Current Mhz: 1200, Mhz Limit: 1200
Processor Information for processor 3
  Max Mhz: 1200, Current Mhz: 1200, Mhz Limit: 1200
Processor Information for processor 4
  Max Mhz: 900, Current Mhz: 900, Mhz Limit: 900
Processor Information for processor 5
  Max Mhz: 900, Current Mhz: 900, Mhz Limit: 900
Processor Information for processor 6
  Max Mhz: 900, Current Mhz: 900, Mhz Limit: 900
Processor Information for processor 7
  Max Mhz: 900, Current Mhz: 900, Mhz Limit: 900

Memory: 4k page, system-wide physical 3820M (146M free)
TotalPageFile size 14060M (AvailPageFile size 6M)
current process WorkingSet (physical memory assigned to process): 206M, peak: 207M
current process commit charge ("private bytes"): 256M, peak: 257M

vm_info: OpenJDK 64-Bit Server VM (17.0.16+8) for windows-amd64 JRE (17.0.16+8), built on Jul 16 2025 10:37:56 by "admin" with MS VC++ 17.7 (VS2022)

END.
