#
# There is insufficient memory for the Java Runtime Environment to continue.
# Native memory allocation (mmap) failed to map 12582912 bytes. Error detail: G1 virtual space
# Possible reasons:
#   The system is out of physical RAM or swap space
#   This process is running with CompressedOops enabled, and the Java Heap may be blocking the growth of the native heap
# Possible solutions:
#   Reduce memory load on the system
#   Increase physical memory or swap space
#   Check if swap backing store is full
#   Decrease Java heap size (-Xmx/-Xms)
#   Decrease number of Java threads
#   Decrease Java thread stack sizes (-Xss)
#   Set larger code cache with -XX:ReservedCodeCacheSize=
#   JVM is running with Unscaled Compressed Oops mode in which the Java heap is
#     placed in the first 4GB address space. The Java Heap base address is the
#     maximum limit for the native heap growth. Please use -XX:HeapBaseMinAddress
#     to set the Java Heap base and to place the Java Heap above 4GB virtual address.
# This output file may be truncated or incomplete.
#
#  Out of Memory Error (os_windows.cpp:3925), pid=18632, tid=22352
#
# JRE version: OpenJDK Runtime Environment (21.0.8) (build 21.0.8+-14196175-b1038.72)
# Java VM: OpenJDK 64-Bit Server VM (21.0.8+-14196175-b1038.72, mixed mode, tiered, compressed oops, compressed class ptrs, g1 gc, windows-amd64)
# No core dump will be written. Minidumps are not enabled by default on client versions of Windows
#

---------------  S U M M A R Y ------------

Command Line: org.jetbrains.kotlin.cli.jvm.K2JVMCompiler @C:\Users\produ\AndroidStudioProjects\EndorPlayer\app\build\20251108_3289746209303995679.compiler.options

Host: 12th Gen Intel(R) Core(TM) i3-1215U, 8 cores, 3G,  Windows 11 , 64 bit Build 26100 (10.0.26100.6725)
Time: Sat Nov  8 02:55:56 2025 Hora Padrão de Caracas elapsed time: 4.226525 seconds (0d 0h 0m 4s)

---------------  T H R E A D  ---------------

Current thread (0x0000028a80282050):  VMThread "VM Thread"          [id=22352, stack(0x000000e9b7400000,0x000000e9b7500000) (1024K)]

Stack: [0x000000e9b7400000,0x000000e9b7500000]
Native frames: (J=compiled Java code, j=interpreted, Vv=VM code, C=native code)
V  [jvm.dll+0x6d68d9]
V  [jvm.dll+0x866693]
V  [jvm.dll+0x868c4e]
V  [jvm.dll+0x869333]
V  [jvm.dll+0x280566]
V  [jvm.dll+0x6d3195]
V  [jvm.dll+0x6c69ea]
V  [jvm.dll+0x3586db]
V  [jvm.dll+0x360336]
V  [jvm.dll+0x3b23f6]
V  [jvm.dll+0x3b26c8]
V  [jvm.dll+0x32ae6c]
V  [jvm.dll+0x32d806]
V  [jvm.dll+0x3376dd]
V  [jvm.dll+0x36ee15]
V  [jvm.dll+0x86f0b8]
V  [jvm.dll+0x870434]
V  [jvm.dll+0x870970]
V  [jvm.dll+0x870c03]
V  [jvm.dll+0x80eac8]
V  [jvm.dll+0x6d512d]
C  [ucrtbase.dll+0x37b0]
C  [KERNEL32.DLL+0x2e8d7]
C  [ntdll.dll+0x8c53c]

VM_Operation (0x000000e9b6fff420): G1PauseRemark, mode: safepoint, requested by thread 0x0000028aea157c70


---------------  P R O C E S S  ---------------

Threads class SMR info:
_java_thread_list=0x0000028a8055c8b0, length=12, elements={
0x0000028ae7e4ecd0, 0x0000028a8030b230, 0x0000028a804513d0, 0x0000028a80452bb0,
0x0000028a80467f60, 0x0000028a804685d0, 0x0000028a80469440, 0x0000028a804772d0,
0x0000028a8045c5a0, 0x0000028a80481d50, 0x0000028a80617120, 0x0000028a80725110
}

Java Threads: ( => current thread )
  0x0000028ae7e4ecd0 JavaThread "main"                              [_thread_blocked, id=2916, stack(0x000000e9b6d00000,0x000000e9b6e00000) (1024K)]
  0x0000028a8030b230 JavaThread "Common-Cleaner"             daemon [_thread_blocked, id=16156, stack(0x000000e9b7500000,0x000000e9b7600000) (1024K)]
  0x0000028a804513d0 JavaThread "Reference Handler"          daemon [_thread_blocked, id=21924, stack(0x000000e9b7600000,0x000000e9b7700000) (1024K)]
  0x0000028a80452bb0 JavaThread "Finalizer"                  daemon [_thread_blocked, id=22156, stack(0x000000e9b7700000,0x000000e9b7800000) (1024K)]
  0x0000028a80467f60 JavaThread "Signal Dispatcher"          daemon [_thread_blocked, id=13088, stack(0x000000e9b7800000,0x000000e9b7900000) (1024K)]
  0x0000028a804685d0 JavaThread "Attach Listener"            daemon [_thread_blocked, id=9864, stack(0x000000e9b7900000,0x000000e9b7a00000) (1024K)]
  0x0000028a80469440 JavaThread "Service Thread"             daemon [_thread_blocked, id=12956, stack(0x000000e9b7a00000,0x000000e9b7b00000) (1024K)]
  0x0000028a804772d0 JavaThread "Monitor Deflation Thread"   daemon [_thread_blocked, id=2612, stack(0x000000e9b7b00000,0x000000e9b7c00000) (1024K)]
  0x0000028a8045c5a0 JavaThread "C2 CompilerThread0"         daemon [_thread_blocked, id=21316, stack(0x000000e9b7c00000,0x000000e9b7d00000) (1024K)]
  0x0000028a80481d50 JavaThread "C1 CompilerThread0"         daemon [_thread_blocked, id=21600, stack(0x000000e9b7d00000,0x000000e9b7e00000) (1024K)]
  0x0000028a80617120 JavaThread "Notification Thread"        daemon [_thread_blocked, id=22312, stack(0x000000e9b7e00000,0x000000e9b7f00000) (1024K)]
  0x0000028a80725110 JavaThread "C2 CompilerThread1"         daemon [_thread_blocked, id=3940, stack(0x000000e9b7f00000,0x000000e9b8000000) (1024K)]
Total: 12

Other Threads:
=>0x0000028a80282050 VMThread "VM Thread"                           [id=22352, stack(0x000000e9b7400000,0x000000e9b7500000) (1024K)]
  0x0000028a8022cb00 WatcherThread "VM Periodic Task Thread"        [id=18008, stack(0x000000e9b7300000,0x000000e9b7400000) (1024K)]
  0x0000028aea14f3b0 WorkerThread "GC Thread#0"                     [id=20624, stack(0x000000e9b6e00000,0x000000e9b6f00000) (1024K)]
  0x0000028a85565090 WorkerThread "GC Thread#1"                     [id=21452, stack(0x000000e9b8000000,0x000000e9b8100000) (1024K)]
  0x0000028a8552bdd0 WorkerThread "GC Thread#2"                     [id=17284, stack(0x000000e9b8100000,0x000000e9b8200000) (1024K)]
  0x0000028a8552c170 WorkerThread "GC Thread#3"                     [id=9440, stack(0x000000e9b8200000,0x000000e9b8300000) (1024K)]
  0x0000028a8552c510 WorkerThread "GC Thread#4"                     [id=21980, stack(0x000000e9b8300000,0x000000e9b8400000) (1024K)]
  0x0000028a8552c8b0 WorkerThread "GC Thread#5"                     [id=21764, stack(0x000000e9b8400000,0x000000e9b8500000) (1024K)]
  0x0000028a8564dea0 WorkerThread "GC Thread#6"                     [id=1136, stack(0x000000e9b8500000,0x000000e9b8600000) (1024K)]
  0x0000028a8564e980 WorkerThread "GC Thread#7"                     [id=3040, stack(0x000000e9b8700000,0x000000e9b8800000) (1024K)]
  0x0000028aea157c70 ConcurrentGCThread "G1 Main Marker"            [id=8876, stack(0x000000e9b6f00000,0x000000e9b7000000) (1024K)]
  0x0000028aea15a300 WorkerThread "G1 Conc#0"                       [id=21952, stack(0x000000e9b7000000,0x000000e9b7100000) (1024K)]
  0x0000028a8564e240 WorkerThread "G1 Conc#1"                       [id=18796, stack(0x000000e9b8600000,0x000000e9b8700000) (1024K)]
  0x0000028aea1cab00 ConcurrentGCThread "G1 Refine#0"               [id=11180, stack(0x000000e9b7100000,0x000000e9b7200000) (1024K)]
  0x0000028aea1cb510 ConcurrentGCThread "G1 Service"                [id=11328, stack(0x000000e9b7200000,0x000000e9b7300000) (1024K)]
Total: 15

Threads with active compile tasks:
C2 CompilerThread0  4245 3414       4       java.lang.ClassLoader::loadClass (7 bytes)
C2 CompilerThread1  4245 3434       4       org.jetbrains.org.objectweb.asm.ClassReader::readMethod (1061 bytes)
Total: 2

VM state: at safepoint (normal execution)

VM Mutex/Monitor currently owned by a thread:  ([mutex/lock_event])
[0x00007ff9b30085b8] Threads_lock - owner thread: 0x0000028a80282050
[0x00007ff9b30086b8] Heap_lock - owner thread: 0x0000028aea157c70

Heap address: 0x00000000c4400000, size: 956 MB, Compressed Oops mode: 32-bit

CDS archive(s) not mapped
Compressed class space mapped at: 0x0000000100000000-0x0000000140000000, reserved size: 1073741824
Narrow klass base: 0x0000000000000000, Narrow klass shift: 3, Narrow klass range: 0x140000000

GC Precious Log:
 CardTable entry size: 512
 Card Set container configuration: InlinePtr #cards 5 size 8 Array Of Cards #cards 12 size 40 Howl #buckets 4 coarsen threshold 1843 Howl Bitmap #cards 512 size 80 coarsen threshold 460 Card regions per heap region 1 cards per card region 2048
 CPUs: 8 total, 8 available
 Memory: 3820M
 Large Page Support: Disabled
 NUMA Support: Disabled
 Compressed Oops: Enabled (32-bit)
 Heap Region Size: 1M
 Heap Min Capacity: 8M
 Heap Initial Capacity: 60M
 Heap Max Capacity: 956M
 Pre-touch: Disabled
 Parallel Workers: 8
 Concurrent Workers: 2
 Concurrent Refinement Workers: 8
 Periodic GC: Disabled

Heap:
 garbage-first heap   total 53248K, used 38520K [0x00000000c4400000, 0x0000000100000000)
  region size 1024K, 3 young (3072K), 2 survivors (2048K)
 Metaspace       used 51140K, committed 51392K, reserved 1114112K
  class space    used 6059K, committed 6144K, reserved 1048576K

Heap Regions: E=young(eden), S=young(survivor), O=old, HS=humongous(starts), HC=humongous(continues), CS=collection set, F=free, TAMS=top-at-mark-start, PB=parsable bottom
|   0|0x00000000c4400000, 0x00000000c4500000, 0x00000000c4500000|100%|HS|  |TAMS 0x00000000c4500000| PB 0x00000000c4400000| Complete 
|   1|0x00000000c4500000, 0x00000000c4600000, 0x00000000c4600000|100%|HC|  |TAMS 0x00000000c4600000| PB 0x00000000c4500000| Complete 
|   2|0x00000000c4600000, 0x00000000c4700000, 0x00000000c4700000|100%|HC|  |TAMS 0x00000000c4700000| PB 0x00000000c4600000| Complete 
|   3|0x00000000c4700000, 0x00000000c4800000, 0x00000000c4800000|100%| O|  |TAMS 0x00000000c4800000| PB 0x00000000c4800000| Untracked 
|   4|0x00000000c4800000, 0x00000000c4900000, 0x00000000c4900000|100%| O|  |TAMS 0x00000000c4900000| PB 0x00000000c4900000| Untracked 
|   5|0x00000000c4900000, 0x00000000c49e9d00, 0x00000000c4a00000| 91%| O|  |TAMS 0x00000000c49e9d00| PB 0x00000000c49e9d00| Updating 
|   6|0x00000000c4a00000, 0x00000000c4b00000, 0x00000000c4b00000|100%| O|  |TAMS 0x00000000c4b00000| PB 0x00000000c4b00000| Untracked 
|   7|0x00000000c4b00000, 0x00000000c4c00000, 0x00000000c4c00000|100%| O|  |TAMS 0x00000000c4c00000| PB 0x00000000c4c00000| Untracked 
|   8|0x00000000c4c00000, 0x00000000c4d00000, 0x00000000c4d00000|100%| O|  |TAMS 0x00000000c4d00000| PB 0x00000000c4d00000| Untracked 
|   9|0x00000000c4d00000, 0x00000000c4e00000, 0x00000000c4e00000|100%| O|  |TAMS 0x00000000c4e00000| PB 0x00000000c4e00000| Untracked 
|  10|0x00000000c4e00000, 0x00000000c4f00000, 0x00000000c4f00000|100%| O|  |TAMS 0x00000000c4e00000| PB 0x00000000c4e00000| Untracked 
|  11|0x00000000c4f00000, 0x00000000c5000000, 0x00000000c5000000|100%| O|  |TAMS 0x00000000c5000000| PB 0x00000000c5000000| Untracked 
|  12|0x00000000c5000000, 0x00000000c5100000, 0x00000000c5100000|100%| O|  |TAMS 0x00000000c5100000| PB 0x00000000c5100000| Untracked 
|  13|0x00000000c5100000, 0x00000000c5200000, 0x00000000c5200000|100%| O|  |TAMS 0x00000000c5200000| PB 0x00000000c5200000| Untracked 
|  14|0x00000000c5200000, 0x00000000c5300000, 0x00000000c5300000|100%| O|  |TAMS 0x00000000c5300000| PB 0x00000000c5300000| Untracked 
|  15|0x00000000c5300000, 0x00000000c5400000, 0x00000000c5400000|100%| O|  |TAMS 0x00000000c5400000| PB 0x00000000c5400000| Untracked 
|  16|0x00000000c5400000, 0x00000000c5500000, 0x00000000c5500000|100%| O|  |TAMS 0x00000000c5500000| PB 0x00000000c5500000| Untracked 
|  17|0x00000000c5500000, 0x00000000c5600000, 0x00000000c5600000|100%| O|  |TAMS 0x00000000c5600000| PB 0x00000000c5600000| Updating 
|  18|0x00000000c5600000, 0x00000000c5700000, 0x00000000c5700000|100%| O|  |TAMS 0x00000000c5700000| PB 0x00000000c5700000| Untracked 
|  19|0x00000000c5700000, 0x00000000c5800000, 0x00000000c5800000|100%|HS|  |TAMS 0x00000000c5800000| PB 0x00000000c5700000| Complete 
|  20|0x00000000c5800000, 0x00000000c5900000, 0x00000000c5900000|100%| O|  |TAMS 0x00000000c5900000| PB 0x00000000c5900000| Untracked 
|  21|0x00000000c5900000, 0x00000000c5a00000, 0x00000000c5a00000|100%| O|  |TAMS 0x00000000c5a00000| PB 0x00000000c5a00000| Untracked 
|  22|0x00000000c5a00000, 0x00000000c5b00000, 0x00000000c5b00000|100%| O|  |TAMS 0x00000000c5b00000| PB 0x00000000c5b00000| Updating 
|  23|0x00000000c5b00000, 0x00000000c5c00000, 0x00000000c5c00000|100%| O|  |TAMS 0x00000000c5c00000| PB 0x00000000c5c00000| Untracked 
|  24|0x00000000c5c00000, 0x00000000c5d00000, 0x00000000c5d00000|100%| O|  |TAMS 0x00000000c5d00000| PB 0x00000000c5d00000| Untracked 
|  25|0x00000000c5d00000, 0x00000000c5e00000, 0x00000000c5e00000|100%| O|  |TAMS 0x00000000c5e00000| PB 0x00000000c5e00000| Untracked 
|  26|0x00000000c5e00000, 0x00000000c5f00000, 0x00000000c5f00000|100%| O|  |TAMS 0x00000000c5f00000| PB 0x00000000c5f00000| Untracked 
|  27|0x00000000c5f00000, 0x00000000c6000000, 0x00000000c6000000|100%| O|  |TAMS 0x00000000c6000000| PB 0x00000000c6000000| Untracked 
|  28|0x00000000c6000000, 0x00000000c6100000, 0x00000000c6100000|100%| O|  |TAMS 0x00000000c6000000| PB 0x00000000c6000000| Untracked 
|  29|0x00000000c6100000, 0x00000000c61b4350, 0x00000000c6200000| 70%| O|  |TAMS 0x00000000c6100000| PB 0x00000000c6100000| Updating 
|  30|0x00000000c6200000, 0x00000000c6200000, 0x00000000c6300000|  0%| F|  |TAMS 0x00000000c6200000| PB 0x00000000c6200000| Untracked 
|  31|0x00000000c6300000, 0x00000000c6400000, 0x00000000c6400000|100%| O|  |TAMS 0x00000000c6400000| PB 0x00000000c6400000| Untracked 
|  32|0x00000000c6400000, 0x00000000c6500000, 0x00000000c6500000|100%| O|  |TAMS 0x00000000c6500000| PB 0x00000000c6500000| Updating 
|  33|0x00000000c6500000, 0x00000000c6500000, 0x00000000c6600000|  0%| F|  |TAMS 0x00000000c6500000| PB 0x00000000c6500000| Untracked 
|  34|0x00000000c6600000, 0x00000000c6700000, 0x00000000c6700000|100%| S|CS|TAMS 0x00000000c6600000| PB 0x00000000c6600000| Complete 
|  35|0x00000000c6700000, 0x00000000c6700000, 0x00000000c6800000|  0%| F|  |TAMS 0x00000000c6700000| PB 0x00000000c6700000| Untracked 
|  36|0x00000000c6800000, 0x00000000c6800000, 0x00000000c6900000|  0%| F|  |TAMS 0x00000000c6800000| PB 0x00000000c6800000| Untracked 
|  37|0x00000000c6900000, 0x00000000c6a00000, 0x00000000c6a00000|100%| S|CS|TAMS 0x00000000c6900000| PB 0x00000000c6900000| Complete 
|  38|0x00000000c6a00000, 0x00000000c6a00000, 0x00000000c6b00000|  0%| F|  |TAMS 0x00000000c6a00000| PB 0x00000000c6a00000| Untracked 
|  39|0x00000000c6b00000, 0x00000000c6b00000, 0x00000000c6c00000|  0%| F|  |TAMS 0x00000000c6b00000| PB 0x00000000c6b00000| Untracked 
|  40|0x00000000c6c00000, 0x00000000c6c00000, 0x00000000c6d00000|  0%| F|  |TAMS 0x00000000c6c00000| PB 0x00000000c6c00000| Untracked 
|  41|0x00000000c6d00000, 0x00000000c6d00000, 0x00000000c6e00000|  0%| F|  |TAMS 0x00000000c6d00000| PB 0x00000000c6d00000| Untracked 
|  42|0x00000000c6e00000, 0x00000000c6e00000, 0x00000000c6f00000|  0%| F|  |TAMS 0x00000000c6e00000| PB 0x00000000c6e00000| Untracked 
|  43|0x00000000c6f00000, 0x00000000c6f00000, 0x00000000c7000000|  0%| F|  |TAMS 0x00000000c6f00000| PB 0x00000000c6f00000| Untracked 
|  44|0x00000000c7000000, 0x00000000c7000000, 0x00000000c7100000|  0%| F|  |TAMS 0x00000000c7000000| PB 0x00000000c7000000| Untracked 
|  45|0x00000000c7100000, 0x00000000c7100000, 0x00000000c7200000|  0%| F|  |TAMS 0x00000000c7100000| PB 0x00000000c7100000| Untracked 
|  46|0x00000000c7200000, 0x00000000c7200000, 0x00000000c7300000|  0%| F|  |TAMS 0x00000000c7200000| PB 0x00000000c7200000| Untracked 
|  59|0x00000000c7f00000, 0x00000000c7fc7ef8, 0x00000000c8000000| 78%| E|  |TAMS 0x00000000c7f00000| PB 0x00000000c7f00000| Complete 
| 952|0x00000000ffc00000, 0x00000000ffd00000, 0x00000000ffd00000|100%| O|  |TAMS 0x00000000ffd00000| PB 0x00000000ffd00000| Updating 
| 953|0x00000000ffd00000, 0x00000000ffe00000, 0x00000000ffe00000|100%| O|  |TAMS 0x00000000ffe00000| PB 0x00000000ffe00000| Untracked 
| 954|0x00000000ffe00000, 0x00000000fff00000, 0x00000000fff00000|100%| O|  |TAMS 0x00000000fff00000| PB 0x00000000fff00000| Updating 
| 955|0x00000000fff00000, 0x0000000100000000, 0x0000000100000000|100%| O|  |TAMS 0x0000000100000000| PB 0x0000000100000000| Untracked 

Card table byte_map: [0x0000028afc780000,0x0000028afc960000] _byte_map_base: 0x0000028afc15e000

Marking Bits: (CMBitMap*) 0x0000028aea14fab0
 Bits: [0x0000028afc960000, 0x0000028afd850000)

Polling page: 0x0000028ae7fe0000

Metaspace:

Usage:
  Non-class:     44.02 MB used.
      Class:      5.92 MB used.
       Both:     49.94 MB used.

Virtual space:
  Non-class space:       64.00 MB reserved,      44.19 MB ( 69%) committed,  1 nodes.
      Class space:        1.00 GB reserved,       6.00 MB ( <1%) committed,  1 nodes.
             Both:        1.06 GB reserved,      50.19 MB (  5%) committed. 

Chunk freelists:
   Non-Class:  3.86 MB
       Class:  9.95 MB
        Both:  13.81 MB

MaxMetaspaceSize: unlimited
CompressedClassSpaceSize: 1.00 GB
Initial GC threshold: 21.00 MB
Current GC threshold: 79.19 MB
CDS: off
 - commit_granule_bytes: 65536.
 - commit_granule_words: 8192.
 - virtual_space_node_default_size: 8388608.
 - enlarge_chunks_in_place: 1.
 - use_allocation_guard: 0.


Internal statistics:

num_allocs_failed_limit: 6.
num_arena_births: 200.
num_arena_deaths: 0.
num_vsnodes_births: 2.
num_vsnodes_deaths: 0.
num_space_committed: 803.
num_space_uncommitted: 0.
num_chunks_returned_to_freelist: 6.
num_chunks_taken_from_freelist: 1650.
num_chunk_merges: 6.
num_chunk_splits: 1417.
num_chunks_enlarged: 1303.
num_inconsistent_stats: 0.

CodeHeap 'non-profiled nmethods': size=120000Kb used=1408Kb max_used=1630Kb free=118591Kb
 bounds [0x0000028af4d40000, 0x0000028af4fb0000, 0x0000028afc270000]
CodeHeap 'profiled nmethods': size=120000Kb used=5994Kb max_used=6422Kb free=114005Kb
 bounds [0x0000028aed270000, 0x0000028aed8c0000, 0x0000028af47a0000]
CodeHeap 'non-nmethods': size=5760Kb used=1576Kb max_used=1622Kb free=4184Kb
 bounds [0x0000028af47a0000, 0x0000028af4a10000, 0x0000028af4d40000]
CodeCache: size=245760Kb, used=8978Kb, max_used=9674Kb, free=236780Kb
 total_blobs=3692, nmethods=3049, adapters=547, full_count=0
Compilation: enabled, stopped_count=0, restarted_count=0

Compilation events (20 events):
Event: 3.160 Thread 0x0000028a80481d50 3508       3       kotlin.collections.IndexingIterable::<init> (16 bytes)
Event: 3.161 Thread 0x0000028a80481d50 nmethod 3508 0x0000028aed8acf90 code [0x0000028aed8ad1c0, 0x0000028aed8ad808]
Event: 3.161 Thread 0x0000028a80481d50 3509       3       kotlin.collections.IndexingIterable::iterator (23 bytes)
Event: 3.161 Thread 0x0000028a80481d50 nmethod 3509 0x0000028aed8ada90 code [0x0000028aed8adce0, 0x0000028aed8ae5c0]
Event: 3.161 Thread 0x0000028a80481d50 3510       3       kotlin.collections.IndexingIterator::<init> (16 bytes)
Event: 3.161 Thread 0x0000028a80481d50 nmethod 3510 0x0000028aed8ae910 code [0x0000028aed8aeb40, 0x0000028aed8af188]
Event: 3.161 Thread 0x0000028a80481d50 3506       3       kotlin.collections.SetsKt___SetsKt::plus (93 bytes)
Event: 3.162 Thread 0x0000028a80481d50 nmethod 3506 0x0000028aed8af410 code [0x0000028aed8af820, 0x0000028aed8b1048]
Event: 3.162 Thread 0x0000028a80481d50 3507       3       kotlin.collections.CollectionsKt__IterablesKt::collectionSizeOrNull (30 bytes)
Event: 3.163 Thread 0x0000028a80481d50 nmethod 3507 0x0000028aed8b1810 code [0x0000028aed8b1a80, 0x0000028aed8b2550]
Event: 3.170 Thread 0x0000028a80481d50 3512       1       org.jetbrains.kotlin.fir.resolve.calls.tower.TowerGroupKind$WithDepth::getDepth (5 bytes)
Event: 3.170 Thread 0x0000028a80481d50 nmethod 3512 0x0000028af4ed7290 code [0x0000028af4ed7420, 0x0000028af4ed74e8]
Event: 3.170 Thread 0x0000028a80481d50 3513       3       org.jetbrains.kotlin.fir.symbols.FirLazyDeclarationResolverKt::lazyResolveToPhase (24 bytes)
Event: 3.171 Thread 0x0000028a80481d50 nmethod 3513 0x0000028aed8b2890 code [0x0000028aed8b2b20, 0x0000028aed8b3510]
Event: 3.171 Thread 0x0000028a80481d50 3515       1       org.jetbrains.kotlin.fir.declarations.FirTowerDataElement::getImplicitReceiver (5 bytes)
Event: 3.171 Thread 0x0000028a80481d50 nmethod 3515 0x0000028af4ed7590 code [0x0000028af4ed7720, 0x0000028af4ed77e8]
Event: 3.171 Thread 0x0000028a80481d50 3514       3       org.jetbrains.kotlin.fir.symbols.FirLazyDeclarationResolverKt::invokeLazyResolveToPhase (89 bytes)
Event: 3.172 Thread 0x0000028a80481d50 nmethod 3514 0x0000028aed8b3910 code [0x0000028aed8b3c40, 0x0000028aed8b4e30]
Event: 3.172 Thread 0x0000028a80481d50 3516       3       kotlin.collections.builders.ListBuilderKt::arrayOfUninitializedElements (36 bytes)
Event: 3.180 Thread 0x0000028a80481d50 nmethod 3516 0x0000028aed8b5390 code [0x0000028aed8b5560, 0x0000028aed8b5878]

GC Heap History (20 events):
Event: 1.445 GC heap before
{Heap before GC invocations=5 (full 0):
 garbage-first heap   total 34816K, used 26485K [0x00000000c4400000, 0x0000000100000000)
  region size 1024K, 13 young (13312K), 2 survivors (2048K)
 Metaspace       used 31194K, committed 31424K, reserved 1114112K
  class space    used 3657K, committed 3776K, reserved 1048576K
}
Event: 1.449 GC heap after
{Heap after GC invocations=6 (full 0):
 garbage-first heap   total 34816K, used 16045K [0x00000000c4400000, 0x0000000100000000)
  region size 1024K, 1 young (1024K), 1 survivors (1024K)
 Metaspace       used 31194K, committed 31424K, reserved 1114112K
  class space    used 3657K, committed 3776K, reserved 1048576K
}
Event: 1.614 GC heap before
{Heap before GC invocations=6 (full 0):
 garbage-first heap   total 34816K, used 26285K [0x00000000c4400000, 0x0000000100000000)
  region size 1024K, 12 young (12288K), 1 survivors (1024K)
 Metaspace       used 34066K, committed 34304K, reserved 1114112K
  class space    used 4232K, committed 4352K, reserved 1048576K
}
Event: 1.616 GC heap after
{Heap after GC invocations=7 (full 0):
 garbage-first heap   total 34816K, used 17295K [0x00000000c4400000, 0x0000000100000000)
  region size 1024K, 2 young (2048K), 2 survivors (2048K)
 Metaspace       used 34066K, committed 34304K, reserved 1114112K
  class space    used 4232K, committed 4352K, reserved 1048576K
}
Event: 1.701 GC heap before
{Heap before GC invocations=7 (full 0):
 garbage-first heap   total 34816K, used 23439K [0x00000000c4400000, 0x0000000100000000)
  region size 1024K, 10 young (10240K), 2 survivors (2048K)
 Metaspace       used 35762K, committed 35968K, reserved 1114112K
  class space    used 4416K, committed 4544K, reserved 1048576K
}
Event: 1.703 GC heap after
{Heap after GC invocations=8 (full 0):
 garbage-first heap   total 41984K, used 17545K [0x00000000c4400000, 0x0000000100000000)
  region size 1024K, 1 young (1024K), 1 survivors (1024K)
 Metaspace       used 35762K, committed 35968K, reserved 1114112K
  class space    used 4416K, committed 4544K, reserved 1048576K
}
Event: 1.966 GC heap before
{Heap before GC invocations=9 (full 0):
 garbage-first heap   total 41984K, used 33929K [0x00000000c4400000, 0x0000000100000000)
  region size 1024K, 18 young (18432K), 1 survivors (1024K)
 Metaspace       used 40327K, committed 40512K, reserved 1114112K
  class space    used 4882K, committed 4992K, reserved 1048576K
}
Event: 1.969 GC heap after
{Heap after GC invocations=10 (full 0):
 garbage-first heap   total 41984K, used 18354K [0x00000000c4400000, 0x0000000100000000)
  region size 1024K, 2 young (2048K), 2 survivors (2048K)
 Metaspace       used 40327K, committed 40512K, reserved 1114112K
  class space    used 4882K, committed 4992K, reserved 1048576K
}
Event: 2.287 GC heap before
{Heap before GC invocations=10 (full 0):
 garbage-first heap   total 41984K, used 33714K [0x00000000c4400000, 0x0000000100000000)
  region size 1024K, 18 young (18432K), 2 survivors (2048K)
 Metaspace       used 44694K, committed 44928K, reserved 1114112K
  class space    used 5351K, committed 5440K, reserved 1048576K
}
Event: 2.292 GC heap after
{Heap after GC invocations=11 (full 0):
 garbage-first heap   total 41984K, used 19184K [0x00000000c4400000, 0x0000000100000000)
  region size 1024K, 3 young (3072K), 3 survivors (3072K)
 Metaspace       used 44694K, committed 44928K, reserved 1114112K
  class space    used 5351K, committed 5440K, reserved 1048576K
}
Event: 2.560 GC heap before
{Heap before GC invocations=11 (full 0):
 garbage-first heap   total 41984K, used 34544K [0x00000000c4400000, 0x0000000100000000)
  region size 1024K, 18 young (18432K), 3 survivors (3072K)
 Metaspace       used 47080K, committed 47296K, reserved 1114112K
  class space    used 5597K, committed 5696K, reserved 1048576K
}
Event: 2.568 GC heap after
{Heap after GC invocations=12 (full 0):
 garbage-first heap   total 41984K, used 22837K [0x00000000c4400000, 0x0000000100000000)
  region size 1024K, 3 young (3072K), 3 survivors (3072K)
 Metaspace       used 47080K, committed 47296K, reserved 1114112K
  class space    used 5597K, committed 5696K, reserved 1048576K
}
Event: 2.711 GC heap before
{Heap before GC invocations=12 (full 0):
 garbage-first heap   total 41984K, used 33077K [0x00000000c4400000, 0x0000000100000000)
  region size 1024K, 14 young (14336K), 3 survivors (3072K)
 Metaspace       used 48462K, committed 48640K, reserved 1114112K
  class space    used 5755K, committed 5824K, reserved 1048576K
}
Event: 2.717 GC heap after
{Heap after GC invocations=13 (full 0):
 garbage-first heap   total 51200K, used 25511K [0x00000000c4400000, 0x0000000100000000)
  region size 1024K, 2 young (2048K), 2 survivors (2048K)
 Metaspace       used 48462K, committed 48640K, reserved 1114112K
  class space    used 5755K, committed 5824K, reserved 1048576K
}
Event: 2.792 GC heap before
{Heap before GC invocations=14 (full 0):
 garbage-first heap   total 51200K, used 42919K [0x00000000c4400000, 0x0000000100000000)
  region size 1024K, 19 young (19456K), 2 survivors (2048K)
 Metaspace       used 48509K, committed 48704K, reserved 1114112K
  class space    used 5756K, committed 5824K, reserved 1048576K
}
Event: 2.802 GC heap after
{Heap after GC invocations=15 (full 0):
 garbage-first heap   total 53248K, used 33476K [0x00000000c4400000, 0x0000000100000000)
  region size 1024K, 3 young (3072K), 3 survivors (3072K)
 Metaspace       used 48509K, committed 48704K, reserved 1114112K
  class space    used 5756K, committed 5824K, reserved 1048576K
}
Event: 3.075 GC heap before
{Heap before GC invocations=15 (full 0):
 garbage-first heap   total 53248K, used 44740K [0x00000000c4400000, 0x0000000100000000)
  region size 1024K, 14 young (14336K), 3 survivors (3072K)
 Metaspace       used 50700K, committed 50944K, reserved 1114112K
  class space    used 6011K, committed 6080K, reserved 1048576K
}
Event: 3.086 GC heap after
{Heap after GC invocations=16 (full 0):
 garbage-first heap   total 53248K, used 35220K [0x00000000c4400000, 0x0000000100000000)
  region size 1024K, 2 young (2048K), 2 survivors (2048K)
 Metaspace       used 50700K, committed 50944K, reserved 1114112K
  class space    used 6011K, committed 6080K, reserved 1048576K
}
Event: 3.173 GC heap before
{Heap before GC invocations=16 (full 0):
 garbage-first heap   total 53248K, used 45460K [0x00000000c4400000, 0x0000000100000000)
  region size 1024K, 12 young (12288K), 2 survivors (2048K)
 Metaspace       used 51000K, committed 51264K, reserved 1114112K
  class space    used 6036K, committed 6144K, reserved 1048576K
}
Event: 3.179 GC heap after
{Heap after GC invocations=17 (full 0):
 garbage-first heap   total 53248K, used 38520K [0x00000000c4400000, 0x0000000100000000)
  region size 1024K, 2 young (2048K), 2 survivors (2048K)
 Metaspace       used 51000K, committed 51264K, reserved 1114112K
  class space    used 6036K, committed 6144K, reserved 1048576K
}

Dll operation events (3 events):
Event: 0.006 Loaded shared library C:\Program Files\Android\Android Studio\jbr\bin\java.dll
Event: 0.009 Loaded shared library C:\Program Files\Android\Android Studio\jbr\bin\zip.dll
Event: 1.116 Loaded shared library C:\Program Files\Android\Android Studio\jbr\bin\verify.dll

Deoptimization events (20 events):
Event: 3.014 Thread 0x0000028ae7e4ecd0 DEOPT PACKING pc=0x0000028aed6712bd sp=0x000000e9b6dfb500
Event: 3.014 Thread 0x0000028ae7e4ecd0 DEOPT UNPACKING pc=0x0000028af47f4e42 sp=0x000000e9b6dfaa08 mode 0
Event: 3.104 Thread 0x0000028ae7e4ecd0 DEOPT PACKING pc=0x0000028aed299d48 sp=0x000000e9b6dfaba0
Event: 3.104 Thread 0x0000028ae7e4ecd0 DEOPT UNPACKING pc=0x0000028af47f4e42 sp=0x000000e9b6dfa078 mode 0
Event: 3.111 Thread 0x0000028ae7e4ecd0 DEOPT PACKING pc=0x0000028aed299d48 sp=0x000000e9b6dfaba0
Event: 3.111 Thread 0x0000028ae7e4ecd0 DEOPT UNPACKING pc=0x0000028af47f4e42 sp=0x000000e9b6dfa078 mode 0
Event: 3.124 Thread 0x0000028ae7e4ecd0 DEOPT PACKING pc=0x0000028aed299d48 sp=0x000000e9b6dfaba0
Event: 3.124 Thread 0x0000028ae7e4ecd0 DEOPT UNPACKING pc=0x0000028af47f4e42 sp=0x000000e9b6dfa078 mode 0
Event: 3.128 Thread 0x0000028ae7e4ecd0 DEOPT PACKING pc=0x0000028aed299d48 sp=0x000000e9b6dfaba0
Event: 3.128 Thread 0x0000028ae7e4ecd0 DEOPT UNPACKING pc=0x0000028af47f4e42 sp=0x000000e9b6dfa078 mode 0
Event: 3.137 Thread 0x0000028ae7e4ecd0 Uncommon trap: trap_request=0xffffff3d fr.pc=0x0000028af4ea2e9c relative=0x000000000000373c
Event: 3.137 Thread 0x0000028ae7e4ecd0 Uncommon trap: reason=unstable_fused_if action=reinterpret pc=0x0000028af4ea2e9c method=org.jetbrains.kotlin.metadata.ProtoBuf$Type.<init>(Lorg/jetbrains/kotlin/protobuf/CodedInputStream;Lorg/jetbrains/kotlin/protobuf/ExtensionRegistryLite;)V @ 49 c2
Event: 3.137 Thread 0x0000028ae7e4ecd0 DEOPT PACKING pc=0x0000028af4ea2e9c sp=0x000000e9b6dfa5a0
Event: 3.137 Thread 0x0000028ae7e4ecd0 DEOPT UNPACKING pc=0x0000028af47f46a2 sp=0x000000e9b6dfa548 mode 2
Event: 3.137 Thread 0x0000028ae7e4ecd0 Uncommon trap: trap_request=0xffffff45 fr.pc=0x0000028af4db619c relative=0x000000000000075c
Event: 3.137 Thread 0x0000028ae7e4ecd0 Uncommon trap: reason=unstable_if action=reinterpret pc=0x0000028af4db619c method=org.jetbrains.kotlin.metadata.ProtoBuf$Type.hasFlexibleUpperBound()Z @ 7 c2
Event: 3.137 Thread 0x0000028ae7e4ecd0 DEOPT PACKING pc=0x0000028af4db619c sp=0x000000e9b6dfa960
Event: 3.137 Thread 0x0000028ae7e4ecd0 DEOPT UNPACKING pc=0x0000028af47f46a2 sp=0x000000e9b6dfa8b0 mode 2
Event: 3.143 Thread 0x0000028ae7e4ecd0 DEOPT PACKING pc=0x0000028aed299d48 sp=0x000000e9b6dfaba0
Event: 3.143 Thread 0x0000028ae7e4ecd0 DEOPT UNPACKING pc=0x0000028af47f4e42 sp=0x000000e9b6dfa078 mode 0

Classes loaded (20 events):
Event: 1.981 Loading class java/math/RoundingMode
Event: 1.981 Loading class java/math/RoundingMode done
Event: 2.031 Loading class java/util/ArrayList$ListItr
Event: 2.031 Loading class java/util/ArrayList$ListItr done
Event: 2.209 Loading class java/util/PriorityQueue
Event: 2.209 Loading class java/util/PriorityQueue done
Event: 2.358 Loading class java/security/AccessControlException
Event: 2.358 Loading class java/security/AccessControlException done
Event: 2.387 Loading class java/text/StringCharacterIterator
Event: 2.387 Loading class java/text/CharacterIterator
Event: 2.387 Loading class java/text/CharacterIterator done
Event: 2.387 Loading class java/text/StringCharacterIterator done
Event: 2.573 Loading class java/lang/annotation/ElementType
Event: 2.574 Loading class java/lang/annotation/ElementType done
Event: 2.574 Loading class java/lang/Deprecated
Event: 2.574 Loading class java/lang/Deprecated done
Event: 2.574 Loading class java/lang/Override
Event: 2.574 Loading class java/lang/Override done
Event: 2.668 Loading class java/util/AbstractList$ListItr
Event: 2.668 Loading class java/util/AbstractList$ListItr done

Classes unloaded (0 events):
No events

Classes redefined (0 events):
No events

Internal exceptions (20 events):
Event: 0.692 Thread 0x0000028ae7e4ecd0 Exception <a 'java/lang/NoSuchMethodError'{0x00000000c71c34e0}: 'int java.lang.invoke.DelegatingMethodHandle$Holder.reinvoke_L(java.lang.Object, java.lang.Object, java.lang.Object, long, int, int)'> (0x00000000c71c34e0) 
thrown [s\src\hotspot\share\interpreter\linkResolver.cpp, line 784]
Event: 0.693 Thread 0x0000028ae7e4ecd0 Exception <a 'java/lang/NoSuchMethodError'{0x00000000c71d17f8}: 'int java.lang.invoke.DelegatingMethodHandle$Holder.reinvoke_L(java.lang.Object, java.lang.Object, java.lang.Object, long, long, long)'> (0x00000000c71d17f8) 
thrown [s\src\hotspot\share\interpreter\linkResolver.cpp, line 784]
Event: 0.694 Thread 0x0000028ae7e4ecd0 Exception <a 'java/lang/NoSuchMethodError'{0x00000000c71df8a0}: 'int java.lang.invoke.DelegatingMethodHandle$Holder.reinvoke_L(java.lang.Object, java.lang.Object, java.lang.Object, long, int)'> (0x00000000c71df8a0) 
thrown [s\src\hotspot\share\interpreter\linkResolver.cpp, line 784]
Event: 0.695 Thread 0x0000028ae7e4ecd0 Exception <a 'java/lang/NoSuchMethodError'{0x00000000c71eada0}: 'int java.lang.invoke.DirectMethodHandle$Holder.invokeSpecial(java.lang.Object, java.lang.Object, java.lang.Object, java.lang.Object)'> (0x00000000c71eada0) 
thrown [s\src\hotspot\share\interpreter\linkResolver.cpp, line 784]
Event: 0.696 Thread 0x0000028ae7e4ecd0 Exception <a 'java/lang/NoSuchMethodError'{0x00000000c71f9960}: 'void java.lang.invoke.DelegatingMethodHandle$Holder.reinvoke_L(java.lang.Object, java.lang.Object, java.lang.Object, long, java.lang.Object, long, long)'> (0x00000000c71f9960) 
thrown [s\src\hotspot\share\interpreter\linkResolver.cpp, line 784]
Event: 0.697 Thread 0x0000028ae7e4ecd0 Exception <a 'java/lang/NoSuchMethodError'{0x00000000c7000cc0}: 'long java.lang.invoke.Invokers$Holder.invokeExact_MT(java.lang.Object, java.lang.Object, java.lang.Object)'> (0x00000000c7000cc0) 
thrown [s\src\hotspot\share\interpreter\linkResolver.cpp, line 784]
Event: 0.697 Thread 0x0000028ae7e4ecd0 Exception <a 'java/lang/NoSuchMethodError'{0x00000000c7004bf8}: 'int java.lang.invoke.Invokers$Holder.invokeExact_MT(java.lang.Object, java.lang.Object, java.lang.Object)'> (0x00000000c7004bf8) 
thrown [s\src\hotspot\share\interpreter\linkResolver.cpp, line 784]
Event: 0.737 Thread 0x0000028ae7e4ecd0 Exception <a 'java/lang/NoSuchMethodError'{0x00000000c6fc9828}: 'int java.lang.invoke.DirectMethodHandle$Holder.invokeStatic(java.lang.Object)'> (0x00000000c6fc9828) 
thrown [s\src\hotspot\share\interpreter\linkResolver.cpp, line 784]
Event: 0.738 Thread 0x0000028ae7e4ecd0 Exception <a 'java/lang/NoSuchMethodError'{0x00000000c6fccc70}: 'int java.lang.invoke.DirectMethodHandle$Holder.invokeStaticInit(java.lang.Object)'> (0x00000000c6fccc70) 
thrown [s\src\hotspot\share\interpreter\linkResolver.cpp, line 784]
Event: 0.840 Thread 0x0000028ae7e4ecd0 Exception <a 'java/lang/NoSuchMethodError'{0x00000000c7fdc268}: 'void java.lang.invoke.DirectMethodHandle$Holder.invokeStatic(java.lang.Object, java.lang.Object, java.lang.Object, java.lang.Object)'> (0x00000000c7fdc268) 
thrown [s\src\hotspot\share\interpreter\linkResolver.cpp, line 784]
Event: 0.940 Thread 0x0000028ae7e4ecd0 Exception <a 'java/lang/NoSuchMethodError'{0x00000000c547ccc0}: 'void java.lang.invoke.Invokers$Holder.invokeExact_MT(java.lang.Object, int, java.lang.Object)'> (0x00000000c547ccc0) 
thrown [s\src\hotspot\share\interpreter\linkResolver.cpp, line 784]
Event: 0.973 Thread 0x0000028ae7e4ecd0 Exception <a 'java/lang/NoSuchMethodError'{0x00000000c5248ae0}: 'long java.lang.invoke.DirectMethodHandle$Holder.invokeStatic(java.lang.Object, java.lang.Object, int)'> (0x00000000c5248ae0) 
thrown [s\src\hotspot\share\interpreter\linkResolver.cpp, line 784]
Event: 0.974 Thread 0x0000028ae7e4ecd0 Exception <a 'java/lang/NoSuchMethodError'{0x00000000c5253ac8}: 'java.lang.Object java.lang.invoke.DelegatingMethodHandle$Holder.reinvoke_L(java.lang.Object, int, long, java.lang.Object, java.lang.Object, int, java.lang.Object)'> (0x00000000c5253ac8) 
thrown [s\src\hotspot\share\interpreter\linkResolver.cpp, line 784]
Event: 1.131 Thread 0x0000028ae7e4ecd0 Exception <a 'java/lang/NoSuchMethodError'{0x00000000c5866ec8}: 'java.lang.Object java.lang.invoke.DirectMethodHandle$Holder.invokeStatic(java.lang.Object, java.lang.Object, int, java.lang.Object)'> (0x00000000c5866ec8) 
thrown [s\src\hotspot\share\interpreter\linkResolver.cpp, line 784]
Event: 1.251 Thread 0x0000028ae7e4ecd0 Exception <a 'java/lang/NoSuchMethodError'{0x00000000c7fbc9d8}: 'java.lang.Object java.lang.invoke.DirectMethodHandle$Holder.newInvokeSpecial(java.lang.Object, java.lang.Object, java.lang.Object, java.lang.Object, java.lang.Object, java.lang.Object)'> (0x00000000c7fbc9d8) 
thrown [s\src\hotspot\share\interpreter\linkResolver.cpp, line 784]
Event: 1.629 Thread 0x0000028ae7e4ecd0 Exception <a 'java/lang/NoSuchMethodError'{0x00000000c7ffd808}: 'java.lang.Object java.lang.invoke.DirectMethodHandle$Holder.newInvokeSpecial(java.lang.Object, java.lang.Object, java.lang.Object, java.lang.Object, java.lang.Object, java.lang.Object, java.lang.Object)'> (0x00000000c7ffd808) 
thrown [s\src\hotspot\share\interpreter\linkResolver.cpp, line 784]
Event: 1.811 Thread 0x0000028ae7e4ecd0 Exception <a 'java/lang/NoSuchMethodError'{0x00000000c6100fd0}: 'java.lang.Object java.lang.invoke.DirectMethodHandle$Holder.invokeVirtual(java.lang.Object, java.lang.Object, java.lang.Object)'> (0x00000000c6100fd0) 
thrown [s\src\hotspot\share\interpreter\linkResolver.cpp, line 784]
Event: 1.838 Thread 0x0000028ae7e4ecd0 Exception <a 'java/lang/NoSuchMethodError'{0x00000000c607ab98}: 'java.lang.Object java.lang.invoke.DirectMethodHandle$Holder.newInvokeSpecial(java.lang.Object, java.lang.Object, int)'> (0x00000000c607ab98) 
thrown [s\src\hotspot\share\interpreter\linkResolver.cpp, line 784]
Event: 2.336 Thread 0x0000028ae7e4ecd0 Exception <a 'java/lang/NoSuchMethodError'{0x00000000c683ccc8}: 'java.lang.Object java.lang.invoke.DirectMethodHandle$Holder.newInvokeSpecial(java.lang.Object, java.lang.Object, java.lang.Object, int, java.lang.Object)'> (0x00000000c683ccc8) 
thrown [s\src\hotspot\share\interpreter\linkResolver.cpp, line 784]
Event: 2.692 Thread 0x0000028ae7e4ecd0 Implicit null exception at 0x0000028af4ddb5bf to 0x0000028af4ddb9fc

ZGC Phase Switch (0 events):
No events

VM Operations (20 events):
Event: 2.668 Executing VM operation: HandshakeAllThreads (Deoptimize) done
Event: 2.681 Executing VM operation: HandshakeAllThreads (Deoptimize)
Event: 2.681 Executing VM operation: HandshakeAllThreads (Deoptimize) done
Event: 2.685 Executing VM operation: HandshakeAllThreads (Deoptimize)
Event: 2.685 Executing VM operation: HandshakeAllThreads (Deoptimize) done
Event: 2.710 Executing VM operation: G1TryInitiateConcMark (G1 Humongous Allocation)
Event: 2.717 Executing VM operation: G1TryInitiateConcMark (G1 Humongous Allocation) done
Event: 2.735 Executing VM operation: G1PauseRemark
Event: 2.738 Executing VM operation: G1PauseRemark done
Event: 2.746 Executing VM operation: G1PauseCleanup
Event: 2.746 Executing VM operation: G1PauseCleanup done
Event: 2.792 Executing VM operation: G1CollectForAllocation (G1 Evacuation Pause)
Event: 2.802 Executing VM operation: G1CollectForAllocation (G1 Evacuation Pause) done
Event: 2.882 Executing VM operation: HandshakeAllThreads (Deoptimize)
Event: 2.883 Executing VM operation: HandshakeAllThreads (Deoptimize) done
Event: 3.074 Executing VM operation: G1CollectForAllocation (G1 Evacuation Pause)
Event: 3.086 Executing VM operation: G1CollectForAllocation (G1 Evacuation Pause) done
Event: 3.172 Executing VM operation: G1CollectForAllocation (G1 Evacuation Pause)
Event: 3.179 Executing VM operation: G1CollectForAllocation (G1 Evacuation Pause) done
Event: 3.210 Executing VM operation: G1PauseRemark

Memory protections (0 events):
No events

Nmethod flushes (20 events):
Event: 3.213 Thread 0x0000028a80282050 flushing  nmethod 0x0000028aed4d5a90
Event: 3.213 Thread 0x0000028a80282050 flushing  nmethod 0x0000028aed4dea90
Event: 3.213 Thread 0x0000028a80282050 flushing  nmethod 0x0000028aed4df190
Event: 3.213 Thread 0x0000028a80282050 flushing  nmethod 0x0000028aed4e0f10
Event: 3.213 Thread 0x0000028a80282050 flushing  nmethod 0x0000028aed505990
Event: 3.213 Thread 0x0000028a80282050 flushing  nmethod 0x0000028aed53e690
Event: 3.213 Thread 0x0000028a80282050 flushing  nmethod 0x0000028aed590590
Event: 3.213 Thread 0x0000028a80282050 flushing  nmethod 0x0000028aed5e7f10
Event: 3.213 Thread 0x0000028a80282050 flushing  nmethod 0x0000028aed634e90
Event: 3.213 Thread 0x0000028a80282050 flushing  nmethod 0x0000028aed644310
Event: 3.213 Thread 0x0000028a80282050 flushing  nmethod 0x0000028aed648b90
Event: 3.213 Thread 0x0000028a80282050 flushing  nmethod 0x0000028aed66cd10
Event: 3.213 Thread 0x0000028a80282050 flushing  nmethod 0x0000028aed678b90
Event: 3.213 Thread 0x0000028a80282050 flushing  nmethod 0x0000028aed67ee10
Event: 3.213 Thread 0x0000028a80282050 flushing  nmethod 0x0000028aed682410
Event: 3.213 Thread 0x0000028a80282050 flushing  nmethod 0x0000028aed6a3510
Event: 3.213 Thread 0x0000028a80282050 flushing  nmethod 0x0000028aed6adc10
Event: 3.213 Thread 0x0000028a80282050 flushing  nmethod 0x0000028aed6af390
Event: 3.213 Thread 0x0000028a80282050 flushing  nmethod 0x0000028aed6ea010
Event: 3.213 Thread 0x0000028a80282050 flushing  nmethod 0x0000028aed7a7a10

Events (16 events):
Event: 0.008 Thread 0x0000028ae7e4ecd0 Thread added: 0x0000028ae7e4ecd0
Event: 0.036 Thread 0x0000028ae7e4ecd0 Thread added: 0x0000028a8030b230
Event: 0.039 Thread 0x0000028ae7e4ecd0 Thread added: 0x0000028a804513d0
Event: 0.039 Thread 0x0000028ae7e4ecd0 Thread added: 0x0000028a80452bb0
Event: 0.040 Thread 0x0000028ae7e4ecd0 Thread added: 0x0000028a80467f60
Event: 0.040 Thread 0x0000028ae7e4ecd0 Thread added: 0x0000028a804685d0
Event: 0.040 Thread 0x0000028ae7e4ecd0 Thread added: 0x0000028a80469440
Event: 0.040 Thread 0x0000028ae7e4ecd0 Thread added: 0x0000028a804772d0
Event: 0.040 Thread 0x0000028ae7e4ecd0 Thread added: 0x0000028a8045c5a0
Event: 0.040 Thread 0x0000028ae7e4ecd0 Thread added: 0x0000028a80481d50
Event: 0.071 Thread 0x0000028ae7e4ecd0 Thread added: 0x0000028a80617120
Event: 0.084 Loaded shared library C:\Program Files\Android\Android Studio\jbr\bin\net.dll
Event: 0.086 Loaded shared library C:\Program Files\Android\Android Studio\jbr\bin\nio.dll
Event: 0.120 Thread 0x0000028a8045c5a0 Thread added: 0x0000028a80725110
Event: 0.126 Loaded shared library C:\Program Files\Android\Android Studio\jbr\bin\zip.dll
Event: 0.155 Loaded shared library C:\Program Files\Android\Android Studio\jbr\bin\jimage.dll


Dynamic libraries:
0x00007ff7989c0000 - 0x00007ff7989ca000 	C:\Program Files\Android\Android Studio\jbr\bin\java.exe
0x00007ffa62d20000 - 0x00007ffa62f88000 	C:\WINDOWS\SYSTEM32\ntdll.dll
0x00007ffa619e0000 - 0x00007ffa61aa9000 	C:\WINDOWS\System32\KERNEL32.DLL
0x00007ffa60470000 - 0x00007ffa60862000 	C:\WINDOWS\System32\KERNELBASE.dll
0x00007ffa60320000 - 0x00007ffa6046b000 	C:\WINDOWS\System32\ucrtbase.dll
0x00007ffa2e1f0000 - 0x00007ffa2e208000 	C:\Program Files\Android\Android Studio\jbr\bin\jli.dll
0x00007ffa3be40000 - 0x00007ffa3be5b000 	C:\Program Files\Android\Android Studio\jbr\bin\VCRUNTIME140.dll
0x00007ffa61ed0000 - 0x00007ffa62095000 	C:\WINDOWS\System32\USER32.dll
0x00007ffa5feb0000 - 0x00007ffa5fed7000 	C:\WINDOWS\System32\win32u.dll
0x00007ffa61e80000 - 0x00007ffa61eab000 	C:\WINDOWS\System32\GDI32.dll
0x00007ffa3e310000 - 0x00007ffa3e5a3000 	C:\WINDOWS\WinSxS\amd64_microsoft.windows.common-controls_6595b64144ccf1df_6.0.26100.6899_none_3e0efeeae32e88c1\COMCTL32.dll
0x00007ffa609c0000 - 0x00007ffa60aed000 	C:\WINDOWS\System32\gdi32full.dll
0x00007ffa62700000 - 0x00007ffa627a9000 	C:\WINDOWS\System32\msvcrt.dll
0x00007ffa60910000 - 0x00007ffa609b3000 	C:\WINDOWS\System32\msvcp_win.dll
0x00007ffa621b0000 - 0x00007ffa621df000 	C:\WINDOWS\System32\IMM32.DLL
0x00007ffa4a2d0000 - 0x00007ffa4a2dc000 	C:\Program Files\Android\Android Studio\jbr\bin\vcruntime140_1.dll
0x00007ffa27da0000 - 0x00007ffa27e2d000 	C:\Program Files\Android\Android Studio\jbr\bin\msvcp140.dll
0x00007ff9b2450000 - 0x00007ff9b30e6000 	C:\Program Files\Android\Android Studio\jbr\bin\server\jvm.dll
0x00007ffa61ab0000 - 0x00007ffa61b64000 	C:\WINDOWS\System32\ADVAPI32.dll
0x00007ffa628b0000 - 0x00007ffa62956000 	C:\WINDOWS\System32\sechost.dll
0x00007ffa625e0000 - 0x00007ffa626f8000 	C:\WINDOWS\System32\RPCRT4.dll
0x00007ffa620a0000 - 0x00007ffa62114000 	C:\WINDOWS\System32\WS2_32.dll
0x00007ffa5fd10000 - 0x00007ffa5fd6e000 	C:\WINDOWS\SYSTEM32\POWRPROF.dll
0x00007ffa57c90000 - 0x00007ffa57cc5000 	C:\WINDOWS\SYSTEM32\WINMM.dll
0x00007ffa4cb20000 - 0x00007ffa4cb2b000 	C:\WINDOWS\SYSTEM32\VERSION.dll
0x00007ffa5fcf0000 - 0x00007ffa5fd04000 	C:\WINDOWS\SYSTEM32\UMPDC.dll
0x00007ffa5ec80000 - 0x00007ffa5ec9b000 	C:\WINDOWS\SYSTEM32\kernel.appcore.dll
0x00007ffa4a230000 - 0x00007ffa4a23a000 	C:\Program Files\Android\Android Studio\jbr\bin\jimage.dll
0x00007ffa5d580000 - 0x00007ffa5d7c2000 	C:\WINDOWS\SYSTEM32\DBGHELP.DLL
0x00007ffa62960000 - 0x00007ffa62cdb000 	C:\WINDOWS\System32\combase.dll
0x00007ffa62400000 - 0x00007ffa624d7000 	C:\WINDOWS\System32\OLEAUT32.dll
0x00007ffa3f0e0000 - 0x00007ffa3f11c000 	C:\WINDOWS\SYSTEM32\dbgcore.DLL
0x00007ffa60870000 - 0x00007ffa60908000 	C:\WINDOWS\System32\bcryptPrimitives.dll
0x00007ffa3bdb0000 - 0x00007ffa3bdd0000 	C:\Program Files\Android\Android Studio\jbr\bin\java.dll
0x00007ffa3b890000 - 0x00007ffa3b8a8000 	C:\Program Files\Android\Android Studio\jbr\bin\zip.dll
0x00007ffa60af0000 - 0x00007ffa6123d000 	C:\WINDOWS\System32\SHELL32.dll
0x00007ffa5fee0000 - 0x00007ffa6004b000 	C:\WINDOWS\System32\wintypes.dll
0x00007ffa5db20000 - 0x00007ffa5e37d000 	C:\WINDOWS\SYSTEM32\windows.storage.dll
0x00007ffa61c90000 - 0x00007ffa61d82000 	C:\WINDOWS\System32\SHCORE.dll
0x00007ffa61df0000 - 0x00007ffa61e52000 	C:\WINDOWS\System32\shlwapi.dll
0x00007ffa5fdd0000 - 0x00007ffa5fdf9000 	C:\WINDOWS\SYSTEM32\profapi.dll
0x00007ffa4a0e0000 - 0x00007ffa4a0f0000 	C:\Program Files\Android\Android Studio\jbr\bin\net.dll
0x00007ffa4fc00000 - 0x00007ffa4fd1f000 	C:\WINDOWS\SYSTEM32\WINHTTP.dll
0x00007ffa5f1f0000 - 0x00007ffa5f25b000 	C:\WINDOWS\system32\mswsock.dll
0x00007ffa3b870000 - 0x00007ffa3b886000 	C:\Program Files\Android\Android Studio\jbr\bin\nio.dll
0x00007ffa3d960000 - 0x00007ffa3d970000 	C:\Program Files\Android\Android Studio\jbr\bin\verify.dll

JVMTI agents: none

dbghelp: loaded successfully - version: 4.0.5 - missing functions: none
symbol engine: initialized successfully - sym options: 0x614 - pdb path: .;C:\Program Files\Android\Android Studio\jbr\bin;C:\WINDOWS\SYSTEM32;C:\WINDOWS\WinSxS\amd64_microsoft.windows.common-controls_6595b64144ccf1df_6.0.26100.6899_none_3e0efeeae32e88c1;C:\Program Files\Android\Android Studio\jbr\bin\server

VM Arguments:
java_command: org.jetbrains.kotlin.cli.jvm.K2JVMCompiler @C:\Users\produ\AndroidStudioProjects\EndorPlayer\app\build\20251108_3289746209303995679.compiler.options
java_class_path (initial): C:\Users\produ\.gradle\caches\modules-2\files-2.1\org.jetbrains.kotlin\kotlin-compiler-embeddable\2.0.21\79346ed53db48b18312a472602eb5c057070c54d\kotlin-compiler-embeddable-2.0.21.jar;C:\Users\produ\.gradle\caches\modules-2\files-2.1\org.jetbrains.kotlin\kotlin-stdlib\2.0.21\618b539767b4899b4660a83006e052b63f1db551\kotlin-stdlib-2.0.21.jar;C:\Users\produ\.gradle\caches\modules-2\files-2.1\org.jetbrains.kotlin\kotlin-script-runtime\2.0.21\c9b044380ad41f89aa89aa896c2d32a8c0b2129d\kotlin-script-runtime-2.0.21.jar;C:\Users\produ\.gradle\caches\modules-2\files-2.1\org.jetbrains.kotlin\kotlin-reflect\1.6.10\1cbe9c92c12a94eea200d23c2bbaedaf3daf5132\kotlin-reflect-1.6.10.jar;C:\Users\produ\.gradle\caches\modules-2\files-2.1\org.jetbrains.kotlin\kotlin-daemon-embeddable\2.0.21\c9e933b23287de9b5a17e2116b4657bb91aea72c\kotlin-daemon-embeddable-2.0.21.jar;C:\Users\produ\.gradle\caches\modules-2\files-2.1\org.jetbrains.intellij.deps\trove4j\1.0.20200330\3afb14d5f9ceb459d724e907a21145e8ff394f02\trove4j-1.0.20200330.jar;C:\Users\produ\.gradle\caches\modules-2\files-2.1\org.jetbrains.kotlinx\kotlinx-coroutines-core-jvm\1.6.4\2c997cd1c0ef33f3e751d3831929aeff1390cb30\kotlinx-coroutines-core-jvm-1.6.4.jar;C:\Users\produ\.gradle\caches\modules-2\files-2.1\org.jetbrains\annotations\13.0\919f0dfe192fb4e063e7dacadee7f8bb9a2672a9\annotations-13.0.jar
Launcher Type: SUN_STANDARD

[Global flags]
     intx CICompilerCount                          = 4                                         {product} {ergonomic}
     uint ConcGCThreads                            = 2                                         {product} {ergonomic}
     uint G1ConcRefinementThreads                  = 8                                         {product} {ergonomic}
   size_t G1HeapRegionSize                         = 1048576                                   {product} {ergonomic}
    uintx GCDrainStackTargetSize                   = 64                                        {product} {ergonomic}
   size_t InitialHeapSize                          = 62914560                                  {product} {ergonomic}
   size_t MarkStackSize                            = 4194304                                   {product} {ergonomic}
   size_t MaxHeapSize                              = 1002438656                                {product} {ergonomic}
   size_t MaxNewSize                               = 600834048                                 {product} {ergonomic}
   size_t MinHeapDeltaBytes                        = 1048576                                   {product} {ergonomic}
   size_t MinHeapSize                              = 8388608                                   {product} {ergonomic}
    uintx NonNMethodCodeHeapSize                   = 5839372                                {pd product} {ergonomic}
    uintx NonProfiledCodeHeapSize                  = 122909434                              {pd product} {ergonomic}
    uintx ProfiledCodeHeapSize                     = 122909434                              {pd product} {ergonomic}
    uintx ReservedCodeCacheSize                    = 251658240                              {pd product} {ergonomic}
     bool SegmentedCodeCache                       = true                                      {product} {ergonomic}
   size_t SoftMaxHeapSize                          = 1002438656                             {manageable} {ergonomic}
     bool UseCompressedOops                        = true                           {product lp64_product} {ergonomic}
     bool UseG1GC                                  = true                                      {product} {ergonomic}
     bool UseLargePagesIndividualAllocation        = false                                  {pd product} {ergonomic}

Logging:
Log output configuration:
 #0: stdout all=warning uptime,level,tags foldmultilines=false
 #1: stderr all=off uptime,level,tags foldmultilines=false

Environment Variables:
PATH=C:\Python314\Scripts\;C:\Python314\;C:\WINDOWS\system32;C:\WINDOWS;C:\WINDOWS\System32\Wbem;C:\WINDOWS\System32\WindowsPowerShell\v1.0\;C:\WINDOWS\System32\OpenSSH\;C:\Program Files\cursor\resources\app\bin;C:\Program Files\Git\cmd;C:\Program Files\nodejs\;C:\ProgramData\chocolatey\bin;C:\Users\produ\AppData\Local\Microsoft\WindowsApps;C:\Users\produ\AppData\Roaming\npm
USERNAME=produ
OS=Windows_NT
PROCESSOR_IDENTIFIER=Intel64 Family 6 Model 154 Stepping 4, GenuineIntel
TMP=C:\Users\produ\AppData\Local\Temp
TEMP=C:\Users\produ\AppData\Local\Temp




Periodic native trim disabled

JNI global refs:
JNI global refs: 10, weak refs: 7

JNI global refs memory usage: 835, weak refs: 833

Process memory usage:
Resident Set Size: 209016K (5% of 3912184K total physical memory with 241548K free physical memory)

OOME stack traces (most recent first):
Classloader memory used:
Loader jdk.internal.loader.ClassLoaders$AppClassLoader                                 : 40728K
Loader bootstrap                                                                       : 10411K

---------------  S Y S T E M  ---------------

OS:
 Windows 11 , 64 bit Build 26100 (10.0.26100.6725)
OS uptime: 0 days 2:01 hours

CPU: total 8 (initial active 8) (4 cores per cpu, 2 threads per core) family 6 model 154 stepping 4 microcode 0x435, cx8, cmov, fxsr, ht, mmx, 3dnowpref, sse, sse2, sse3, ssse3, sse4.1, sse4.2, popcnt, lzcnt, tsc, tscinvbit, avx, avx2, aes, erms, clmul, bmi1, bmi2, adx, sha, fma, vzeroupper, clflush, clflushopt, clwb, serialize, rdtscp, rdpid, fsrm, f16c, pku, cet_ibt, cet_ss
Processor Information for processor 0
  Max Mhz: 1200, Current Mhz: 1200, Mhz Limit: 1200
Processor Information for processor 1
  Max Mhz: 1200, Current Mhz: 1200, Mhz Limit: 1200
Processor Information for processor 2
  Max Mhz: 1200, Current Mhz: 1200, Mhz Limit: 1200
Processor Information for processor 3
  Max Mhz: 1200, Current Mhz: 1200, Mhz Limit: 1200
Processor Information for processor 4
  Max Mhz: 900, Current Mhz: 900, Mhz Limit: 900
Processor Information for processor 5
  Max Mhz: 900, Current Mhz: 900, Mhz Limit: 900
Processor Information for processor 6
  Max Mhz: 900, Current Mhz: 900, Mhz Limit: 900
Processor Information for processor 7
  Max Mhz: 900, Current Mhz: 900, Mhz Limit: 900

Memory: 4k page, system-wide physical 3820M (235M free)
TotalPageFile size 14060M (AvailPageFile size 12M)
current process WorkingSet (physical memory assigned to process): 204M, peak: 207M
current process commit charge ("private bytes"): 236M, peak: 254M

vm_info: OpenJDK 64-Bit Server VM (21.0.8+-14196175-b1038.72) for windows-amd64 JRE (21.0.8+-14196175-b1038.72), built on 2025-10-01T10:24:33Z by "builder" with MS VC++ 16.10 / 16.11 (VS2019)

END.
