#
# There is insufficient memory for the Java Runtime Environment to continue.
# Native memory allocation (mmap) failed to map 23068672 bytes. Error detail: G1 virtual space
# Possible reasons:
#   The system is out of physical RAM or swap space
#   This process is running with CompressedOops enabled, and the Java Heap may be blocking the growth of the native heap
# Possible solutions:
#   Reduce memory load on the system
#   Increase physical memory or swap space
#   Check if swap backing store is full
#   Decrease Java heap size (-Xmx/-Xms)
#   Decrease number of Java threads
#   Decrease Java thread stack sizes (-Xss)
#   Set larger code cache with -XX:ReservedCodeCacheSize=
#   JVM is running with Unscaled Compressed Oops mode in which the Java heap is
#     placed in the first 4GB address space. The Java Heap base address is the
#     maximum limit for the native heap growth. Please use -XX:HeapBaseMinAddress
#     to set the Java Heap base and to place the Java Heap above 4GB virtual address.
# This output file may be truncated or incomplete.
#
#  Out of Memory Error (os_windows.cpp:3925), pid=19340, tid=9284
#
# JRE version: OpenJDK Runtime Environment (21.0.8) (build 21.0.8+-14196175-b1038.72)
# Java VM: OpenJDK 64-Bit Server VM (21.0.8+-14196175-b1038.72, mixed mode, tiered, compressed oops, compressed class ptrs, g1 gc, windows-amd64)
# No core dump will be written. Minidumps are not enabled by default on client versions of Windows
#

---------------  S U M M A R Y ------------

Command Line: --add-opens=java.base/java.lang=ALL-UNNAMED --add-opens=java.base/java.lang.invoke=ALL-UNNAMED --add-opens=java.base/java.util=ALL-UNNAMED --add-opens=java.prefs/java.util.prefs=ALL-UNNAMED --add-exports=jdk.compiler/com.sun.tools.javac.api=ALL-UNNAMED --add-exports=jdk.compiler/com.sun.tools.javac.util=ALL-UNNAMED --add-opens=java.base/java.util=ALL-UNNAMED --add-opens=java.prefs/java.util.prefs=ALL-UNNAMED --add-opens=java.base/java.nio.charset=ALL-UNNAMED --add-opens=java.base/java.net=ALL-UNNAMED --add-opens=java.base/java.util.concurrent.atomic=ALL-UNNAMED --add-opens=java.xml/javax.xml.namespace=ALL-UNNAMED -Xmx2048m -Dfile.encoding=UTF-8 -Duser.country=BR -Duser.language=pt -Duser.variant -javaagent:C:\Users\produ\.gradle\wrapper\dists\gradle-8.13-bin\5xuhj0ry160q40clulazy9h7d\gradle-8.13\lib\agents\gradle-instrumentation-agent-8.13.jar org.gradle.launcher.daemon.bootstrap.GradleDaemon 8.13

Host: 12th Gen Intel(R) Core(TM) i3-1215U, 8 cores, 3G,  Windows 11 , 64 bit Build 26100 (10.0.26100.6725)
Time: Thu Oct 30 23:26:09 2025 Hora Padrão de Caracas elapsed time: 10.108015 seconds (0d 0h 0m 10s)

---------------  T H R E A D  ---------------

Current thread (0x0000027059b427e0):  VMThread "VM Thread"          [id=9284, stack(0x00000090bf800000,0x00000090bf900000) (1024K)]

Stack: [0x00000090bf800000,0x00000090bf900000]
Native frames: (J=compiled Java code, j=interpreted, Vv=VM code, C=native code)
V  [jvm.dll+0x6d68d9]
V  [jvm.dll+0x866693]
V  [jvm.dll+0x868c4e]
V  [jvm.dll+0x869333]
V  [jvm.dll+0x280566]
V  [jvm.dll+0x6d3195]
V  [jvm.dll+0x6c69ea]
V  [jvm.dll+0x3586db]
V  [jvm.dll+0x360336]
V  [jvm.dll+0x3b23f6]
V  [jvm.dll+0x3b26c8]
V  [jvm.dll+0x32ae6c]
V  [jvm.dll+0x32d806]
V  [jvm.dll+0x3376dd]
V  [jvm.dll+0x36ee15]
V  [jvm.dll+0x86f0b8]
V  [jvm.dll+0x870434]
V  [jvm.dll+0x870970]
V  [jvm.dll+0x870c03]
V  [jvm.dll+0x80eac8]
V  [jvm.dll+0x6d512d]
C  [ucrtbase.dll+0x37b0]
C  [KERNEL32.DLL+0x2e8d7]
C  [ntdll.dll+0x8c53c]

VM_Operation (0x00000090bf3ff4f0): G1PauseRemark, mode: safepoint, requested by thread 0x0000027042354790


---------------  P R O C E S S  ---------------

Threads class SMR info:
_java_thread_list=0x0000027062c7a8f0, length=58, elements={
0x000002703ff44550, 0x0000027059b8e740, 0x0000027059b93bd0, 0x0000027059b94c40,
0x0000027059bd3080, 0x0000027059bd3ae0, 0x0000027059bd4540, 0x0000027059bd5740,
0x0000027059bbc060, 0x0000027059bd90a0, 0x0000027059f0d820, 0x000002705f8f2550,
0x000002705f98e590, 0x000002705f8d1480, 0x000002705fa5ac10, 0x000002705fa59800,
0x000002705f9eca30, 0x000002705f9edcc0, 0x000002705fba3f00, 0x000002705fba1110,
0x000002705fba17a0, 0x000002705fba3870, 0x000002705fba4590, 0x000002705fba1e30,
0x000002705fba2b50, 0x000002705fba31e0, 0x0000027061114de0, 0x00000270611140c0,
0x0000027061114750, 0x00000270611133a0, 0x0000027061116eb0, 0x0000027061115b00,
0x0000027061115470, 0x0000027061116190, 0x0000027061116820, 0x0000027061113a30,
0x0000027061119610, 0x0000027061117540, 0x000002706111a330, 0x0000027061119ca0,
0x0000027061117bd0, 0x0000027061118260, 0x00000270611188f0, 0x000002706159c500,
0x000002706159cb90, 0x000002706159d220, 0x000002706159aac0, 0x000002706159be70,
0x000002706159a430, 0x000002706159d8b0, 0x000002706159b150, 0x000002706159b7e0,
0x00000270615a0d30, 0x000002706159f2f0, 0x00000270615a0010, 0x000002706159df40,
0x000002706159f980, 0x00000270615a06a0
}

Java Threads: ( => current thread )
  0x000002703ff44550 JavaThread "main"                              [_thread_blocked, id=2744, stack(0x00000090bf100000,0x00000090bf200000) (1024K)]
  0x0000027059b8e740 JavaThread "Common-Cleaner"             daemon [_thread_blocked, id=18772, stack(0x00000090bf900000,0x00000090bfa00000) (1024K)]
  0x0000027059b93bd0 JavaThread "Reference Handler"          daemon [_thread_blocked, id=18624, stack(0x00000090bfa00000,0x00000090bfb00000) (1024K)]
  0x0000027059b94c40 JavaThread "Finalizer"                  daemon [_thread_blocked, id=18924, stack(0x00000090bfb00000,0x00000090bfc00000) (1024K)]
  0x0000027059bd3080 JavaThread "Signal Dispatcher"          daemon [_thread_blocked, id=16800, stack(0x00000090bfc00000,0x00000090bfd00000) (1024K)]
  0x0000027059bd3ae0 JavaThread "Attach Listener"            daemon [_thread_blocked, id=17232, stack(0x00000090bfd00000,0x00000090bfe00000) (1024K)]
  0x0000027059bd4540 JavaThread "Service Thread"             daemon [_thread_blocked, id=19284, stack(0x00000090bfe00000,0x00000090bff00000) (1024K)]
  0x0000027059bd5740 JavaThread "Monitor Deflation Thread"   daemon [_thread_blocked, id=9552, stack(0x00000090bff00000,0x00000090c0000000) (1024K)]
  0x0000027059bbc060 JavaThread "C2 CompilerThread0"         daemon [_thread_blocked, id=15044, stack(0x00000090c0000000,0x00000090c0100000) (1024K)]
  0x0000027059bd90a0 JavaThread "C1 CompilerThread0"         daemon [_thread_blocked, id=13484, stack(0x00000090c0100000,0x00000090c0200000) (1024K)]
  0x0000027059f0d820 JavaThread "Notification Thread"        daemon [_thread_blocked, id=18120, stack(0x00000090c0200000,0x00000090c0300000) (1024K)]
  0x000002705f8f2550 JavaThread "Daemon health stats"               [_thread_blocked, id=8772, stack(0x00000090c0700000,0x00000090c0800000) (1024K)]
  0x000002705f98e590 JavaThread "Incoming local TCP Connector on port 58637"        [_thread_in_native, id=8084, stack(0x00000090c0b00000,0x00000090c0c00000) (1024K)]
  0x000002705f8d1480 JavaThread "Daemon periodic checks"            [_thread_blocked, id=11548, stack(0x00000090c0c00000,0x00000090c0d00000) (1024K)]
  0x000002705fa5ac10 JavaThread "Daemon"                            [_thread_blocked, id=4248, stack(0x00000090c0d00000,0x00000090c0e00000) (1024K)]
  0x000002705fa59800 JavaThread "Handler for socket connection from /127.0.0.1:58637 to /127.0.0.1:58638"        [_thread_in_native, id=9168, stack(0x00000090c0e00000,0x00000090c0f00000) (1024K)]
  0x000002705f9eca30 JavaThread "Cancel handler"                    [_thread_blocked, id=7984, stack(0x00000090c0f00000,0x00000090c1000000) (1024K)]
  0x000002705f9edcc0 JavaThread "Daemon worker"                     [_thread_blocked, id=17740, stack(0x00000090c1000000,0x00000090c1100000) (1024K)]
  0x000002705fba3f00 JavaThread "Asynchronous log dispatcher for DefaultDaemonConnection: socket connection from /127.0.0.1:58637 to /127.0.0.1:58638"        [_thread_blocked, id=5916, stack(0x00000090c1200000,0x00000090c1300000) (1024K)]
  0x000002705fba1110 JavaThread "Stdin handler"                     [_thread_blocked, id=2984, stack(0x00000090c1300000,0x00000090c1400000) (1024K)]
  0x000002705fba17a0 JavaThread "Daemon client event forwarder"        [_thread_blocked, id=5504, stack(0x00000090c1400000,0x00000090c1500000) (1024K)]
  0x000002705fba3870 JavaThread "Cache worker for journal cache (C:\Users\produ\.gradle\caches\journal-1)"        [_thread_blocked, id=15332, stack(0x00000090c1500000,0x00000090c1600000) (1024K)]
  0x000002705fba4590 JavaThread "File lock request listener"        [_thread_in_native, id=15196, stack(0x00000090c1600000,0x00000090c1700000) (1024K)]
  0x000002705fba1e30 JavaThread "Cache worker for file hash cache (C:\Users\produ\.gradle\caches\8.13\fileHashes)"        [_thread_blocked, id=3504, stack(0x00000090c1700000,0x00000090c1800000) (1024K)]
  0x000002705fba2b50 JavaThread "Cache worker for file hash cache (C:\Users\produ\AndroidStudioProjects\EndorPlayer\.gradle\8.13\fileHashes)"        [_thread_blocked, id=15064, stack(0x00000090c1800000,0x00000090c1900000) (1024K)]
  0x000002705fba31e0 JavaThread "Cache worker for Build Output Cleanup Cache (C:\Users\produ\AndroidStudioProjects\EndorPlayer\.gradle\buildOutputCleanup)"        [_thread_blocked, id=7952, stack(0x00000090c1900000,0x00000090c1a00000) (1024K)]
  0x0000027061114de0 JavaThread "File watcher server"        daemon [_thread_in_native, id=9508, stack(0x00000090c1a00000,0x00000090c1b00000) (1024K)]
  0x00000270611140c0 JavaThread "File watcher consumer"      daemon [_thread_blocked, id=12308, stack(0x00000090c1b00000,0x00000090c1c00000) (1024K)]
  0x0000027061114750 JavaThread "jar transforms"                    [_thread_blocked, id=17372, stack(0x00000090c1c00000,0x00000090c1d00000) (1024K)]
  0x00000270611133a0 JavaThread "jar transforms Thread 2"           [_thread_blocked, id=11156, stack(0x00000090c1d00000,0x00000090c1e00000) (1024K)]
  0x0000027061116eb0 JavaThread "jar transforms Thread 3"           [_thread_blocked, id=18272, stack(0x00000090c1e00000,0x00000090c1f00000) (1024K)]
  0x0000027061115b00 JavaThread "jar transforms Thread 4"           [_thread_blocked, id=12584, stack(0x00000090c1f00000,0x00000090c2000000) (1024K)]
  0x0000027061115470 JavaThread "jar transforms Thread 5"           [_thread_blocked, id=5944, stack(0x00000090c2000000,0x00000090c2100000) (1024K)]
  0x0000027061116190 JavaThread "jar transforms Thread 6"           [_thread_blocked, id=4480, stack(0x00000090c2100000,0x00000090c2200000) (1024K)]
  0x0000027061116820 JavaThread "jar transforms Thread 7"           [_thread_blocked, id=13020, stack(0x00000090c2200000,0x00000090c2300000) (1024K)]
  0x0000027061113a30 JavaThread "jar transforms Thread 8"           [_thread_blocked, id=13372, stack(0x00000090c2300000,0x00000090c2400000) (1024K)]
  0x0000027061119610 JavaThread "Cache worker for checksums cache (C:\Users\produ\AndroidStudioProjects\EndorPlayer\.gradle\8.13\checksums)"        [_thread_blocked, id=16156, stack(0x00000090c2400000,0x00000090c2500000) (1024K)]
  0x0000027061117540 JavaThread "Cache worker for file content cache (C:\Users\produ\.gradle\caches\8.13\fileContent)"        [_thread_blocked, id=18208, stack(0x00000090c2500000,0x00000090c2600000) (1024K)]
  0x000002706111a330 JavaThread "Cache worker for cache directory md-supplier (C:\Users\produ\.gradle\caches\8.13\md-supplier)"        [_thread_blocked, id=15268, stack(0x00000090c2600000,0x00000090c2700000) (1024K)]
  0x0000027061119ca0 JavaThread "Cache worker for cache directory md-rule (C:\Users\produ\.gradle\caches\8.13\md-rule)"        [_thread_blocked, id=18736, stack(0x00000090c2700000,0x00000090c2800000) (1024K)]
  0x0000027061117bd0 JavaThread "Unconstrained build operations"        [_thread_blocked, id=18956, stack(0x00000090c2800000,0x00000090c2900000) (1024K)]
  0x0000027061118260 JavaThread "Unconstrained build operations Thread 2"        [_thread_blocked, id=8864, stack(0x00000090c2900000,0x00000090c2a00000) (1024K)]
  0x00000270611188f0 JavaThread "Unconstrained build operations Thread 3"        [_thread_blocked, id=1644, stack(0x00000090c2a00000,0x00000090c2b00000) (1024K)]
  0x000002706159c500 JavaThread "Unconstrained build operations Thread 4"        [_thread_blocked, id=3596, stack(0x00000090c2b00000,0x00000090c2c00000) (1024K)]
  0x000002706159cb90 JavaThread "Unconstrained build operations Thread 5"        [_thread_blocked, id=14572, stack(0x00000090c2c00000,0x00000090c2d00000) (1024K)]
  0x000002706159d220 JavaThread "Unconstrained build operations Thread 6"        [_thread_blocked, id=3584, stack(0x00000090c2d00000,0x00000090c2e00000) (1024K)]
  0x000002706159aac0 JavaThread "Unconstrained build operations Thread 7"        [_thread_blocked, id=14720, stack(0x00000090c2e00000,0x00000090c2f00000) (1024K)]
  0x000002706159be70 JavaThread "Unconstrained build operations Thread 8"        [_thread_blocked, id=18988, stack(0x00000090c2f00000,0x00000090c3000000) (1024K)]
  0x000002706159a430 JavaThread "Unconstrained build operations Thread 9"        [_thread_blocked, id=6396, stack(0x00000090c3000000,0x00000090c3100000) (1024K)]
  0x000002706159d8b0 JavaThread "Unconstrained build operations Thread 10"        [_thread_blocked, id=16944, stack(0x00000090c3100000,0x00000090c3200000) (1024K)]
  0x000002706159b150 JavaThread "Unconstrained build operations Thread 11"        [_thread_blocked, id=3856, stack(0x00000090c3200000,0x00000090c3300000) (1024K)]
  0x000002706159b7e0 JavaThread "Unconstrained build operations Thread 12"        [_thread_blocked, id=6264, stack(0x00000090c3300000,0x00000090c3400000) (1024K)]
  0x00000270615a0d30 JavaThread "Unconstrained build operations Thread 13"        [_thread_blocked, id=2740, stack(0x00000090c3400000,0x00000090c3500000) (1024K)]
  0x000002706159f2f0 JavaThread "Unconstrained build operations Thread 14"        [_thread_blocked, id=9232, stack(0x00000090c3500000,0x00000090c3600000) (1024K)]
  0x00000270615a0010 JavaThread "Unconstrained build operations Thread 15"        [_thread_blocked, id=17388, stack(0x00000090c3600000,0x00000090c3700000) (1024K)]
  0x000002706159df40 JavaThread "Unconstrained build operations Thread 16"        [_thread_blocked, id=9880, stack(0x00000090c3700000,0x00000090c3800000) (1024K)]
  0x000002706159f980 JavaThread "Unconstrained build operations Thread 17"        [_thread_blocked, id=19148, stack(0x00000090c3800000,0x00000090c3900000) (1024K)]
  0x00000270615a06a0 JavaThread "Unconstrained build operations Thread 18"        [_thread_blocked, id=10656, stack(0x00000090c3900000,0x00000090c3a00000) (1024K)]
Total: 58

Other Threads:
=>0x0000027059b427e0 VMThread "VM Thread"                           [id=9284, stack(0x00000090bf800000,0x00000090bf900000) (1024K)]
  0x000002705997d670 WatcherThread "VM Periodic Task Thread"        [id=17004, stack(0x00000090bf700000,0x00000090bf800000) (1024K)]
  0x0000027042342a60 WorkerThread "GC Thread#0"                     [id=5984, stack(0x00000090bf200000,0x00000090bf300000) (1024K)]
  0x000002705e338bf0 WorkerThread "GC Thread#1"                     [id=10908, stack(0x00000090c0300000,0x00000090c0400000) (1024K)]
  0x000002705e1edcd0 WorkerThread "GC Thread#2"                     [id=9416, stack(0x00000090c0400000,0x00000090c0500000) (1024K)]
  0x000002705eb93f80 WorkerThread "GC Thread#3"                     [id=18484, stack(0x00000090c0500000,0x00000090c0600000) (1024K)]
  0x000002705ea18f20 WorkerThread "GC Thread#4"                     [id=4796, stack(0x00000090c0600000,0x00000090c0700000) (1024K)]
  0x000002705f8a4e60 WorkerThread "GC Thread#5"                     [id=15572, stack(0x00000090c0800000,0x00000090c0900000) (1024K)]
  0x000002705f8a5200 WorkerThread "GC Thread#6"                     [id=16008, stack(0x00000090c0900000,0x00000090c0a00000) (1024K)]
  0x000002705f8a55a0 WorkerThread "GC Thread#7"                     [id=15884, stack(0x00000090c0a00000,0x00000090c0b00000) (1024K)]
  0x0000027042354790 ConcurrentGCThread "G1 Main Marker"            [id=17304, stack(0x00000090bf300000,0x00000090bf400000) (1024K)]
  0x00000270423551a0 WorkerThread "G1 Conc#0"                       [id=18420, stack(0x00000090bf400000,0x00000090bf500000) (1024K)]
  0x000002705fa36250 WorkerThread "G1 Conc#1"                       [id=8, stack(0x00000090c1100000,0x00000090c1200000) (1024K)]
  0x00000270598402f0 ConcurrentGCThread "G1 Refine#0"               [id=9180, stack(0x00000090bf500000,0x00000090bf600000) (1024K)]
  0x0000027059843b30 ConcurrentGCThread "G1 Service"                [id=15552, stack(0x00000090bf600000,0x00000090bf700000) (1024K)]
Total: 15

Threads with active compile tasks:
C2 CompilerThread0  10184 6005       4       java.lang.invoke.InvokerBytecodeGenerator::addMethod (725 bytes)
Total: 1

VM state: at safepoint (normal execution)

VM Mutex/Monitor currently owned by a thread:  ([mutex/lock_event])
[0x00007ff9ffa785b8] Threads_lock - owner thread: 0x0000027059b427e0
[0x00007ff9ffa786b8] Heap_lock - owner thread: 0x0000027042354790

Heap address: 0x0000000080000000, size: 2048 MB, Compressed Oops mode: 32-bit

CDS archive(s) not mapped
Compressed class space mapped at: 0x0000000100000000-0x0000000140000000, reserved size: 1073741824
Narrow klass base: 0x0000000000000000, Narrow klass shift: 3, Narrow klass range: 0x140000000

GC Precious Log:
 CardTable entry size: 512
 Card Set container configuration: InlinePtr #cards 5 size 8 Array Of Cards #cards 12 size 40 Howl #buckets 4 coarsen threshold 1843 Howl Bitmap #cards 512 size 80 coarsen threshold 460 Card regions per heap region 1 cards per card region 2048
 CPUs: 8 total, 8 available
 Memory: 3820M
 Large Page Support: Disabled
 NUMA Support: Disabled
 Compressed Oops: Enabled (32-bit)
 Heap Region Size: 1M
 Heap Min Capacity: 8M
 Heap Initial Capacity: 60M
 Heap Max Capacity: 2G
 Pre-touch: Disabled
 Parallel Workers: 8
 Concurrent Workers: 2
 Concurrent Refinement Workers: 8
 Periodic GC: Disabled

Heap:
 garbage-first heap   total 140288K, used 97337K [0x0000000080000000, 0x0000000100000000)
  region size 1024K, 4 young (4096K), 2 survivors (2048K)
 Metaspace       used 62015K, committed 63680K, reserved 1114112K
  class space    used 8662K, committed 9472K, reserved 1048576K

Heap Regions: E=young(eden), S=young(survivor), O=old, HS=humongous(starts), HC=humongous(continues), CS=collection set, F=free, TAMS=top-at-mark-start, PB=parsable bottom
|   0|0x0000000080000000, 0x0000000080100000, 0x0000000080100000|100%|HS|  |TAMS 0x0000000080100000| PB 0x0000000080000000| Complete 
|   1|0x0000000080100000, 0x0000000080200000, 0x0000000080200000|100%|HC|  |TAMS 0x0000000080200000| PB 0x0000000080100000| Complete 
|   2|0x0000000080200000, 0x0000000080300000, 0x0000000080300000|100%|HC|  |TAMS 0x0000000080300000| PB 0x0000000080200000| Complete 
|   3|0x0000000080300000, 0x0000000080400000, 0x0000000080400000|100%| O|  |TAMS 0x0000000080400000| PB 0x0000000080400000| Untracked 
|   4|0x0000000080400000, 0x0000000080500000, 0x0000000080500000|100%| O|  |TAMS 0x0000000080500000| PB 0x0000000080500000| Untracked 
|   5|0x0000000080500000, 0x0000000080600000, 0x0000000080600000|100%| O|  |TAMS 0x0000000080600000| PB 0x0000000080600000| Untracked 
|   6|0x0000000080600000, 0x0000000080700000, 0x0000000080700000|100%| O|  |TAMS 0x0000000080700000| PB 0x0000000080700000| Untracked 
|   7|0x0000000080700000, 0x0000000080800000, 0x0000000080800000|100%| O|  |TAMS 0x0000000080800000| PB 0x0000000080800000| Untracked 
|   8|0x0000000080800000, 0x0000000080900000, 0x0000000080900000|100%| O|  |TAMS 0x0000000080900000| PB 0x0000000080900000| Untracked 
|   9|0x0000000080900000, 0x0000000080a00000, 0x0000000080a00000|100%| O|  |TAMS 0x0000000080a00000| PB 0x0000000080a00000| Untracked 
|  10|0x0000000080a00000, 0x0000000080b00000, 0x0000000080b00000|100%| O|  |TAMS 0x0000000080b00000| PB 0x0000000080b00000| Updating 
|  11|0x0000000080b00000, 0x0000000080c00000, 0x0000000080c00000|100%|HS|  |TAMS 0x0000000080c00000| PB 0x0000000080b00000| Complete 
|  12|0x0000000080c00000, 0x0000000080d00000, 0x0000000080d00000|100%| O|  |TAMS 0x0000000080d00000| PB 0x0000000080d00000| Updating 
|  13|0x0000000080d00000, 0x0000000080e00000, 0x0000000080e00000|100%| O|  |TAMS 0x0000000080e00000| PB 0x0000000080e00000| Untracked 
|  14|0x0000000080e00000, 0x0000000080f00000, 0x0000000080f00000|100%| O|  |TAMS 0x0000000080f00000| PB 0x0000000080f00000| Updating 
|  15|0x0000000080f00000, 0x0000000081000000, 0x0000000081000000|100%| O|  |TAMS 0x0000000081000000| PB 0x0000000081000000| Untracked 
|  16|0x0000000081000000, 0x0000000081100000, 0x0000000081100000|100%| O|  |TAMS 0x0000000081100000| PB 0x0000000081100000| Untracked 
|  17|0x0000000081100000, 0x0000000081200000, 0x0000000081200000|100%| O|  |TAMS 0x0000000081200000| PB 0x0000000081200000| Untracked 
|  18|0x0000000081200000, 0x0000000081300000, 0x0000000081300000|100%| O|  |TAMS 0x0000000081300000| PB 0x0000000081300000| Untracked 
|  19|0x0000000081300000, 0x0000000081400000, 0x0000000081400000|100%| O|  |TAMS 0x0000000081400000| PB 0x0000000081400000| Untracked 
|  20|0x0000000081400000, 0x0000000081500000, 0x0000000081500000|100%| O|  |TAMS 0x0000000081500000| PB 0x0000000081500000| Untracked 
|  21|0x0000000081500000, 0x0000000081600000, 0x0000000081600000|100%| O|  |TAMS 0x0000000081600000| PB 0x0000000081600000| Untracked 
|  22|0x0000000081600000, 0x0000000081700000, 0x0000000081700000|100%| O|  |TAMS 0x0000000081600000| PB 0x0000000081600000| Untracked 
|  23|0x0000000081700000, 0x0000000081800000, 0x0000000081800000|100%|HS|  |TAMS 0x0000000081800000| PB 0x0000000081700000| Complete 
|  24|0x0000000081800000, 0x0000000081900000, 0x0000000081900000|100%|HC|  |TAMS 0x0000000081900000| PB 0x0000000081800000| Complete 
|  25|0x0000000081900000, 0x0000000081a00000, 0x0000000081a00000|100%|HC|  |TAMS 0x0000000081a00000| PB 0x0000000081900000| Complete 
|  26|0x0000000081a00000, 0x0000000081b00000, 0x0000000081b00000|100%|HC|  |TAMS 0x0000000081b00000| PB 0x0000000081a00000| Complete 
|  27|0x0000000081b00000, 0x0000000081c00000, 0x0000000081c00000|100%|HC|  |TAMS 0x0000000081c00000| PB 0x0000000081b00000| Complete 
|  28|0x0000000081c00000, 0x0000000081d00000, 0x0000000081d00000|100%|HC|  |TAMS 0x0000000081d00000| PB 0x0000000081c00000| Complete 
|  29|0x0000000081d00000, 0x0000000081e00000, 0x0000000081e00000|100%|HS|  |TAMS 0x0000000081e00000| PB 0x0000000081d00000| Complete 
|  30|0x0000000081e00000, 0x0000000081f00000, 0x0000000081f00000|100%|HS|  |TAMS 0x0000000081f00000| PB 0x0000000081e00000| Complete 
|  31|0x0000000081f00000, 0x0000000082000000, 0x0000000082000000|100%|HC|  |TAMS 0x0000000082000000| PB 0x0000000081f00000| Complete 
|  32|0x0000000082000000, 0x0000000082100000, 0x0000000082100000|100%|HS|  |TAMS 0x0000000082100000| PB 0x0000000082000000| Complete 
|  33|0x0000000082100000, 0x0000000082200000, 0x0000000082200000|100%|HC|  |TAMS 0x0000000082200000| PB 0x0000000082100000| Complete 
|  34|0x0000000082200000, 0x0000000082300000, 0x0000000082300000|100%|HC|  |TAMS 0x0000000082300000| PB 0x0000000082200000| Complete 
|  35|0x0000000082300000, 0x0000000082400000, 0x0000000082400000|100%|HC|  |TAMS 0x0000000082400000| PB 0x0000000082300000| Complete 
|  36|0x0000000082400000, 0x0000000082500000, 0x0000000082500000|100%|HS|  |TAMS 0x0000000082500000| PB 0x0000000082400000| Complete 
|  37|0x0000000082500000, 0x0000000082600000, 0x0000000082600000|100%|HS|  |TAMS 0x0000000082600000| PB 0x0000000082500000| Complete 
|  38|0x0000000082600000, 0x0000000082700000, 0x0000000082700000|100%|HC|  |TAMS 0x0000000082700000| PB 0x0000000082600000| Complete 
|  39|0x0000000082700000, 0x0000000082800000, 0x0000000082800000|100%|HC|  |TAMS 0x0000000082800000| PB 0x0000000082700000| Complete 
|  40|0x0000000082800000, 0x0000000082900000, 0x0000000082900000|100%|HC|  |TAMS 0x0000000082900000| PB 0x0000000082800000| Complete 
|  41|0x0000000082900000, 0x0000000082a00000, 0x0000000082a00000|100%|HC|  |TAMS 0x0000000082a00000| PB 0x0000000082900000| Complete 
|  42|0x0000000082a00000, 0x0000000082b00000, 0x0000000082b00000|100%|HC|  |TAMS 0x0000000082b00000| PB 0x0000000082a00000| Complete 
|  43|0x0000000082b00000, 0x0000000082c00000, 0x0000000082c00000|100%|HS|  |TAMS 0x0000000082c00000| PB 0x0000000082b00000| Complete 
|  44|0x0000000082c00000, 0x0000000082d00000, 0x0000000082d00000|100%|HS|  |TAMS 0x0000000082d00000| PB 0x0000000082c00000| Complete 
|  45|0x0000000082d00000, 0x0000000082e00000, 0x0000000082e00000|100%|HC|  |TAMS 0x0000000082e00000| PB 0x0000000082d00000| Complete 
|  46|0x0000000082e00000, 0x0000000082f00000, 0x0000000082f00000|100%|HS|  |TAMS 0x0000000082f00000| PB 0x0000000082e00000| Complete 
|  47|0x0000000082f00000, 0x0000000083000000, 0x0000000083000000|100%|HC|  |TAMS 0x0000000083000000| PB 0x0000000082f00000| Complete 
|  48|0x0000000083000000, 0x0000000083100000, 0x0000000083100000|100%|HC|  |TAMS 0x0000000083100000| PB 0x0000000083000000| Complete 
|  49|0x0000000083100000, 0x0000000083200000, 0x0000000083200000|100%|HC|  |TAMS 0x0000000083200000| PB 0x0000000083100000| Complete 
|  50|0x0000000083200000, 0x0000000083300000, 0x0000000083300000|100%|HS|  |TAMS 0x0000000083300000| PB 0x0000000083200000| Complete 
|  51|0x0000000083300000, 0x0000000083400000, 0x0000000083400000|100%| O|  |TAMS 0x0000000083400000| PB 0x0000000083400000| Untracked 
|  52|0x0000000083400000, 0x0000000083500000, 0x0000000083500000|100%| O|  |TAMS 0x0000000083500000| PB 0x0000000083500000| Untracked 
|  53|0x0000000083500000, 0x0000000083600000, 0x0000000083600000|100%| O|  |TAMS 0x0000000083600000| PB 0x0000000083600000| Untracked 
|  54|0x0000000083600000, 0x0000000083700000, 0x0000000083700000|100%| O|  |TAMS 0x0000000083700000| PB 0x0000000083700000| Untracked 
|  55|0x0000000083700000, 0x0000000083800000, 0x0000000083800000|100%| O|  |TAMS 0x0000000083800000| PB 0x0000000083800000| Untracked 
|  56|0x0000000083800000, 0x0000000083900000, 0x0000000083900000|100%| O|  |TAMS 0x0000000083900000| PB 0x0000000083900000| Updating 
|  57|0x0000000083900000, 0x0000000083a00000, 0x0000000083a00000|100%| O|  |TAMS 0x0000000083a00000| PB 0x0000000083a00000| Untracked 
|  58|0x0000000083a00000, 0x0000000083b00000, 0x0000000083b00000|100%| O|  |TAMS 0x0000000083b00000| PB 0x0000000083b00000| Untracked 
|  59|0x0000000083b00000, 0x0000000083c00000, 0x0000000083c00000|100%| O|  |TAMS 0x0000000083c00000| PB 0x0000000083c00000| Untracked 
|  60|0x0000000083c00000, 0x0000000083d00000, 0x0000000083d00000|100%| O|  |TAMS 0x0000000083d00000| PB 0x0000000083d00000| Updating 
|  61|0x0000000083d00000, 0x0000000083e00000, 0x0000000083e00000|100%| O|  |TAMS 0x0000000083e00000| PB 0x0000000083e00000| Untracked 
|  62|0x0000000083e00000, 0x0000000083f00000, 0x0000000083f00000|100%| O|  |TAMS 0x0000000083f00000| PB 0x0000000083f00000| Untracked 
|  63|0x0000000083f00000, 0x0000000084000000, 0x0000000084000000|100%|HS|  |TAMS 0x0000000084000000| PB 0x0000000083f00000| Complete 
|  64|0x0000000084000000, 0x0000000084100000, 0x0000000084100000|100%|HC|  |TAMS 0x0000000084100000| PB 0x0000000084000000| Complete 
|  65|0x0000000084100000, 0x0000000084200000, 0x0000000084200000|100%| O|  |TAMS 0x0000000084200000| PB 0x0000000084200000| Updating 
|  66|0x0000000084200000, 0x0000000084300000, 0x0000000084300000|100%|HS|  |TAMS 0x0000000084300000| PB 0x0000000084200000| Complete 
|  67|0x0000000084300000, 0x0000000084400000, 0x0000000084400000|100%|HS|  |TAMS 0x0000000084400000| PB 0x0000000084300000| Complete 
|  68|0x0000000084400000, 0x0000000084500000, 0x0000000084500000|100%| O|  |TAMS 0x0000000084400000| PB 0x0000000084400000| Untracked 
|  69|0x0000000084500000, 0x0000000084600000, 0x0000000084600000|100%| O|  |TAMS 0x0000000084500000| PB 0x0000000084500000| Untracked 
|  70|0x0000000084600000, 0x0000000084700000, 0x0000000084700000|100%| O|  |TAMS 0x0000000084600000| PB 0x0000000084600000| Untracked 
|  71|0x0000000084700000, 0x000000008478b448, 0x0000000084800000| 54%| O|  |TAMS 0x0000000084700000| PB 0x0000000084700000| Updating 
|  72|0x0000000084800000, 0x0000000084800000, 0x0000000084900000|  0%| F|  |TAMS 0x0000000084800000| PB 0x0000000084800000| Untracked 
|  73|0x0000000084900000, 0x0000000084900000, 0x0000000084a00000|  0%| F|  |TAMS 0x0000000084900000| PB 0x0000000084900000| Untracked 
|  74|0x0000000084a00000, 0x0000000084a00000, 0x0000000084b00000|  0%| F|  |TAMS 0x0000000084a00000| PB 0x0000000084a00000| Untracked 
|  75|0x0000000084b00000, 0x0000000084b00000, 0x0000000084c00000|  0%| F|  |TAMS 0x0000000084b00000| PB 0x0000000084b00000| Untracked 
|  76|0x0000000084c00000, 0x0000000084c00000, 0x0000000084d00000|  0%| F|  |TAMS 0x0000000084c00000| PB 0x0000000084c00000| Untracked 
|  77|0x0000000084d00000, 0x0000000084d00000, 0x0000000084e00000|  0%| F|  |TAMS 0x0000000084d00000| PB 0x0000000084d00000| Untracked 
|  78|0x0000000084e00000, 0x0000000084e00000, 0x0000000084f00000|  0%| F|  |TAMS 0x0000000084e00000| PB 0x0000000084e00000| Untracked 
|  79|0x0000000084f00000, 0x0000000084f83108, 0x0000000085000000| 51%| S|CS|TAMS 0x0000000084f00000| PB 0x0000000084f00000| Complete 
|  80|0x0000000085000000, 0x0000000085100000, 0x0000000085100000|100%|HS|  |TAMS 0x0000000085100000| PB 0x0000000085000000| Complete 
|  81|0x0000000085100000, 0x0000000085200000, 0x0000000085200000|100%|HC|  |TAMS 0x0000000085200000| PB 0x0000000085100000| Complete 
|  82|0x0000000085200000, 0x0000000085300000, 0x0000000085300000|100%|HC|  |TAMS 0x0000000085300000| PB 0x0000000085200000| Complete 
|  83|0x0000000085300000, 0x0000000085400000, 0x0000000085400000|100%|HC|  |TAMS 0x0000000085400000| PB 0x0000000085300000| Complete 
|  84|0x0000000085400000, 0x0000000085500000, 0x0000000085500000|100%|HC|  |TAMS 0x0000000085500000| PB 0x0000000085400000| Complete 
|  85|0x0000000085500000, 0x0000000085600000, 0x0000000085600000|100%|HC|  |TAMS 0x0000000085600000| PB 0x0000000085500000| Complete 
|  86|0x0000000085600000, 0x0000000085700000, 0x0000000085700000|100%|HS|  |TAMS 0x0000000085700000| PB 0x0000000085600000| Complete 
|  87|0x0000000085700000, 0x0000000085800000, 0x0000000085800000|100%|HC|  |TAMS 0x0000000085800000| PB 0x0000000085700000| Complete 
|  88|0x0000000085800000, 0x0000000085900000, 0x0000000085900000|100%|HC|  |TAMS 0x0000000085900000| PB 0x0000000085800000| Complete 
|  89|0x0000000085900000, 0x0000000085a00000, 0x0000000085a00000|100%|HC|  |TAMS 0x0000000085a00000| PB 0x0000000085900000| Complete 
|  90|0x0000000085a00000, 0x0000000085b00000, 0x0000000085b00000|100%|HC|  |TAMS 0x0000000085b00000| PB 0x0000000085a00000| Complete 
|  91|0x0000000085b00000, 0x0000000085c00000, 0x0000000085c00000|100%|HC|  |TAMS 0x0000000085c00000| PB 0x0000000085b00000| Complete 
|  92|0x0000000085c00000, 0x0000000085d00000, 0x0000000085d00000|100%| S|CS|TAMS 0x0000000085c00000| PB 0x0000000085c00000| Complete 
|  93|0x0000000085d00000, 0x0000000085d00000, 0x0000000085e00000|  0%| F|  |TAMS 0x0000000085d00000| PB 0x0000000085d00000| Untracked 
|  94|0x0000000085e00000, 0x0000000085e00000, 0x0000000085f00000|  0%| F|  |TAMS 0x0000000085e00000| PB 0x0000000085e00000| Untracked 
|  95|0x0000000085f00000, 0x0000000085f00000, 0x0000000086000000|  0%| F|  |TAMS 0x0000000085f00000| PB 0x0000000085f00000| Untracked 
|  96|0x0000000086000000, 0x0000000086000000, 0x0000000086100000|  0%| F|  |TAMS 0x0000000086000000| PB 0x0000000086000000| Untracked 
|  97|0x0000000086100000, 0x0000000086100000, 0x0000000086200000|  0%| F|  |TAMS 0x0000000086100000| PB 0x0000000086100000| Untracked 
|  98|0x0000000086200000, 0x0000000086200000, 0x0000000086300000|  0%| F|  |TAMS 0x0000000086200000| PB 0x0000000086200000| Untracked 
|  99|0x0000000086300000, 0x0000000086300000, 0x0000000086400000|  0%| F|  |TAMS 0x0000000086300000| PB 0x0000000086300000| Untracked 
| 100|0x0000000086400000, 0x0000000086400000, 0x0000000086500000|  0%| F|  |TAMS 0x0000000086400000| PB 0x0000000086400000| Untracked 
| 101|0x0000000086500000, 0x0000000086500000, 0x0000000086600000|  0%| F|  |TAMS 0x0000000086500000| PB 0x0000000086500000| Untracked 
| 102|0x0000000086600000, 0x0000000086600000, 0x0000000086700000|  0%| F|  |TAMS 0x0000000086600000| PB 0x0000000086600000| Untracked 
| 103|0x0000000086700000, 0x0000000086700000, 0x0000000086800000|  0%| F|  |TAMS 0x0000000086700000| PB 0x0000000086700000| Untracked 
| 104|0x0000000086800000, 0x0000000086800000, 0x0000000086900000|  0%| F|  |TAMS 0x0000000086800000| PB 0x0000000086800000| Untracked 
| 105|0x0000000086900000, 0x0000000086900000, 0x0000000086a00000|  0%| F|  |TAMS 0x0000000086900000| PB 0x0000000086900000| Untracked 
| 106|0x0000000086a00000, 0x0000000086a00000, 0x0000000086b00000|  0%| F|  |TAMS 0x0000000086a00000| PB 0x0000000086a00000| Untracked 
| 107|0x0000000086b00000, 0x0000000086b00000, 0x0000000086c00000|  0%| F|  |TAMS 0x0000000086b00000| PB 0x0000000086b00000| Untracked 
| 108|0x0000000086c00000, 0x0000000086c00000, 0x0000000086d00000|  0%| F|  |TAMS 0x0000000086c00000| PB 0x0000000086c00000| Untracked 
| 109|0x0000000086d00000, 0x0000000086d00000, 0x0000000086e00000|  0%| F|  |TAMS 0x0000000086d00000| PB 0x0000000086d00000| Untracked 
| 110|0x0000000086e00000, 0x0000000086e00000, 0x0000000086f00000|  0%| F|  |TAMS 0x0000000086e00000| PB 0x0000000086e00000| Untracked 
| 111|0x0000000086f00000, 0x0000000086f00000, 0x0000000087000000|  0%| F|  |TAMS 0x0000000086f00000| PB 0x0000000086f00000| Untracked 
| 112|0x0000000087000000, 0x0000000087000000, 0x0000000087100000|  0%| F|  |TAMS 0x0000000087000000| PB 0x0000000087000000| Untracked 
| 113|0x0000000087100000, 0x0000000087100000, 0x0000000087200000|  0%| F|  |TAMS 0x0000000087100000| PB 0x0000000087100000| Untracked 
| 114|0x0000000087200000, 0x0000000087200000, 0x0000000087300000|  0%| F|  |TAMS 0x0000000087200000| PB 0x0000000087200000| Untracked 
| 115|0x0000000087300000, 0x0000000087300000, 0x0000000087400000|  0%| F|  |TAMS 0x0000000087300000| PB 0x0000000087300000| Untracked 
| 116|0x0000000087400000, 0x0000000087400000, 0x0000000087500000|  0%| F|  |TAMS 0x0000000087400000| PB 0x0000000087400000| Untracked 
| 117|0x0000000087500000, 0x0000000087500000, 0x0000000087600000|  0%| F|  |TAMS 0x0000000087500000| PB 0x0000000087500000| Untracked 
| 118|0x0000000087600000, 0x0000000087600000, 0x0000000087700000|  0%| F|  |TAMS 0x0000000087600000| PB 0x0000000087600000| Untracked 
| 119|0x0000000087700000, 0x0000000087700000, 0x0000000087800000|  0%| F|  |TAMS 0x0000000087700000| PB 0x0000000087700000| Untracked 
| 120|0x0000000087800000, 0x0000000087800000, 0x0000000087900000|  0%| F|  |TAMS 0x0000000087800000| PB 0x0000000087800000| Untracked 
| 121|0x0000000087900000, 0x0000000087900000, 0x0000000087a00000|  0%| F|  |TAMS 0x0000000087900000| PB 0x0000000087900000| Untracked 
| 122|0x0000000087a00000, 0x0000000087a00000, 0x0000000087b00000|  0%| F|  |TAMS 0x0000000087a00000| PB 0x0000000087a00000| Untracked 
| 123|0x0000000087b00000, 0x0000000087b00000, 0x0000000087c00000|  0%| F|  |TAMS 0x0000000087b00000| PB 0x0000000087b00000| Untracked 
| 124|0x0000000087c00000, 0x0000000087c00000, 0x0000000087d00000|  0%| F|  |TAMS 0x0000000087c00000| PB 0x0000000087c00000| Untracked 
| 125|0x0000000087d00000, 0x0000000087d00000, 0x0000000087e00000|  0%| F|  |TAMS 0x0000000087d00000| PB 0x0000000087d00000| Untracked 
| 126|0x0000000087e00000, 0x0000000087e833b0, 0x0000000087f00000| 51%| E|  |TAMS 0x0000000087e00000| PB 0x0000000087e00000| Complete 
|2038|0x00000000ff600000, 0x00000000ff700000, 0x00000000ff700000|100%| O|  |TAMS 0x00000000ff6e0590| PB 0x00000000ff6e0590| Updating 
|2039|0x00000000ff700000, 0x00000000ff800000, 0x00000000ff800000|100%| O|  |TAMS 0x00000000ff800000| PB 0x00000000ff800000| Updating 
|2040|0x00000000ff800000, 0x00000000ff900000, 0x00000000ff900000|100%| O|  |TAMS 0x00000000ff900000| PB 0x00000000ff900000| Untracked 
|2041|0x00000000ff900000, 0x00000000ffa00000, 0x00000000ffa00000|100%| O|  |TAMS 0x00000000ffa00000| PB 0x00000000ffa00000| Untracked 
|2042|0x00000000ffa00000, 0x00000000ffb00000, 0x00000000ffb00000|100%| O|  |TAMS 0x00000000ffb00000| PB 0x00000000ffb00000| Untracked 
|2043|0x00000000ffb00000, 0x00000000ffc00000, 0x00000000ffc00000|100%| O|  |TAMS 0x00000000ffc00000| PB 0x00000000ffc00000| Untracked 
|2044|0x00000000ffc00000, 0x00000000ffd00000, 0x00000000ffd00000|100%| E|CS|TAMS 0x00000000ffc00000| PB 0x00000000ffc00000| Complete 
|2045|0x00000000ffd00000, 0x00000000ffe00000, 0x00000000ffe00000|100%| O|  |TAMS 0x00000000ffe00000| PB 0x00000000ffe00000| Untracked 
|2046|0x00000000ffe00000, 0x00000000fff00000, 0x00000000fff00000|100%| O|  |TAMS 0x00000000fff00000| PB 0x00000000fff00000| Untracked 
|2047|0x00000000fff00000, 0x0000000100000000, 0x0000000100000000|100%| O|  |TAMS 0x0000000100000000| PB 0x0000000100000000| Untracked 

Card table byte_map: [0x0000027054b70000,0x0000027054f70000] _byte_map_base: 0x0000027054770000

Marking Bits: (CMBitMap*) 0x0000027042343070
 Bits: [0x0000027054f70000, 0x0000027056f70000)

Polling page: 0x0000027040100000

Metaspace:

Usage:
  Non-class:     52.10 MB used.
      Class:      8.46 MB used.
       Both:     60.56 MB used.

Virtual space:
  Non-class space:       64.00 MB reserved,      52.94 MB ( 83%) committed,  1 nodes.
      Class space:        1.00 GB reserved,       9.25 MB ( <1%) committed,  1 nodes.
             Both:        1.06 GB reserved,      62.19 MB (  6%) committed. 

Chunk freelists:
   Non-Class:  10.89 MB
       Class:  6.73 MB
        Both:  17.62 MB

MaxMetaspaceSize: unlimited
CompressedClassSpaceSize: 1.00 GB
Initial GC threshold: 21.00 MB
Current GC threshold: 89.62 MB
CDS: off
 - commit_granule_bytes: 65536.
 - commit_granule_words: 8192.
 - virtual_space_node_default_size: 8388608.
 - enlarge_chunks_in_place: 1.
 - use_allocation_guard: 0.


Internal statistics:

num_allocs_failed_limit: 6.
num_arena_births: 3052.
num_arena_deaths: 0.
num_vsnodes_births: 2.
num_vsnodes_deaths: 0.
num_space_committed: 995.
num_space_uncommitted: 0.
num_chunks_returned_to_freelist: 6.
num_chunks_taken_from_freelist: 5587.
num_chunk_merges: 3.
num_chunk_splits: 3585.
num_chunks_enlarged: 2171.
num_inconsistent_stats: 0.

CodeHeap 'non-profiled nmethods': size=120000Kb used=2714Kb max_used=2859Kb free=117285Kb
 bounds [0x000002704cf10000, 0x000002704d1e0000, 0x0000027054440000]
CodeHeap 'profiled nmethods': size=120000Kb used=9799Kb max_used=10531Kb free=110200Kb
 bounds [0x0000027045440000, 0x0000027045e90000, 0x000002704c970000]
CodeHeap 'non-nmethods': size=5760Kb used=2706Kb max_used=2745Kb free=3053Kb
 bounds [0x000002704c970000, 0x000002704cc30000, 0x000002704cf10000]
CodeCache: size=245760Kb, used=15219Kb, max_used=16135Kb, free=230538Kb
 total_blobs=6059, nmethods=5200, adapters=763, full_count=0
Compilation: enabled, stopped_count=0, restarted_count=0

Compilation events (20 events):
Event: 8.949 Thread 0x0000027059bd90a0 6140       3       sun.reflect.generics.parser.SignatureParser::parseTypeVariableSignature (95 bytes)
Event: 8.950 Thread 0x0000027059bd90a0 nmethod 6140 0x0000027045e7f510 code [0x0000027045e7f7e0, 0x0000027045e80228]
Event: 8.950 Thread 0x0000027059bd90a0 6141       3       org.objectweb.asm.SymbolTable::addConstantIntegerOrFloat (100 bytes)
Event: 8.951 Thread 0x0000027059bd90a0 nmethod 6141 0x0000027045e80690 code [0x0000027045e808a0, 0x0000027045e80dc8]
Event: 8.952 Thread 0x0000027059bd90a0 6142       3       org.gradle.internal.instantiation.generator.DependencyInjectingInstantiator::verifyParameters (175 bytes)
Event: 8.953 Thread 0x0000027059bd90a0 nmethod 6142 0x0000027045e81090 code [0x0000027045e813e0, 0x0000027045e825b0]
Event: 8.967 Thread 0x0000027059bd90a0 6146       3       org.gradle.api.internal.GeneratedSubclasses::unpack (14 bytes)
Event: 8.968 Thread 0x0000027059bd90a0 nmethod 6146 0x0000027045e82c90 code [0x0000027045e82f40, 0x0000027045e83a60]
Event: 8.968 Thread 0x0000027059bd90a0 6147       3       org.gradle.api.internal.GeneratedSubclasses::isGeneratedType (7 bytes)
Event: 8.968 Thread 0x0000027059bd90a0 nmethod 6147 0x0000027045e83f90 code [0x0000027045e84140, 0x0000027045e84270]
Event: 8.968 Thread 0x0000027059bd90a0 6148       3       com.google.common.collect.ImmutableSet$Builder::<init> (6 bytes)
Event: 8.969 Thread 0x0000027059bd90a0 nmethod 6148 0x0000027045e84310 code [0x0000027045e844e0, 0x0000027045e847d8]
Event: 8.969 Thread 0x0000027059bd90a0 6149       3       java.util.stream.Collectors$$Lambda/0x000000010017a3c0::get (8 bytes)
Event: 8.969 Thread 0x0000027059bd90a0 nmethod 6149 0x0000027045e84910 code [0x0000027045e84ae0, 0x0000027045e84e20]
Event: 8.993 Thread 0x0000027059bd90a0 6150   !   3       java.util.concurrent.LinkedBlockingQueue::poll (128 bytes)
Event: 8.994 Thread 0x0000027059bd90a0 nmethod 6150 0x0000027045e84f90 code [0x0000027045e853c0, 0x0000027045e870b8]
Event: 9.011 Thread 0x0000027059bd90a0 6151   !   3       java.io.NioChannelCleanable::performCleanup (24 bytes)
Event: 9.012 Thread 0x0000027059bd90a0 nmethod 6151 0x0000027045e87d90 code [0x0000027045e87f60, 0x0000027045e882c0]
Event: 9.024 Thread 0x0000027059bd90a0 6152       3       java.lang.ThreadLocal$ThreadLocalMap::remove (68 bytes)
Event: 9.024 Thread 0x0000027059bd90a0 nmethod 6152 0x0000027045e88410 code [0x0000027045e88620, 0x0000027045e88bc8]

GC Heap History (20 events):
Event: 4.924 GC heap before
{Heap before GC invocations=9 (full 0):
 garbage-first heap   total 73728K, used 33545K [0x0000000080000000, 0x0000000100000000)
  region size 1024K, 13 young (13312K), 4 survivors (4096K)
 Metaspace       used 35304K, committed 36096K, reserved 1114112K
  class space    used 4917K, committed 5312K, reserved 1048576K
}
Event: 4.929 GC heap after
{Heap after GC invocations=10 (full 0):
 garbage-first heap   total 73728K, used 26112K [0x0000000080000000, 0x0000000100000000)
  region size 1024K, 3 young (3072K), 3 survivors (3072K)
 Metaspace       used 35304K, committed 36096K, reserved 1114112K
  class space    used 4917K, committed 5312K, reserved 1048576K
}
Event: 5.364 GC heap before
{Heap before GC invocations=11 (full 0):
 garbage-first heap   total 73728K, used 72192K [0x0000000080000000, 0x0000000100000000)
  region size 1024K, 21 young (21504K), 3 survivors (3072K)
 Metaspace       used 36802K, committed 37696K, reserved 1114112K
  class space    used 5186K, committed 5568K, reserved 1048576K
}
Event: 5.371 GC heap after
{Heap after GC invocations=12 (full 0):
 garbage-first heap   total 82944K, used 60970K [0x0000000080000000, 0x0000000100000000)
  region size 1024K, 5 young (5120K), 5 survivors (5120K)
 Metaspace       used 36802K, committed 37696K, reserved 1114112K
  class space    used 5186K, committed 5568K, reserved 1048576K
}
Event: 5.530 GC heap before
{Heap before GC invocations=12 (full 0):
 garbage-first heap   total 82944K, used 72234K [0x0000000080000000, 0x0000000100000000)
  region size 1024K, 16 young (16384K), 5 survivors (5120K)
 Metaspace       used 38312K, committed 39232K, reserved 1114112K
  class space    used 5383K, committed 5824K, reserved 1048576K
}
Event: 5.533 GC heap after
{Heap after GC invocations=13 (full 0):
 garbage-first heap   total 82944K, used 60804K [0x0000000080000000, 0x0000000100000000)
  region size 1024K, 1 young (1024K), 1 survivors (1024K)
 Metaspace       used 38312K, committed 39232K, reserved 1114112K
  class space    used 5383K, committed 5824K, reserved 1048576K
}
Event: 5.790 GC heap before
{Heap before GC invocations=13 (full 0):
 garbage-first heap   total 82944K, used 74116K [0x0000000080000000, 0x0000000100000000)
  region size 1024K, 14 young (14336K), 1 survivors (1024K)
 Metaspace       used 40276K, committed 41152K, reserved 1114112K
  class space    used 5708K, committed 6144K, reserved 1048576K
}
Event: 5.794 GC heap after
{Heap after GC invocations=14 (full 0):
 garbage-first heap   total 82944K, used 61548K [0x0000000080000000, 0x0000000100000000)
  region size 1024K, 2 young (2048K), 2 survivors (2048K)
 Metaspace       used 40276K, committed 41152K, reserved 1114112K
  class space    used 5708K, committed 6144K, reserved 1048576K
}
Event: 6.053 GC heap before
{Heap before GC invocations=15 (full 0):
 garbage-first heap   total 106496K, used 72812K [0x0000000080000000, 0x0000000100000000)
  region size 1024K, 13 young (13312K), 2 survivors (2048K)
 Metaspace       used 42177K, committed 43136K, reserved 1114112K
  class space    used 5937K, committed 6400K, reserved 1048576K
}
Event: 6.056 GC heap after
{Heap after GC invocations=16 (full 0):
 garbage-first heap   total 128000K, used 62678K [0x0000000080000000, 0x0000000100000000)
  region size 1024K, 2 young (2048K), 2 survivors (2048K)
 Metaspace       used 42177K, committed 43136K, reserved 1114112K
  class space    used 5937K, committed 6400K, reserved 1048576K
}
Event: 6.749 GC heap before
{Heap before GC invocations=16 (full 0):
 garbage-first heap   total 128000K, used 116950K [0x0000000080000000, 0x0000000100000000)
  region size 1024K, 51 young (52224K), 2 survivors (2048K)
 Metaspace       used 48457K, committed 49536K, reserved 1114112K
  class space    used 6584K, committed 7104K, reserved 1048576K
}
Event: 6.754 GC heap after
{Heap after GC invocations=17 (full 0):
 garbage-first heap   total 128000K, used 67197K [0x0000000080000000, 0x0000000100000000)
  region size 1024K, 7 young (7168K), 7 survivors (7168K)
 Metaspace       used 48457K, committed 49536K, reserved 1114112K
  class space    used 6584K, committed 7104K, reserved 1048576K
}
Event: 7.382 GC heap before
{Heap before GC invocations=17 (full 0):
 garbage-first heap   total 128000K, used 111229K [0x0000000080000000, 0x0000000100000000)
  region size 1024K, 50 young (51200K), 7 survivors (7168K)
 Metaspace       used 53508K, committed 54912K, reserved 1114112K
  class space    used 7428K, committed 8064K, reserved 1048576K
}
Event: 7.387 GC heap after
{Heap after GC invocations=18 (full 0):
 garbage-first heap   total 128000K, used 70312K [0x0000000080000000, 0x0000000100000000)
  region size 1024K, 4 young (4096K), 4 survivors (4096K)
 Metaspace       used 53508K, committed 54912K, reserved 1114112K
  class space    used 7428K, committed 8064K, reserved 1048576K
}
Event: 8.200 GC heap before
{Heap before GC invocations=19 (full 0):
 garbage-first heap   total 128000K, used 114344K [0x0000000080000000, 0x0000000100000000)
  region size 1024K, 46 young (47104K), 4 survivors (4096K)
 Metaspace       used 57760K, committed 59264K, reserved 1114112K
  class space    used 8165K, committed 8896K, reserved 1048576K
}
Event: 8.205 GC heap after
{Heap after GC invocations=20 (full 0):
 garbage-first heap   total 128000K, used 76551K [0x0000000080000000, 0x0000000100000000)
  region size 1024K, 6 young (6144K), 6 survivors (6144K)
 Metaspace       used 57760K, committed 59264K, reserved 1114112K
  class space    used 8165K, committed 8896K, reserved 1048576K
}
Event: 8.729 GC heap before
{Heap before GC invocations=20 (full 0):
 garbage-first heap   total 128000K, used 126727K [0x0000000080000000, 0x0000000100000000)
  region size 1024K, 40 young (40960K), 6 survivors (6144K)
 Metaspace       used 60526K, committed 62144K, reserved 1114112K
  class space    used 8427K, committed 9216K, reserved 1048576K
}
Event: 8.735 GC heap after
{Heap after GC invocations=21 (full 0):
 garbage-first heap   total 140288K, used 95228K [0x0000000080000000, 0x0000000100000000)
  region size 1024K, 6 young (6144K), 6 survivors (6144K)
 Metaspace       used 60526K, committed 62144K, reserved 1114112K
  class space    used 8427K, committed 9216K, reserved 1048576K
}
Event: 9.004 GC heap before
{Heap before GC invocations=21 (full 0):
 garbage-first heap   total 140288K, used 124924K [0x0000000080000000, 0x0000000100000000)
  region size 1024K, 35 young (35840K), 6 survivors (6144K)
 Metaspace       used 61818K, committed 63424K, reserved 1114112K
  class space    used 8632K, committed 9408K, reserved 1048576K
}
Event: 9.008 GC heap after
{Heap after GC invocations=22 (full 0):
 garbage-first heap   total 140288K, used 96313K [0x0000000080000000, 0x0000000100000000)
  region size 1024K, 2 young (2048K), 2 survivors (2048K)
 Metaspace       used 61818K, committed 63424K, reserved 1114112K
  class space    used 8632K, committed 9408K, reserved 1048576K
}

Dll operation events (3 events):
Event: 0.033 Loaded shared library C:\Program Files\Android\Android Studio\jbr\bin\java.dll
Event: 0.043 Loaded shared library C:\Program Files\Android\Android Studio\jbr\bin\zip.dll
Event: 1.000 Loaded shared library C:\Program Files\Android\Android Studio\jbr\bin\verify.dll

Deoptimization events (20 events):
Event: 8.713 Thread 0x000002705f9edcc0 DEOPT PACKING pc=0x000002704d06ab3c sp=0x00000090c10f7d40
Event: 8.713 Thread 0x000002705f9edcc0 DEOPT UNPACKING pc=0x000002704c9c46a2 sp=0x00000090c10f7cd8 mode 2
Event: 8.713 Thread 0x000002705f9edcc0 DEOPT PACKING pc=0x000002704589e85e sp=0x00000090c10f7c40
Event: 8.713 Thread 0x000002705f9edcc0 DEOPT UNPACKING pc=0x000002704c9c4e42 sp=0x00000090c10f7128 mode 0
Event: 8.714 Thread 0x000002705f9edcc0 Uncommon trap: trap_request=0xffffffc6 fr.pc=0x000002704d06ab3c relative=0x000000000000025c
Event: 8.714 Thread 0x000002705f9edcc0 Uncommon trap: reason=bimorphic_or_optimized_type_check action=maybe_recompile pc=0x000002704d06ab3c method=java.util.regex.Pattern$BmpCharProperty.match(Ljava/util/regex/Matcher;ILjava/lang/CharSequence;)Z @ 19 c2
Event: 8.714 Thread 0x000002705f9edcc0 DEOPT PACKING pc=0x000002704d06ab3c sp=0x00000090c10f7ba0
Event: 8.714 Thread 0x000002705f9edcc0 DEOPT UNPACKING pc=0x000002704c9c46a2 sp=0x00000090c10f7b38 mode 2
Event: 8.716 Thread 0x000002705f9edcc0 Uncommon trap: trap_request=0xffffffc6 fr.pc=0x000002704d06ab3c relative=0x000000000000025c
Event: 8.716 Thread 0x000002705f9edcc0 Uncommon trap: reason=bimorphic_or_optimized_type_check action=maybe_recompile pc=0x000002704d06ab3c method=java.util.regex.Pattern$BmpCharProperty.match(Ljava/util/regex/Matcher;ILjava/lang/CharSequence;)Z @ 19 c2
Event: 8.716 Thread 0x000002705f9edcc0 DEOPT PACKING pc=0x000002704d06ab3c sp=0x00000090c10f7ba0
Event: 8.716 Thread 0x000002705f9edcc0 DEOPT UNPACKING pc=0x000002704c9c46a2 sp=0x00000090c10f7b38 mode 2
Event: 8.717 Thread 0x000002705f9edcc0 Uncommon trap: trap_request=0xffffffc6 fr.pc=0x000002704d06ab3c relative=0x000000000000025c
Event: 8.717 Thread 0x000002705f9edcc0 Uncommon trap: reason=bimorphic_or_optimized_type_check action=maybe_recompile pc=0x000002704d06ab3c method=java.util.regex.Pattern$BmpCharProperty.match(Ljava/util/regex/Matcher;ILjava/lang/CharSequence;)Z @ 19 c2
Event: 8.717 Thread 0x000002705f9edcc0 DEOPT PACKING pc=0x000002704d06ab3c sp=0x00000090c10f7ba0
Event: 8.717 Thread 0x000002705f9edcc0 DEOPT UNPACKING pc=0x000002704c9c46a2 sp=0x00000090c10f7b38 mode 2
Event: 8.719 Thread 0x000002705f9edcc0 DEOPT PACKING pc=0x000002704589e85e sp=0x00000090c10f7aa0
Event: 8.719 Thread 0x000002705f9edcc0 DEOPT UNPACKING pc=0x000002704c9c4e42 sp=0x00000090c10f6f88 mode 0
Event: 8.832 Thread 0x000002705fba1e30 DEOPT PACKING pc=0x0000027045cffcb6 sp=0x00000090c17fe450
Event: 8.832 Thread 0x000002705fba1e30 DEOPT UNPACKING pc=0x000002704c9c4e42 sp=0x00000090c17fd9c0 mode 0

Classes loaded (20 events):
Event: 8.396 Loading class java/lang/ClassCustomizer
Event: 8.396 Loading class java/lang/ClassCustomizer done
Event: 8.397 Loading class sun/reflect/generics/tree/BooleanSignature
Event: 8.397 Loading class sun/reflect/generics/tree/BooleanSignature done
Event: 8.397 Loading class sun/reflect/generics/reflectiveObjects/GenericArrayTypeImpl
Event: 8.398 Loading class sun/reflect/generics/reflectiveObjects/GenericArrayTypeImpl done
Event: 8.400 Loading class jdk/internal/vm/annotation/ForceInline
Event: 8.400 Loading class jdk/internal/vm/annotation/ForceInline done
Event: 8.603 Loading class java/util/BitSet$1BitSetSpliterator
Event: 8.604 Loading class java/util/BitSet$1BitSetSpliterator done
Event: 8.632 Loading class java/util/Collections$SynchronizedRandomAccessList
Event: 8.632 Loading class java/util/Collections$SynchronizedList
Event: 8.633 Loading class java/util/Collections$SynchronizedList done
Event: 8.633 Loading class java/util/Collections$SynchronizedRandomAccessList done
Event: 8.904 Loading class java/util/concurrent/atomic/AtomicReferenceFieldUpdater
Event: 8.904 Loading class java/util/concurrent/atomic/AtomicReferenceFieldUpdater done
Event: 8.904 Loading class java/util/concurrent/atomic/AtomicReferenceFieldUpdater$AtomicReferenceFieldUpdaterImpl
Event: 8.904 Loading class java/util/concurrent/atomic/AtomicReferenceFieldUpdater$AtomicReferenceFieldUpdaterImpl done
Event: 8.904 Loading class java/util/concurrent/atomic/AtomicReferenceFieldUpdater$AtomicReferenceFieldUpdaterImpl$1
Event: 8.904 Loading class java/util/concurrent/atomic/AtomicReferenceFieldUpdater$AtomicReferenceFieldUpdaterImpl$1 done

Classes unloaded (0 events):
No events

Classes redefined (0 events):
No events

Internal exceptions (20 events):
Event: 8.416 Thread 0x000002705f9edcc0 Exception <a 'java/lang/ClassNotFoundException'{0x0000000086dd5560}: org/gradle/internal/service/DefaultServiceRegistryCustomizer> (0x0000000086dd5560) 
thrown [s\src\hotspot\share\classfile\systemDictionary.cpp, line 312]
Event: 8.417 Thread 0x000002705f9edcc0 Exception <a 'java/lang/ClassNotFoundException'{0x0000000086df8570}: org/gradle/internal/service/ScopedServiceRegistryCustomizer> (0x0000000086df8570) 
thrown [s\src\hotspot\share\classfile\systemDictionary.cpp, line 312]
Event: 8.419 Thread 0x000002705f9edcc0 Exception <a 'java/lang/ClassNotFoundException'{0x0000000086c43d50}: org/gradle/internal/extensibility/DefaultConventionBeanInfo> (0x0000000086c43d50) 
thrown [s\src\hotspot\share\classfile\systemDictionary.cpp, line 312]
Event: 8.419 Thread 0x000002705f9edcc0 Exception <a 'java/lang/ClassNotFoundException'{0x0000000086c58760}: org/gradle/internal/extensibility/DefaultConventionCustomizer> (0x0000000086c58760) 
thrown [s\src\hotspot\share\classfile\systemDictionary.cpp, line 312]
Event: 8.432 Thread 0x000002705f9edcc0 Exception <a 'java/lang/ClassNotFoundException'{0x0000000086cf28c0}: com/intellij/gradle/toolingExtension/impl/modelBuilder/ExtraModelBuilderBeanInfo> (0x0000000086cf28c0) 
thrown [s\src\hotspot\share\classfile\systemDictionary.cpp, line 312]
Event: 8.433 Thread 0x000002705f9edcc0 Exception <a 'java/lang/ClassNotFoundException'{0x0000000086cfe340}: com/intellij/gradle/toolingExtension/impl/modelBuilder/ExtraModelBuilderCustomizer> (0x0000000086cfe340) 
thrown [s\src\hotspot\share\classfile\systemDictionary.cpp, line 312]
Event: 8.610 Thread 0x000002705f9edcc0 Exception <a 'java/lang/IncompatibleClassChangeError'{0x0000000086183270}: Found class java.lang.Object, but interface was expected> (0x0000000086183270) 
thrown [s\src\hotspot\share\interpreter\linkResolver.cpp, line 851]
Event: 8.615 Thread 0x000002705f9edcc0 Exception <a 'sun/nio/fs/WindowsException'{0x00000000861c3bc0}> (0x00000000861c3bc0) 
thrown [s\src\hotspot\share\prims\jni.cpp, line 537]
Event: 8.616 Thread 0x000002705f9edcc0 Exception <a 'sun/nio/fs/WindowsException'{0x00000000861c53d8}> (0x00000000861c53d8) 
thrown [s\src\hotspot\share\prims\jni.cpp, line 537]
Event: 8.617 Thread 0x000002705f9edcc0 Exception <a 'sun/nio/fs/WindowsException'{0x00000000861c6bb0}> (0x00000000861c6bb0) 
thrown [s\src\hotspot\share\prims\jni.cpp, line 537]
Event: 8.620 Thread 0x000002705f9edcc0 Exception <a 'sun/nio/fs/WindowsException'{0x00000000861c8398}> (0x00000000861c8398) 
thrown [s\src\hotspot\share\prims\jni.cpp, line 537]
Event: 8.622 Thread 0x000002705f9edcc0 Exception <a 'java/lang/NoSuchMethodError'{0x00000000861dceb0}: 'java.lang.Object java.lang.invoke.Invokers$Holder.invoker(java.lang.Object, java.lang.Object, java.lang.Object, java.lang.Object, java.lang.Object, java.lang.Object)'> (0x00000000861dceb0) 
thrown [s\src\hotspot\share\interpreter\linkResolver.cpp, line 784]
Event: 8.648 Thread 0x000002705f9edcc0 Exception <a 'java/lang/NoSuchMethodError'{0x00000000860ec8a0}: 'java.lang.Object java.lang.invoke.DirectMethodHandle$Holder.invokeSpecial(java.lang.Object, java.lang.Object, java.lang.Object, java.lang.Object, java.lang.Object, java.lang.Object, java.lang.Object, java.lang.Object, java.lang.Object, java.lang.Object, java.lang.Object, java.lang.Object, java.lang.Object, java.lang.Object, java.lang.Object, java.lang.Object, java.lang.Object, java.lang.Object, java.lang.Object, java.lang.Object, java.lang.Ob
Event: 8.649 Thread 0x000002705f9edcc0 Exception <a 'java/lang/NoSuchMethodError'{0x00000000860f2bb8}: 'java.lang.Object java.lang.invoke.DelegatingMethodHandle$Holder.reinvoke_L(java.lang.Object, java.lang.Object, java.lang.Object, java.lang.Object, java.lang.Object, java.lang.Object, java.lang.Object, java.lang.Object, java.lang.Object, java.lang.Object, java.lang.Object, java.lang.Object, java.lang.Object, java.lang.Object, java.lang.Object, java.lang.Object, java.lang.Object, java.lang.Object, java.lang.Object, java.lang.Object, java.lang.O
Event: 8.649 Thread 0x000002705f9edcc0 Exception <a 'java/lang/NoSuchMethodError'{0x00000000860fdf60}: 'java.lang.Object java.lang.invoke.Invokers$Holder.invoker(java.lang.Object, java.lang.Object, java.lang.Object, java.lang.Object, java.lang.Object, java.lang.Object, java.lang.Object, java.lang.Object, java.lang.Object, java.lang.Object, java.lang.Object, java.lang.Object, java.lang.Object, java.lang.Object, java.lang.Object, java.lang.Object, java.lang.Object, java.lang.Object, java.lang.Object, java.lang.Object, java.lang.Object, java.lang.
Event: 8.649 Thread 0x000002705f9edcc0 Exception <a 'java/lang/NoSuchMethodError'{0x0000000085f04dc8}: 'java.lang.Object java.lang.invoke.DelegatingMethodHandle$Holder.delegate(java.lang.Object, java.lang.Object, java.lang.Object, java.lang.Object, java.lang.Object, java.lang.Object, java.lang.Object, java.lang.Object, java.lang.Object, java.lang.Object, java.lang.Object, java.lang.Object, java.lang.Object, java.lang.Object, java.lang.Object, java.lang.Object, java.lang.Object, java.lang.Object, java.lang.Object, java.lang.Object, java.lang.Obj
Event: 8.952 Thread 0x000002705f9edcc0 Exception <a 'java/lang/NoSuchMethodError'{0x00000000860a95d0}: 'java.lang.Object java.lang.invoke.DirectMethodHandle$Holder.newInvokeSpecial(java.lang.Object, java.lang.Object, java.lang.Object, java.lang.Object, java.lang.Object, java.lang.Object, java.lang.Object, java.lang.Object, java.lang.Object, java.lang.Object, java.lang.Object, java.lang.Object, java.lang.Object, java.lang.Object, java.lang.Object, java.lang.Object, java.lang.Object, java.lang.Object, java.lang.Object)'> (0x00000000860a95d0) 
thr
Event: 8.952 Thread 0x000002705f9edcc0 Exception <a 'java/lang/NoSuchMethodError'{0x00000000860b0498}: 'java.lang.Object java.lang.invoke.DirectMethodHandle$Holder.invokeSpecial(java.lang.Object, java.lang.Object, java.lang.Object, java.lang.Object, java.lang.Object, java.lang.Object, java.lang.Object, java.lang.Object, java.lang.Object, java.lang.Object, java.lang.Object, java.lang.Object, java.lang.Object, java.lang.Object, java.lang.Object, java.lang.Object, java.lang.Object, java.lang.Object, java.lang.Object, java.lang.Object)'> (0x0000000
Event: 8.952 Thread 0x000002705f9edcc0 Exception <a 'java/lang/NoSuchMethodError'{0x00000000860b5f98}: 'java.lang.Object java.lang.invoke.DelegatingMethodHandle$Holder.reinvoke_L(java.lang.Object, java.lang.Object, java.lang.Object, java.lang.Object, java.lang.Object, java.lang.Object, java.lang.Object, java.lang.Object, java.lang.Object, java.lang.Object, java.lang.Object, java.lang.Object, java.lang.Object, java.lang.Object, java.lang.Object, java.lang.Object, java.lang.Object, java.lang.Object, java.lang.Object)'> (0x00000000860b5f98) 
throw
Event: 8.963 Thread 0x000002705f9edcc0 Exception <a 'java/lang/IncompatibleClassChangeError'{0x0000000085f85518}: Found class java.lang.Object, but interface was expected> (0x0000000085f85518) 
thrown [s\src\hotspot\share\interpreter\linkResolver.cpp, line 851]

ZGC Phase Switch (0 events):
No events

VM Operations (20 events):
Event: 7.423 Executing VM operation: G1PauseCleanup done
Event: 7.429 Executing VM operation: HandshakeAllThreads (Deoptimize)
Event: 7.430 Executing VM operation: HandshakeAllThreads (Deoptimize) done
Event: 7.669 Executing VM operation: HandshakeAllThreads (Deoptimize)
Event: 7.669 Executing VM operation: HandshakeAllThreads (Deoptimize) done
Event: 7.772 Executing VM operation: HandshakeAllThreads (Deoptimize)
Event: 7.772 Executing VM operation: HandshakeAllThreads (Deoptimize) done
Event: 8.087 Executing VM operation: ICBufferFull
Event: 8.087 Executing VM operation: ICBufferFull done
Event: 8.200 Executing VM operation: G1CollectForAllocation (G1 Evacuation Pause)
Event: 8.205 Executing VM operation: G1CollectForAllocation (G1 Evacuation Pause) done
Event: 8.413 Executing VM operation: HandshakeAllThreads (Deoptimize)
Event: 8.413 Executing VM operation: HandshakeAllThreads (Deoptimize) done
Event: 8.606 Executing VM operation: ICBufferFull
Event: 8.606 Executing VM operation: ICBufferFull done
Event: 8.729 Executing VM operation: G1CollectForAllocation (G1 Evacuation Pause)
Event: 8.735 Executing VM operation: G1CollectForAllocation (G1 Evacuation Pause) done
Event: 9.004 Executing VM operation: G1CollectForAllocation (G1 Evacuation Pause)
Event: 9.009 Executing VM operation: G1CollectForAllocation (G1 Evacuation Pause) done
Event: 9.039 Executing VM operation: G1PauseRemark

Memory protections (0 events):
No events

Nmethod flushes (20 events):
Event: 9.045 Thread 0x0000027059b427e0 flushing  nmethod 0x00000270455ec790
Event: 9.045 Thread 0x0000027059b427e0 flushing  nmethod 0x00000270455ed390
Event: 9.045 Thread 0x0000027059b427e0 flushing  nmethod 0x000002704562bd90
Event: 9.045 Thread 0x0000027059b427e0 flushing  nmethod 0x000002704562ee10
Event: 9.045 Thread 0x0000027059b427e0 flushing  nmethod 0x000002704562fb90
Event: 9.045 Thread 0x0000027059b427e0 flushing  nmethod 0x0000027045631110
Event: 9.045 Thread 0x0000027059b427e0 flushing  nmethod 0x0000027045678190
Event: 9.045 Thread 0x0000027059b427e0 flushing  nmethod 0x0000027045679a90
Event: 9.045 Thread 0x0000027059b427e0 flushing  nmethod 0x000002704583e790
Event: 9.045 Thread 0x0000027059b427e0 flushing  nmethod 0x000002704583fe10
Event: 9.045 Thread 0x0000027059b427e0 flushing  nmethod 0x00000270459f9a10
Event: 9.045 Thread 0x0000027059b427e0 flushing  nmethod 0x0000027045aaf090
Event: 9.045 Thread 0x0000027059b427e0 flushing  nmethod 0x0000027045aaf410
Event: 9.045 Thread 0x0000027059b427e0 flushing  nmethod 0x0000027045ac8f10
Event: 9.045 Thread 0x0000027059b427e0 flushing  nmethod 0x0000027045ad1190
Event: 9.045 Thread 0x0000027059b427e0 flushing  nmethod 0x0000027045afd690
Event: 9.045 Thread 0x0000027059b427e0 flushing  nmethod 0x0000027045afdb90
Event: 9.045 Thread 0x0000027059b427e0 flushing  nmethod 0x0000027045b2fd10
Event: 9.045 Thread 0x0000027059b427e0 flushing  nmethod 0x0000027045b31590
Event: 9.045 Thread 0x0000027059b427e0 flushing  nmethod 0x0000027045b31910

Events (20 events):
Event: 7.149 Thread 0x000002705f9edcc0 Thread added: 0x000002706111a330
Event: 7.198 Thread 0x000002705f9edcc0 Thread added: 0x0000027061119ca0
Event: 7.814 Thread 0x000002705f9edcc0 Thread added: 0x0000027061117bd0
Event: 7.815 Thread 0x000002705f9edcc0 Thread added: 0x0000027061118260
Event: 7.874 Thread 0x000002705f9edcc0 Thread added: 0x00000270611188f0
Event: 7.877 Thread 0x000002705f9edcc0 Thread added: 0x000002706159c500
Event: 8.170 Thread 0x000002705f9edcc0 Thread added: 0x000002706159cb90
Event: 8.171 Thread 0x000002705f9edcc0 Thread added: 0x000002706159d220
Event: 8.171 Thread 0x000002705f9edcc0 Thread added: 0x000002706159aac0
Event: 8.171 Thread 0x000002705f9edcc0 Thread added: 0x000002706159be70
Event: 8.172 Thread 0x000002705f9edcc0 Thread added: 0x000002706159a430
Event: 8.174 Thread 0x000002705f9edcc0 Thread added: 0x000002706159d8b0
Event: 8.178 Thread 0x000002705f9edcc0 Thread added: 0x000002706159b150
Event: 8.207 Thread 0x000002705f9edcc0 Thread added: 0x000002706159b7e0
Event: 8.211 Thread 0x000002705f9edcc0 Thread added: 0x00000270615a0d30
Event: 8.212 Thread 0x000002705f9edcc0 Thread added: 0x000002706159f2f0
Event: 8.212 Thread 0x000002705f9edcc0 Thread added: 0x00000270615a0010
Event: 8.213 Thread 0x000002705f9edcc0 Thread added: 0x000002706159df40
Event: 8.213 Thread 0x000002705f9edcc0 Thread added: 0x000002706159f980
Event: 8.214 Thread 0x000002705f9edcc0 Thread added: 0x00000270615a06a0


Dynamic libraries:
0x00007ff65f7a0000 - 0x00007ff65f7aa000 	C:\Program Files\Android\Android Studio\jbr\bin\java.exe
0x00007ffa8c220000 - 0x00007ffa8c488000 	C:\WINDOWS\SYSTEM32\ntdll.dll
0x00007ffa8a960000 - 0x00007ffa8aa29000 	C:\WINDOWS\System32\KERNEL32.DLL
0x00007ffa89460000 - 0x00007ffa89852000 	C:\WINDOWS\System32\KERNELBASE.dll
0x00007ffa89d20000 - 0x00007ffa89e6b000 	C:\WINDOWS\System32\ucrtbase.dll
0x00007ffa77c20000 - 0x00007ffa77c3b000 	C:\Program Files\Android\Android Studio\jbr\bin\VCRUNTIME140.dll
0x00007ffa529c0000 - 0x00007ffa529d8000 	C:\Program Files\Android\Android Studio\jbr\bin\jli.dll
0x00007ffa89ff0000 - 0x00007ffa8a1b5000 	C:\WINDOWS\System32\USER32.dll
0x00007ffa898f0000 - 0x00007ffa89917000 	C:\WINDOWS\System32\win32u.dll
0x00007ffa8aaf0000 - 0x00007ffa8ab1b000 	C:\WINDOWS\System32\GDI32.dll
0x00007ffa89920000 - 0x00007ffa89a4d000 	C:\WINDOWS\System32\gdi32full.dll
0x00007ffa893b0000 - 0x00007ffa89453000 	C:\WINDOWS\System32\msvcp_win.dll
0x00007ffa669f0000 - 0x00007ffa66c83000 	C:\WINDOWS\WinSxS\amd64_microsoft.windows.common-controls_6595b64144ccf1df_6.0.26100.6899_none_3e0efeeae32e88c1\COMCTL32.dll
0x00007ffa8a400000 - 0x00007ffa8a4a9000 	C:\WINDOWS\System32\msvcrt.dll
0x00007ffa8a1c0000 - 0x00007ffa8a1ef000 	C:\WINDOWS\System32\IMM32.DLL
0x00007ffa85f50000 - 0x00007ffa85f5c000 	C:\Program Files\Android\Android Studio\jbr\bin\vcruntime140_1.dll
0x00007ffa38a30000 - 0x00007ffa38abd000 	C:\Program Files\Android\Android Studio\jbr\bin\msvcp140.dll
0x00007ff9feec0000 - 0x00007ff9ffb56000 	C:\Program Files\Android\Android Studio\jbr\bin\server\jvm.dll
0x00007ffa8b4d0000 - 0x00007ffa8b584000 	C:\WINDOWS\System32\ADVAPI32.dll
0x00007ffa8adf0000 - 0x00007ffa8ae96000 	C:\WINDOWS\System32\sechost.dll
0x00007ffa8aea0000 - 0x00007ffa8afb8000 	C:\WINDOWS\System32\RPCRT4.dll
0x00007ffa8ab30000 - 0x00007ffa8aba4000 	C:\WINDOWS\System32\WS2_32.dll
0x00007ffa89210000 - 0x00007ffa8926e000 	C:\WINDOWS\SYSTEM32\POWRPROF.dll
0x00007ffa81540000 - 0x00007ffa81575000 	C:\WINDOWS\SYSTEM32\WINMM.dll
0x00007ffa77140000 - 0x00007ffa7714b000 	C:\WINDOWS\SYSTEM32\VERSION.dll
0x00007ffa891f0000 - 0x00007ffa89204000 	C:\WINDOWS\SYSTEM32\UMPDC.dll
0x00007ffa88180000 - 0x00007ffa8819b000 	C:\WINDOWS\SYSTEM32\kernel.appcore.dll
0x00007ffa78a40000 - 0x00007ffa78a4a000 	C:\Program Files\Android\Android Studio\jbr\bin\jimage.dll
0x00007ffa86aa0000 - 0x00007ffa86ce2000 	C:\WINDOWS\SYSTEM32\DBGHELP.DLL
0x00007ffa8b690000 - 0x00007ffa8ba0b000 	C:\WINDOWS\System32\combase.dll
0x00007ffa8a200000 - 0x00007ffa8a2d7000 	C:\WINDOWS\System32\OLEAUT32.dll
0x00007ffa77fb0000 - 0x00007ffa77fec000 	C:\WINDOWS\SYSTEM32\dbgcore.DLL
0x00007ffa89c80000 - 0x00007ffa89d18000 	C:\WINDOWS\System32\bcryptPrimitives.dll
0x00007ffa53d20000 - 0x00007ffa53d2e000 	C:\Program Files\Android\Android Studio\jbr\bin\instrument.dll
0x00007ffa77470000 - 0x00007ffa77490000 	C:\Program Files\Android\Android Studio\jbr\bin\java.dll
0x00007ffa73210000 - 0x00007ffa73228000 	C:\Program Files\Android\Android Studio\jbr\bin\zip.dll
0x00007ffa8ba10000 - 0x00007ffa8c15d000 	C:\WINDOWS\System32\SHELL32.dll
0x00007ffa89b10000 - 0x00007ffa89c7b000 	C:\WINDOWS\System32\wintypes.dll
0x00007ffa87020000 - 0x00007ffa8787d000 	C:\WINDOWS\SYSTEM32\windows.storage.dll
0x00007ffa8a2e0000 - 0x00007ffa8a3d2000 	C:\WINDOWS\System32\SHCORE.dll
0x00007ffa8a6d0000 - 0x00007ffa8a732000 	C:\WINDOWS\System32\shlwapi.dll
0x00007ffa892d0000 - 0x00007ffa892f9000 	C:\WINDOWS\SYSTEM32\profapi.dll
0x00007ffa647c0000 - 0x00007ffa647d0000 	C:\Program Files\Android\Android Studio\jbr\bin\net.dll
0x00007ffa791d0000 - 0x00007ffa792ef000 	C:\WINDOWS\SYSTEM32\WINHTTP.dll
0x00007ffa886f0000 - 0x00007ffa8875b000 	C:\WINDOWS\system32\mswsock.dll
0x00007ffa62a50000 - 0x00007ffa62a66000 	C:\Program Files\Android\Android Studio\jbr\bin\nio.dll
0x00007ffa5d5d0000 - 0x00007ffa5d5e0000 	C:\Program Files\Android\Android Studio\jbr\bin\verify.dll
0x00007ffa4b760000 - 0x00007ffa4b787000 	C:\Users\produ\.gradle\native\1def1411415f61bf3af743bc5b6707747c0891f09f0c88961ee8f79bc544acac\windows-amd64\native-platform.dll
0x00007ffa2fda0000 - 0x00007ffa2fe18000 	C:\Users\produ\.gradle\native\0.2.7\x86_64-windows-gnu\gradle-fileevents.dll
0x00007ffa62a30000 - 0x00007ffa62a39000 	C:\Program Files\Android\Android Studio\jbr\bin\management.dll
0x00007ffa62910000 - 0x00007ffa6291b000 	C:\Program Files\Android\Android Studio\jbr\bin\management_ext.dll
0x00007ffa8ab20000 - 0x00007ffa8ab28000 	C:\WINDOWS\System32\PSAPI.DLL
0x00007ffa87cf0000 - 0x00007ffa87d24000 	C:\WINDOWS\SYSTEM32\IPHLPAPI.DLL
0x00007ffa8a920000 - 0x00007ffa8a92a000 	C:\WINDOWS\System32\NSI.dll
0x00007ffa62a40000 - 0x00007ffa62a49000 	C:\Program Files\Android\Android Studio\jbr\bin\extnet.dll
0x00007ffa889a0000 - 0x00007ffa889bb000 	C:\WINDOWS\SYSTEM32\CRYPTSP.dll
0x00007ffa880e0000 - 0x00007ffa8811b000 	C:\WINDOWS\system32\rsaenh.dll
0x00007ffa88790000 - 0x00007ffa887bb000 	C:\WINDOWS\SYSTEM32\USERENV.dll
0x00007ffa892a0000 - 0x00007ffa892c6000 	C:\WINDOWS\SYSTEM32\bcrypt.dll
0x00007ffa889c0000 - 0x00007ffa889cc000 	C:\WINDOWS\SYSTEM32\CRYPTBASE.dll
0x00007ffa54c20000 - 0x00007ffa54c28000 	C:\WINDOWS\system32\wshunix.dll

JVMTI agents:
C:\Users\produ\.gradle\wrapper\dists\gradle-8.13-bin\5xuhj0ry160q40clulazy9h7d\gradle-8.13\lib\agents\gradle-instrumentation-agent-8.13.jar path:C:\Program Files\Android\Android Studio\jbr\bin\instrument.dll, loaded, initialized, instrumentlib options:none

dbghelp: loaded successfully - version: 4.0.5 - missing functions: none
symbol engine: initialized successfully - sym options: 0x614 - pdb path: .;C:\Program Files\Android\Android Studio\jbr\bin;C:\WINDOWS\SYSTEM32;C:\WINDOWS\WinSxS\amd64_microsoft.windows.common-controls_6595b64144ccf1df_6.0.26100.6899_none_3e0efeeae32e88c1;C:\Program Files\Android\Android Studio\jbr\bin\server;C:\Users\produ\.gradle\native\1def1411415f61bf3af743bc5b6707747c0891f09f0c88961ee8f79bc544acac\windows-amd64;C:\Users\produ\.gradle\native\0.2.7\x86_64-windows-gnu

VM Arguments:
jvm_args: --add-opens=java.base/java.lang=ALL-UNNAMED --add-opens=java.base/java.lang.invoke=ALL-UNNAMED --add-opens=java.base/java.util=ALL-UNNAMED --add-opens=java.prefs/java.util.prefs=ALL-UNNAMED --add-exports=jdk.compiler/com.sun.tools.javac.api=ALL-UNNAMED --add-exports=jdk.compiler/com.sun.tools.javac.util=ALL-UNNAMED --add-opens=java.base/java.util=ALL-UNNAMED --add-opens=java.prefs/java.util.prefs=ALL-UNNAMED --add-opens=java.base/java.nio.charset=ALL-UNNAMED --add-opens=java.base/java.net=ALL-UNNAMED --add-opens=java.base/java.util.concurrent.atomic=ALL-UNNAMED --add-opens=java.xml/javax.xml.namespace=ALL-UNNAMED -Xmx2048m -Dfile.encoding=UTF-8 -Duser.country=BR -Duser.language=pt -Duser.variant -javaagent:C:\Users\produ\.gradle\wrapper\dists\gradle-8.13-bin\5xuhj0ry160q40clulazy9h7d\gradle-8.13\lib\agents\gradle-instrumentation-agent-8.13.jar 
java_command: org.gradle.launcher.daemon.bootstrap.GradleDaemon 8.13
java_class_path (initial): C:\Users\produ\.gradle\wrapper\dists\gradle-8.13-bin\5xuhj0ry160q40clulazy9h7d\gradle-8.13\lib\gradle-daemon-main-8.13.jar
Launcher Type: SUN_STANDARD

[Global flags]
     intx CICompilerCount                          = 4                                         {product} {ergonomic}
     uint ConcGCThreads                            = 2                                         {product} {ergonomic}
     uint G1ConcRefinementThreads                  = 8                                         {product} {ergonomic}
   size_t G1HeapRegionSize                         = 1048576                                   {product} {ergonomic}
    uintx GCDrainStackTargetSize                   = 64                                        {product} {ergonomic}
   size_t InitialHeapSize                          = 62914560                                  {product} {ergonomic}
   size_t MarkStackSize                            = 4194304                                   {product} {ergonomic}
   size_t MaxHeapSize                              = 2147483648                                {product} {command line}
   size_t MaxNewSize                               = 1287651328                                {product} {ergonomic}
   size_t MinHeapDeltaBytes                        = 1048576                                   {product} {ergonomic}
   size_t MinHeapSize                              = 8388608                                   {product} {ergonomic}
    uintx NonNMethodCodeHeapSize                   = 5839372                                {pd product} {ergonomic}
    uintx NonProfiledCodeHeapSize                  = 122909434                              {pd product} {ergonomic}
    uintx ProfiledCodeHeapSize                     = 122909434                              {pd product} {ergonomic}
    uintx ReservedCodeCacheSize                    = 251658240                              {pd product} {ergonomic}
     bool SegmentedCodeCache                       = true                                      {product} {ergonomic}
   size_t SoftMaxHeapSize                          = 2147483648                             {manageable} {ergonomic}
     bool UseCompressedOops                        = true                           {product lp64_product} {ergonomic}
     bool UseG1GC                                  = true                                      {product} {ergonomic}
     bool UseLargePagesIndividualAllocation        = false                                  {pd product} {ergonomic}

Logging:
Log output configuration:
 #0: stdout all=warning uptime,level,tags foldmultilines=false
 #1: stderr all=off uptime,level,tags foldmultilines=false

Environment Variables:
PATH=C:\WINDOWS\system32;C:\WINDOWS;C:\WINDOWS\System32\Wbem;C:\WINDOWS\System32\WindowsPowerShell\v1.0\;C:\WINDOWS\System32\OpenSSH\;C:\Program Files\cursor\resources\app\bin;C:\Program Files\Git\cmd;C:\Users\produ\AppData\Local\Microsoft\WindowsApps;
USERNAME=produ
OS=Windows_NT
PROCESSOR_IDENTIFIER=Intel64 Family 6 Model 154 Stepping 4, GenuineIntel
TMP=C:\Users\produ\AppData\Local\Temp
TEMP=C:\Users\produ\AppData\Local\Temp




Periodic native trim disabled

JNI global refs:
JNI global refs: 26, weak refs: 5

JNI global refs memory usage: 835, weak refs: 833

Process memory usage:
Resident Set Size: 291048K (7% of 3912184K total physical memory with 348036K free physical memory)

OOME stack traces (most recent first):
Classloader memory used:
Loader org.gradle.internal.classloader.VisitableURLClassLoader                         : 29774K
Loader bootstrap                                                                       : 22878K
Loader org.gradle.initialization.MixInLegacyTypesClassLoader                           : 6905K
Loader org.gradle.internal.classloader.VisitableURLClassLoader                         : 774K
Loader org.gradle.internal.classloader.VisitableURLClassLoader$InstrumentingVisitableURLClassLoader: 586K
Loader jdk.internal.loader.ClassLoaders$PlatformClassLoader                            : 533K
Loader jdk.internal.loader.ClassLoaders$AppClassLoader                                 : 236K
Loader jdk.internal.reflect.DelegatingClassLoader                                      : 189K
Loader org.gradle.groovy.scripts.internal.DefaultScriptCompilationHandler$ScriptClassLoader: 90560B
Loader org.codehaus.groovy.runtime.callsite.CallSiteClassLoader                        : 49968B

Classes loaded by more than one classloader:
Class org.gradle.internal.IoActions                                                   : loaded 3 times (x 71B)
Class org.gradle.api.Action                                                           : loaded 3 times (x 70B)
Class org.gradle.api.GradleException                                                  : loaded 3 times (x 82B)
Class org.gradle.api.UncheckedIOException                                             : loaded 3 times (x 82B)
Class org.gradle.internal.operations.MultipleBuildOperationFailures                   : loaded 2 times (x 95B)
Class org.gradle.internal.classloader.DefaultClassLoaderFactory                       : loaded 2 times (x 82B)
Class kotlin.collections.AbstractList$Companion                                       : loaded 2 times (x 71B)
Class org.gradle.internal.classloader.ClassLoaderVisitor                              : loaded 2 times (x 76B)
Class sync_studio_tooling11751_l5cr8m1ffmh7cex5ojxwrn3t                               : loaded 2 times (x 179B)
Class org.gradle.api.internal.classpath.EffectiveClassPath                            : loaded 2 times (x 90B)
Class org.gradle.api.internal.DefaultClassPathProvider                                : loaded 2 times (x 76B)
Class [Lorg.gradle.api.internal.ClassPathProvider;                                    : loaded 2 times (x 69B)
Class org.gradle.api.internal.ClassPathProvider                                       : loaded 2 times (x 70B)
Class org.gradle.internal.service.UnknownServiceException                             : loaded 2 times (x 83B)
Class org.gradle.internal.classpath.TransformedClassPath                              : loaded 2 times (x 96B)
Class org.gradle.internal.classloader.InstrumentingClassLoader                        : loaded 2 times (x 70B)
Class kotlin.enums.EnumEntriesList                                                    : loaded 2 times (x 223B)
Class org.gradle.internal.service.ServiceLocator                                      : loaded 2 times (x 70B)
Class org.gradle.internal.InternalTransformer                                         : loaded 2 times (x 70B)
Class org.gradle.internal.time.DefaultTimer                                           : loaded 2 times (x 80B)
Class org.gradle.internal.classloader.ClasspathUtil$1                                 : loaded 2 times (x 76B)
Class org.gradle.api.internal.classpath.DefaultModuleRegistry$DefaultModule           : loaded 2 times (x 86B)
Class ijInit7_4tjszpdt9gsvzm21mjafmrntl                                               : loaded 2 times (x 179B)
Class org.gradle.internal.time.DefaultCountdownTimer                                  : loaded 2 times (x 88B)
Class kotlin.Function                                                                 : loaded 2 times (x 70B)
Class org.gradle.api.internal.classpath.Module                                        : loaded 2 times (x 70B)
Class org.gradle.api.internal.classpath.UnknownModuleException                        : loaded 2 times (x 82B)
Class org.gradle.api.internal.DefaultClassPathRegistry                                : loaded 2 times (x 76B)
Class org.gradle.api.internal.ClassPathRegistry                                       : loaded 2 times (x 70B)
Class org.gradle.internal.classpath.DefaultClassPath$ImmutableUniqueList              : loaded 2 times (x 199B)
Class org.gradle.api.internal.classpath.ManifestUtil                                  : loaded 2 times (x 71B)
Class org.gradle.internal.classloader.ClassLoaderHierarchy                            : loaded 2 times (x 70B)
Class kotlin.UninitializedPropertyAccessException                                     : loaded 2 times (x 82B)
Class org.gradle.internal.installation.GradleInstallation$1                           : loaded 2 times (x 75B)
Class org.gradle.api.internal.classpath.ModuleRegistry                                : loaded 2 times (x 70B)
Class org.gradle.api.internal.classpath.DefaultModuleRegistry                         : loaded 2 times (x 86B)
Class org.gradle.util.internal.DefaultGradleVersion$Stage                             : loaded 2 times (x 75B)
Class org.gradle.internal.time.MonotonicClock                                         : loaded 2 times (x 77B)
Class org.gradle.internal.service.ServiceLookupException                              : loaded 2 times (x 82B)
Class org.gradle.internal.classloader.ClassLoaderFactory                              : loaded 2 times (x 70B)
Class org.gradle.internal.service.CachingServiceLocator                               : loaded 2 times (x 82B)
Class org.gradle.internal.time.TimeSource                                             : loaded 2 times (x 70B)
Class kotlin.enums.EnumEntries                                                        : loaded 2 times (x 70B)
Class org.gradle.internal.exceptions.ResolutionProvider                               : loaded 2 times (x 70B)
Class org.gradle.internal.classloader.ClasspathUtil                                   : loaded 2 times (x 71B)
Class org.gradle.internal.time.TimeSource$1                                           : loaded 2 times (x 77B)
Class kotlin.jvm.internal.DefaultConstructorMarker                                    : loaded 2 times (x 71B)
Class org.gradle.api.specs.Spec                                                       : loaded 2 times (x 70B)
Class org.gradle.internal.time.Clock                                                  : loaded 2 times (x 70B)
Class kotlin.collections.AbstractList                                                 : loaded 2 times (x 197B)
Class kotlin.collections.AbstractCollection                                           : loaded 2 times (x 117B)
Class org.gradle.internal.classloader.VisitableURLClassLoader$InstrumentingVisitableURLClassLoader: loaded 2 times (x 123B)
Class org.gradle.internal.classloader.VisitableURLClassLoader$Spec                    : loaded 2 times (x 74B)
Class org.gradle.internal.classpath.DefaultClassPath                                  : loaded 2 times (x 90B)
Class org.gradle.util.internal.DefaultGradleVersion                                   : loaded 2 times (x 80B)
Class org.gradle.internal.classloader.ClassLoaderSpec                                 : loaded 2 times (x 71B)
Class kotlin.Unit                                                                     : loaded 2 times (x 71B)
Class org.gradle.internal.classloader.VisitableURLClassLoader                         : loaded 2 times (x 117B)
Class org.gradle.internal.classloader.FilteringClassLoader                            : loaded 2 times (x 105B)
Class org.gradle.internal.Cast                                                        : loaded 2 times (x 71B)
Class kotlin.jvm.functions.Function1                                                  : loaded 2 times (x 70B)
Class org.gradle.internal.classpath.DefaultClassPath$ImmutableUniqueList$Builder      : loaded 2 times (x 75B)
Class org.gradle.internal.classpath.ClassPath                                         : loaded 2 times (x 70B)
Class org.gradle.internal.exceptions.NonGradleCauseExceptionsHolder                   : loaded 2 times (x 70B)
Class org.jetbrains.plugins.gradle.tooling.ModelBuilderService$Parameter              : loaded 2 times (x 70B)
Class kotlin.NotImplementedError                                                      : loaded 2 times (x 82B)
Class kotlin.enums.EnumEntriesKt                                                      : loaded 2 times (x 71B)
Class org.gradle.internal.classloader.SystemClassLoaderSpec                           : loaded 2 times (x 71B)
Class org.gradle.internal.exceptions.MultiCauseException                              : loaded 2 times (x 70B)
Class org.gradle.internal.time.CountdownTimer                                         : loaded 2 times (x 70B)
Class kotlin.jvm.internal.Intrinsics                                                  : loaded 2 times (x 71B)
Class org.gradle.tooling.model.ProjectModel                                           : loaded 2 times (x 70B)
Class kotlin.KotlinNullPointerException                                               : loaded 2 times (x 83B)
Class org.gradle.internal.exceptions.DefaultMultiCauseException                       : loaded 2 times (x 95B)
Class org.gradle.internal.time.Time                                                   : loaded 2 times (x 71B)
Class org.gradle.api.internal.classpath.GlobalCacheRootsProvider                      : loaded 2 times (x 70B)
Class org.gradle.internal.time.Timer                                                  : loaded 2 times (x 70B)
Class kotlin.jvm.internal.markers.KMappedMarker                                       : loaded 2 times (x 70B)
Class org.gradle.internal.installation.CurrentGradleInstallationLocator               : loaded 2 times (x 71B)
Class org.gradle.internal.service.DefaultServiceLocator                               : loaded 2 times (x 83B)
Class org.gradle.util.GradleVersion                                                   : loaded 2 times (x 79B)
Class org.gradle.internal.installation.CurrentGradleInstallation                      : loaded 2 times (x 73B)
Class org.gradle.util.internal.GUtil                                                  : loaded 2 times (x 71B)
Class org.gradle.internal.installation.GradleInstallation                             : loaded 2 times (x 75B)

---------------  S Y S T E M  ---------------

OS:
 Windows 11 , 64 bit Build 26100 (10.0.26100.6725)
OS uptime: 0 days 5:11 hours

CPU: total 8 (initial active 8) (4 cores per cpu, 2 threads per core) family 6 model 154 stepping 4 microcode 0x435, cx8, cmov, fxsr, ht, mmx, 3dnowpref, sse, sse2, sse3, ssse3, sse4.1, sse4.2, popcnt, lzcnt, tsc, tscinvbit, avx, avx2, aes, erms, clmul, bmi1, bmi2, adx, sha, fma, vzeroupper, clflush, clflushopt, clwb, serialize, rdtscp, rdpid, fsrm, f16c, pku, cet_ibt, cet_ss
Processor Information for processor 0
  Max Mhz: 1200, Current Mhz: 1200, Mhz Limit: 1200
Processor Information for processor 1
  Max Mhz: 1200, Current Mhz: 1200, Mhz Limit: 1200
Processor Information for processor 2
  Max Mhz: 1200, Current Mhz: 1200, Mhz Limit: 1200
Processor Information for processor 3
  Max Mhz: 1200, Current Mhz: 1200, Mhz Limit: 1200
Processor Information for processor 4
  Max Mhz: 900, Current Mhz: 900, Mhz Limit: 900
Processor Information for processor 5
  Max Mhz: 900, Current Mhz: 900, Mhz Limit: 900
Processor Information for processor 6
  Max Mhz: 900, Current Mhz: 900, Mhz Limit: 900
Processor Information for processor 7
  Max Mhz: 900, Current Mhz: 900, Mhz Limit: 900

Memory: 4k page, system-wide physical 3820M (340M free)
TotalPageFile size 14060M (AvailPageFile size 13M)
current process WorkingSet (physical memory assigned to process): 284M, peak: 284M
current process commit charge ("private bytes"): 362M, peak: 386M

vm_info: OpenJDK 64-Bit Server VM (21.0.8+-14196175-b1038.72) for windows-amd64 JRE (21.0.8+-14196175-b1038.72), built on 2025-10-01T10:24:33Z by "builder" with MS VC++ 16.10 / 16.11 (VS2019)

END.
